INFO _internal.py:88  * Restarting with stat
WARNING _internal.py:88  * Debugger is active!
INFO _internal.py:88  * Debugger PIN: 439-335-543
INFO _internal.py:88  * Running on http://127.0.0.1:5000/ (Press CTRL+C to quit)
INFO _internal.py:88 127.0.0.1 - - [10/Sep/2018 15:12:12] "GET / HTTP/1.1" 200 -
INFO _internal.py:88 127.0.0.1 - - [10/Sep/2018 15:12:12] "GET /user_count.html HTTP/1.1" 404 -
INFO _internal.py:88 127.0.0.1 - - [10/Sep/2018 15:12:12] "GET /favicon.ico HTTP/1.1" 404 -
INFO _internal.py:88  * Restarting with stat
WARNING _internal.py:88  * Debugger is active!
INFO _internal.py:88  * Debugger PIN: 439-335-543
INFO _internal.py:88  * Running on http://127.0.0.1:5000/ (Press CTRL+C to quit)
INFO _internal.py:88 127.0.0.1 - - [10/Sep/2018 15:59:44] "GET / HTTP/1.1" 200 -
INFO _internal.py:88 127.0.0.1 - - [10/Sep/2018 15:59:45] "GET /user_count.html HTTP/1.1" 404 -
INFO _internal.py:88  * Restarting with stat
WARNING _internal.py:88  * Debugger is active!
INFO _internal.py:88  * Debugger PIN: 439-335-543
INFO _internal.py:88  * Running on http://127.0.0.1:5000/ (Press CTRL+C to quit)
INFO _internal.py:88 127.0.0.1 - - [10/Sep/2018 16:11:30] "GET / HTTP/1.1" 200 -
INFO _internal.py:88 127.0.0.1 - - [10/Sep/2018 16:11:30] "GET /static/news/css/reset.css HTTP/1.1" 304 -
INFO _internal.py:88 127.0.0.1 - - [10/Sep/2018 16:11:30] "GET /static/news/css/main.css HTTP/1.1" 304 -
INFO _internal.py:88 127.0.0.1 - - [10/Sep/2018 16:11:30] "GET /static/news/js/jquery-1.12.4.min.js HTTP/1.1" 304 -
INFO _internal.py:88 127.0.0.1 - - [10/Sep/2018 16:11:30] "GET /static/news/js/main.js HTTP/1.1" 304 -
INFO _internal.py:88 127.0.0.1 - - [10/Sep/2018 16:11:30] "GET /static/news/js/index.js HTTP/1.1" 304 -
INFO _internal.py:88 127.0.0.1 - - [10/Sep/2018 16:11:30] "GET /static/news/images/logo.png HTTP/1.1" 304 -
INFO _internal.py:88 127.0.0.1 - - [10/Sep/2018 16:11:30] "GET /static/news/images/person01.png HTTP/1.1" 304 -
INFO _internal.py:88 127.0.0.1 - - [10/Sep/2018 16:11:30] "GET /static/news/images/news_pic.jpg HTTP/1.1" 304 -
INFO _internal.py:88 127.0.0.1 - - [10/Sep/2018 16:11:30] "GET /static/news/images/person.png HTTP/1.1" 304 -
INFO _internal.py:88 127.0.0.1 - - [10/Sep/2018 16:11:30] "GET /static/news/images/pic_code.png HTTP/1.1" 304 -
INFO _internal.py:88 127.0.0.1 - - [10/Sep/2018 16:11:30] "GET /static/news/images/hit_icon.png HTTP/1.1" 304 -
INFO _internal.py:88 127.0.0.1 - - [10/Sep/2018 16:11:30] "GET /static/news/images/clock.png HTTP/1.1" 304 -
INFO _internal.py:88 127.0.0.1 - - [10/Sep/2018 16:11:35] "GET / HTTP/1.1" 200 -
INFO _internal.py:88 127.0.0.1 - - [10/Sep/2018 16:11:40] "GET /news HTTP/1.1" 200 -
INFO _internal.py:88  * Restarting with stat
WARNING _internal.py:88  * Debugger is active!
INFO _internal.py:88  * Debugger PIN: 439-335-543
INFO _internal.py:88  * Running on http://127.0.0.1:5000/ (Press CTRL+C to quit)
INFO _internal.py:88 127.0.0.1 - - [10/Sep/2018 16:11:52] "GET / HTTP/1.1" 200 -
INFO _internal.py:88 127.0.0.1 - - [10/Sep/2018 16:11:59] "GET /static/news/images/shutoff.png HTTP/1.1" 200 -
INFO _internal.py:88  * Restarting with stat
WARNING _internal.py:88  * Debugger is active!
INFO _internal.py:88  * Debugger PIN: 439-335-543
INFO _internal.py:88  * Running on http://127.0.0.1:5000/ (Press CTRL+C to quit)
INFO _internal.py:88 127.0.0.1 - - [10/Sep/2018 17:01:50] "GET / HTTP/1.1" 200 -
INFO _internal.py:88  * Restarting with stat
WARNING _internal.py:88  * Debugger is active!
INFO _internal.py:88  * Debugger PIN: 439-335-543
INFO _internal.py:88  * Running on http://127.0.0.1:5000/ (Press CTRL+C to quit)
INFO _internal.py:88 127.0.0.1 - - [10/Sep/2018 17:16:04] "GET / HTTP/1.1" 200 -
INFO _internal.py:88  * Restarting with stat
WARNING _internal.py:88  * Debugger is active!
INFO _internal.py:88  * Debugger PIN: 439-335-543
INFO _internal.py:88  * Running on http://127.0.0.1:5000/ (Press CTRL+C to quit)
INFO _internal.py:88 127.0.0.1 - - [10/Sep/2018 17:17:27] "GET / HTTP/1.1" 200 -
INFO _internal.py:88 127.0.0.1 - - [10/Sep/2018 17:17:29] "GET /admin/ HTTP/1.1" 404 -
INFO _internal.py:88  * Restarting with stat
WARNING _internal.py:88  * Debugger is active!
INFO _internal.py:88  * Debugger PIN: 439-335-543
INFO _internal.py:88  * Running on http://127.0.0.1:5000/ (Press CTRL+C to quit)
INFO _internal.py:88 127.0.0.1 - - [10/Sep/2018 17:19:51] "GET /admin/ HTTP/1.1" 404 -
INFO _internal.py:88 127.0.0.1 - - [10/Sep/2018 17:19:58] "GET /admin/ HTTP/1.1" 404 -
INFO _internal.py:88  * Restarting with stat
WARNING _internal.py:88  * Debugger is active!
INFO _internal.py:88  * Debugger PIN: 439-335-543
INFO _internal.py:88  * Running on http://127.0.0.1:5000/ (Press CTRL+C to quit)
INFO _internal.py:88 127.0.0.1 - - [10/Sep/2018 17:21:25] "GET / HTTP/1.1" 200 -
INFO _internal.py:88 127.0.0.1 - - [10/Sep/2018 17:21:31] "GET /admin/ HTTP/1.1" 404 -
INFO _internal.py:88 127.0.0.1 - - [10/Sep/2018 17:22:07] "GET /news HTTP/1.1" 200 -
INFO _internal.py:88  * Restarting with stat
WARNING _internal.py:88  * Debugger is active!
INFO _internal.py:88  * Debugger PIN: 439-335-543
INFO _internal.py:88  * Running on http://127.0.0.1:5000/ (Press CTRL+C to quit)
INFO _internal.py:88 127.0.0.1 - - [10/Sep/2018 17:23:42] "GET / HTTP/1.1" 200 -
INFO _internal.py:88 127.0.0.1 - - [10/Sep/2018 17:23:48] "GET /admin/ HTTP/1.1" 404 -
INFO _internal.py:88  * Detected change in 'G:\\github_repository\\xjzx11\\project_xjzx\\info\\modules\\admin\\views.py', reloading
INFO _internal.py:88  * Restarting with stat
INFO _internal.py:88  * Restarting with stat
WARNING _internal.py:88  * Debugger is active!
INFO _internal.py:88  * Debugger PIN: 439-335-543
INFO _internal.py:88  * Running on http://127.0.0.1:5000/ (Press CTRL+C to quit)
WARNING _internal.py:88  * Debugger is active!
INFO _internal.py:88  * Debugger PIN: 439-335-543
INFO _internal.py:88  * Running on http://127.0.0.1:5000/ (Press CTRL+C to quit)
INFO _internal.py:88  * Restarting with stat
WARNING _internal.py:88  * Debugger is active!
INFO _internal.py:88  * Debugger PIN: 439-335-543
INFO _internal.py:88  * Running on http://127.0.0.1:5000/ (Press CTRL+C to quit)
INFO _internal.py:88 127.0.0.1 - - [10/Sep/2018 17:25:26] "GET /admin/ HTTP/1.1" 404 -
INFO _internal.py:88  * Detected change in 'G:\\github_repository\\xjzx11\\project_xjzx\\info\\modules\\admin\\views.py', reloading
INFO _internal.py:88  * Restarting with stat
WARNING _internal.py:88  * Debugger is active!
INFO _internal.py:88  * Debugger PIN: 439-335-543
INFO _internal.py:88  * Running on http://127.0.0.1:5000/ (Press CTRL+C to quit)
INFO _internal.py:88 127.0.0.1 - - [10/Sep/2018 17:25:40] "GET /admin/ HTTP/1.1" 404 -
INFO _internal.py:88  * Restarting with stat
WARNING _internal.py:88  * Debugger is active!
INFO _internal.py:88  * Debugger PIN: 439-335-543
INFO _internal.py:88  * Running on http://127.0.0.1:5000/ (Press CTRL+C to quit)
INFO _internal.py:88 127.0.0.1 - - [10/Sep/2018 17:25:45] "GET /admin/ HTTP/1.1" 404 -
INFO _internal.py:88  * Restarting with stat
WARNING _internal.py:88  * Debugger is active!
INFO _internal.py:88  * Debugger PIN: 439-335-543
INFO _internal.py:88  * Running on http://127.0.0.1:5000/ (Press CTRL+C to quit)
INFO _internal.py:88 127.0.0.1 - - [10/Sep/2018 17:26:39] "GET /admin/ HTTP/1.1" 404 -
INFO _internal.py:88  * Restarting with stat
WARNING _internal.py:88  * Debugger is active!
INFO _internal.py:88  * Debugger PIN: 439-335-543
INFO _internal.py:88  * Running on http://127.0.0.1:5000/ (Press CTRL+C to quit)
INFO _internal.py:88 127.0.0.1 - - [10/Sep/2018 17:30:49] "GET / HTTP/1.1" 200 -
INFO _internal.py:88 127.0.0.1 - - [10/Sep/2018 17:30:56] "GET /passport HTTP/1.1" 200 -
INFO _internal.py:88 127.0.0.1 - - [10/Sep/2018 17:30:58] "GET /admin/ HTTP/1.1" 404 -
INFO _internal.py:88  * Restarting with stat
WARNING _internal.py:88  * Debugger is active!
INFO _internal.py:88  * Debugger PIN: 439-335-543
INFO _internal.py:88  * Running on http://127.0.0.1:5000/ (Press CTRL+C to quit)
INFO _internal.py:88 127.0.0.1 - - [10/Sep/2018 17:33:31] "GET /admin/ HTTP/1.1" 404 -
INFO _internal.py:88  * Restarting with stat
WARNING _internal.py:88  * Debugger is active!
INFO _internal.py:88  * Debugger PIN: 439-335-543
INFO _internal.py:88  * Running on http://127.0.0.1:5000/ (Press CTRL+C to quit)
INFO _internal.py:88 127.0.0.1 - - [10/Sep/2018 17:34:18] "GET /admin/ HTTP/1.1" 404 -
INFO _internal.py:88  * Restarting with stat
WARNING _internal.py:88  * Debugger is active!
INFO _internal.py:88  * Debugger PIN: 439-335-543
INFO _internal.py:88  * Running on http://127.0.0.1:5000/ (Press CTRL+C to quit)
INFO _internal.py:88 127.0.0.1 - - [10/Sep/2018 17:35:45] "GET /admin/ HTTP/1.1" 404 -
INFO _internal.py:88  * Restarting with stat
INFO _internal.py:88  * Restarting with stat
WARNING _internal.py:88  * Debugger is active!
INFO _internal.py:88  * Debugger PIN: 439-335-543
INFO _internal.py:88  * Running on http://127.0.0.1:5000/ (Press CTRL+C to quit)
INFO _internal.py:88 127.0.0.1 - - [10/Sep/2018 17:40:30] "GET /admin/ HTTP/1.1" 404 -
INFO _internal.py:88  * Restarting with stat
WARNING _internal.py:88  * Debugger is active!
INFO _internal.py:88  * Debugger PIN: 439-335-543
INFO _internal.py:88  * Running on http://127.0.0.1:5000/ (Press CTRL+C to quit)
INFO _internal.py:88 127.0.0.1 - - [10/Sep/2018 18:23:40] "GET /admin/ HTTP/1.1" 404 -
INFO _internal.py:88  * Restarting with stat
WARNING _internal.py:88  * Debugger is active!
INFO _internal.py:88  * Debugger PIN: 439-335-543
INFO _internal.py:88  * Running on http://127.0.0.1:5000/ (Press CTRL+C to quit)
INFO _internal.py:88 127.0.0.1 - - [10/Sep/2018 18:24:08] "GET / HTTP/1.1" 200 -
INFO _internal.py:88 127.0.0.1 - - [10/Sep/2018 18:24:08] "GET /user_count.html HTTP/1.1" 404 -
INFO _internal.py:88  * Restarting with stat
WARNING _internal.py:88  * Debugger is active!
INFO _internal.py:88  * Debugger PIN: 439-335-543
INFO _internal.py:88  * Running on http://127.0.0.1:5000/ (Press CTRL+C to quit)
INFO _internal.py:88 127.0.0.1 - - [10/Sep/2018 18:25:51] "GET /admin/ HTTP/1.1" 404 -
INFO _internal.py:88  * Detected change in 'G:\\github_repository\\xjzx11\\project_xjzx\\info\\modules\\admin\\views.py', reloading
INFO _internal.py:88  * Restarting with stat
WARNING _internal.py:88  * Debugger is active!
INFO _internal.py:88  * Debugger PIN: 439-335-543
INFO _internal.py:88  * Running on http://127.0.0.1:5000/ (Press CTRL+C to quit)
INFO _internal.py:88  * Restarting with stat
WARNING _internal.py:88  * Debugger is active!
INFO _internal.py:88  * Debugger PIN: 439-335-543
INFO _internal.py:88  * Running on http://127.0.0.1:5000/ (Press CTRL+C to quit)
INFO _internal.py:88 127.0.0.1 - - [10/Sep/2018 18:26:17] "GET /adminss HTTP/1.1" 200 -
INFO _internal.py:88  * Detected change in 'G:\\github_repository\\xjzx11\\project_xjzx\\info\\modules\\admin\\views.py', reloading
INFO _internal.py:88  * Restarting with stat
INFO _internal.py:88  * Restarting with stat
WARNING _internal.py:88  * Debugger is active!
INFO _internal.py:88  * Debugger PIN: 439-335-543
INFO _internal.py:88  * Running on http://127.0.0.1:5000/ (Press CTRL+C to quit)
INFO _internal.py:88 127.0.0.1 - - [10/Sep/2018 18:26:48] "GET /admins HTTP/1.1" 200 -
INFO _internal.py:88 127.0.0.1 - - [10/Sep/2018 18:26:49] "GET /user_count.html HTTP/1.1" 404 -
INFO _internal.py:88  * Restarting with stat
WARNING _internal.py:88  * Debugger is active!
INFO _internal.py:88  * Debugger PIN: 439-335-543
INFO _internal.py:88  * Running on http://127.0.0.1:5000/ (Press CTRL+C to quit)
INFO _internal.py:88 127.0.0.1 - - [10/Sep/2018 19:53:36] "GET / HTTP/1.1" 200 -
INFO _internal.py:88 127.0.0.1 - - [10/Sep/2018 19:53:37] "GET /user/image_code?1 HTTP/1.1" 404 -
INFO _internal.py:88 127.0.0.1 - - [10/Sep/2018 19:53:37] "GET /favicon.ico HTTP/1.1" 404 -
INFO _internal.py:88  * Restarting with stat
INFO _internal.py:88  * Restarting with stat
WARNING _internal.py:88  * Debugger is active!
INFO _internal.py:88  * Debugger PIN: 439-335-543
INFO _internal.py:88  * Running on http://127.0.0.1:5000/ (Press CTRL+C to quit)
INFO _internal.py:88 127.0.0.1 - - [10/Sep/2018 19:55:47] "GET / HTTP/1.1" 200 -
INFO _internal.py:88 127.0.0.1 - - [10/Sep/2018 19:55:47] "GET /user/image_code?1 HTTP/1.1" 404 -
INFO _internal.py:88  * Restarting with stat
WARNING _internal.py:88  * Debugger is active!
INFO _internal.py:88  * Debugger PIN: 439-335-543
INFO _internal.py:88  * Running on http://127.0.0.1:5000/ (Press CTRL+C to quit)
INFO _internal.py:88 127.0.0.1 - - [10/Sep/2018 19:58:00] "GET / HTTP/1.1" 200 -
INFO _internal.py:88 127.0.0.1 - - [10/Sep/2018 19:58:00] "GET /user/image_code?1 HTTP/1.1" 404 -
INFO _internal.py:88  * Restarting with stat
WARNING _internal.py:88  * Debugger is active!
INFO _internal.py:88  * Debugger PIN: 439-335-543
INFO _internal.py:88  * Running on http://127.0.0.1:5000/ (Press CTRL+C to quit)
INFO _internal.py:88 127.0.0.1 - - [10/Sep/2018 19:58:43] "GET / HTTP/1.1" 200 -
INFO _internal.py:88 127.0.0.1 - - [10/Sep/2018 19:58:44] "GET /passport/image_code?1 HTTP/1.1" 500 -
INFO _internal.py:88  * Restarting with stat
WARNING _internal.py:88  * Debugger is active!
INFO _internal.py:88  * Debugger PIN: 439-335-543
INFO _internal.py:88  * Running on http://127.0.0.1:5000/ (Press CTRL+C to quit)
INFO _internal.py:88 127.0.0.1 - - [10/Sep/2018 19:58:59] "GET / HTTP/1.1" 200 -
INFO _internal.py:88 127.0.0.1 - - [10/Sep/2018 19:58:59] "GET /passport/image_code?1 HTTP/1.1" 500 -
INFO _internal.py:88  * Restarting with stat
WARNING _internal.py:88  * Debugger is active!
INFO _internal.py:88  * Debugger PIN: 439-335-543
INFO _internal.py:88  * Running on http://127.0.0.1:5000/ (Press CTRL+C to quit)
INFO _internal.py:88 127.0.0.1 - - [10/Sep/2018 20:09:57] "GET / HTTP/1.1" 200 -
INFO _internal.py:88 127.0.0.1 - - [10/Sep/2018 20:09:57] "GET /user/image_code?1 HTTP/1.1" 404 -
INFO _internal.py:88  * Restarting with stat
WARNING _internal.py:88  * Debugger is active!
INFO _internal.py:88  * Debugger PIN: 439-335-543
INFO _internal.py:88  * Running on http://127.0.0.1:5000/ (Press CTRL+C to quit)
INFO _internal.py:88 127.0.0.1 - - [10/Sep/2018 20:11:01] "GET / HTTP/1.1" 200 -
INFO _internal.py:88 127.0.0.1 - - [10/Sep/2018 20:11:01] "GET /user/image_code?1 HTTP/1.1" 404 -
INFO _internal.py:88  * Restarting with stat
WARNING _internal.py:88  * Debugger is active!
INFO _internal.py:88  * Debugger PIN: 439-335-543
INFO _internal.py:88  * Running on http://127.0.0.1:5000/ (Press CTRL+C to quit)
INFO _internal.py:88 127.0.0.1 - - [10/Sep/2018 20:16:28] "GET / HTTP/1.1" 200 -
INFO _internal.py:88 127.0.0.1 - - [10/Sep/2018 20:16:28] "GET /user/image_code?1 HTTP/1.1" 200 -
INFO _internal.py:88 127.0.0.1 - - [10/Sep/2018 20:16:37] "GET / HTTP/1.1" 200 -
INFO _internal.py:88 127.0.0.1 - - [10/Sep/2018 20:16:37] "GET /user/image_code?1 HTTP/1.1" 200 -
INFO _internal.py:88  * Restarting with stat
WARNING _internal.py:88  * Debugger is active!
INFO _internal.py:88  * Debugger PIN: 439-335-543
INFO _internal.py:88  * Running on http://127.0.0.1:5000/ (Press CTRL+C to quit)
INFO _internal.py:88 127.0.0.1 - - [10/Sep/2018 20:17:40] "GET / HTTP/1.1" 200 -
INFO _internal.py:88 127.0.0.1 - - [10/Sep/2018 20:17:40] "GET /user/image_code?1 HTTP/1.1" 200 -
INFO _internal.py:88 127.0.0.1 - - [10/Sep/2018 20:17:44] "GET / HTTP/1.1" 200 -
INFO _internal.py:88 127.0.0.1 - - [10/Sep/2018 20:17:44] "GET /user/image_code?1 HTTP/1.1" 200 -
INFO _internal.py:88  * Restarting with stat
WARNING _internal.py:88  * Debugger is active!
INFO _internal.py:88  * Debugger PIN: 439-335-543
INFO _internal.py:88  * Running on http://127.0.0.1:5000/ (Press CTRL+C to quit)
INFO _internal.py:88 127.0.0.1 - - [10/Sep/2018 20:48:34] "GET / HTTP/1.1" 200 -
INFO _internal.py:88 127.0.0.1 - - [10/Sep/2018 20:48:34] "GET /user/image_code?1 HTTP/1.1" 200 -
INFO _internal.py:88  * Restarting with stat
WARNING _internal.py:88  * Debugger is active!
INFO _internal.py:88  * Debugger PIN: 439-335-543
INFO _internal.py:88  * Running on http://127.0.0.1:5000/ (Press CTRL+C to quit)
INFO _internal.py:88 127.0.0.1 - - [10/Sep/2018 20:48:59] "GET / HTTP/1.1" 200 -
INFO _internal.py:88 127.0.0.1 - - [10/Sep/2018 20:48:59] "GET /user/image_code?1 HTTP/1.1" 200 -
INFO _internal.py:88  * Restarting with stat
WARNING _internal.py:88  * Debugger is active!
INFO _internal.py:88  * Debugger PIN: 439-335-543
INFO _internal.py:88  * Running on http://127.0.0.1:5000/ (Press CTRL+C to quit)
INFO _internal.py:88 127.0.0.1 - - [10/Sep/2018 20:51:01] "GET / HTTP/1.1" 200 -
INFO _internal.py:88 127.0.0.1 - - [10/Sep/2018 20:51:01] "GET /user/image_code?1 HTTP/1.1" 200 -
INFO _internal.py:88 127.0.0.1 - - [10/Sep/2018 20:51:31] "GET / HTTP/1.1" 200 -
INFO _internal.py:88 127.0.0.1 - - [10/Sep/2018 20:51:31] "GET /user/image_code?1 HTTP/1.1" 200 -
INFO _internal.py:88  * Restarting with stat
WARNING _internal.py:88  * Debugger is active!
INFO _internal.py:88  * Debugger PIN: 439-335-543
INFO _internal.py:88  * Running on http://127.0.0.1:5000/ (Press CTRL+C to quit)
INFO _internal.py:88 127.0.0.1 - - [10/Sep/2018 20:56:34] "GET / HTTP/1.1" 200 -
INFO _internal.py:88 127.0.0.1 - - [10/Sep/2018 20:56:35] "GET /user/image_code?1 HTTP/1.1" 200 -
INFO _internal.py:88  * Restarting with stat
WARNING _internal.py:88  * Debugger is active!
INFO _internal.py:88  * Debugger PIN: 439-335-543
INFO _internal.py:88  * Running on http://127.0.0.1:5000/ (Press CTRL+C to quit)
INFO _internal.py:88 127.0.0.1 - - [10/Sep/2018 21:03:09] "GET / HTTP/1.1" 200 -
INFO _internal.py:88 127.0.0.1 - - [10/Sep/2018 21:03:09] "GET /user/image_code?1 HTTP/1.1" 200 -
INFO _internal.py:88  * Restarting with stat
WARNING _internal.py:88  * Debugger is active!
INFO _internal.py:88  * Debugger PIN: 439-335-543
INFO _internal.py:88  * Running on http://127.0.0.1:5000/ (Press CTRL+C to quit)
INFO _internal.py:88 127.0.0.1 - - [10/Sep/2018 21:04:18] "GET / HTTP/1.1" 200 -
INFO _internal.py:88 127.0.0.1 - - [10/Sep/2018 21:04:18] "GET /user/image_code?1 HTTP/1.1" 500 -
INFO _internal.py:88  * Detected change in 'G:\\github_repository\\xjzx11\\project_xjzx\\info\\modules\\users\\views.py', reloading
INFO _internal.py:88  * Restarting with stat
WARNING _internal.py:88  * Debugger is active!
INFO _internal.py:88  * Debugger PIN: 439-335-543
INFO _internal.py:88  * Running on http://127.0.0.1:5000/ (Press CTRL+C to quit)
INFO _internal.py:88  * Restarting with stat
WARNING _internal.py:88  * Debugger is active!
INFO _internal.py:88  * Debugger PIN: 439-335-543
INFO _internal.py:88  * Running on http://127.0.0.1:5000/ (Press CTRL+C to quit)
INFO _internal.py:88 127.0.0.1 - - [10/Sep/2018 21:04:31] "GET / HTTP/1.1" 200 -
INFO _internal.py:88 127.0.0.1 - - [10/Sep/2018 21:04:31] "GET /user/image_code?1 HTTP/1.1" 200 -
INFO _internal.py:88  * Restarting with stat
WARNING _internal.py:88  * Debugger is active!
INFO _internal.py:88  * Debugger PIN: 439-335-543
INFO _internal.py:88  * Running on http://127.0.0.1:5000/ (Press CTRL+C to quit)
INFO _internal.py:88 127.0.0.1 - - [10/Sep/2018 21:04:43] "GET / HTTP/1.1" 200 -
INFO _internal.py:88 127.0.0.1 - - [10/Sep/2018 21:04:43] "GET /user/image_code?1 HTTP/1.1" 200 -
INFO _internal.py:88  * Detected change in 'G:\\github_repository\\xjzx11\\project_xjzx\\info\\modules\\users\\views.py', reloading
INFO _internal.py:88  * Restarting with stat
WARNING _internal.py:88  * Debugger is active!
INFO _internal.py:88  * Debugger PIN: 439-335-543
INFO _internal.py:88  * Running on http://127.0.0.1:5000/ (Press CTRL+C to quit)
INFO _internal.py:88 127.0.0.1 - - [10/Sep/2018 21:05:51] "GET / HTTP/1.1" 200 -
INFO _internal.py:88 127.0.0.1 - - [10/Sep/2018 21:05:51] "GET /user/image_code?1 HTTP/1.1" 200 -
INFO _internal.py:88  * Detected change in 'G:\\github_repository\\xjzx11\\project_xjzx\\info\\modules\\users\\views.py', reloading
INFO _internal.py:88  * Restarting with stat
WARNING _internal.py:88  * Debugger is active!
INFO _internal.py:88  * Debugger PIN: 439-335-543
INFO _internal.py:88  * Running on http://127.0.0.1:5000/ (Press CTRL+C to quit)
INFO _internal.py:88  * Detected change in 'G:\\github_repository\\xjzx11\\project_xjzx\\info\\modules\\users\\views.py', reloading
INFO _internal.py:88  * Restarting with stat
INFO _internal.py:88  * Running on http://127.0.0.1:5000/ (Press CTRL+C to quit)
INFO _internal.py:88 127.0.0.1 - - [10/Sep/2018 21:27:22] "GET / HTTP/1.1" 200 -
INFO _internal.py:88 127.0.0.1 - - [10/Sep/2018 21:27:22] "GET /user/image_code?1 HTTP/1.1" 200 -
INFO _internal.py:88 127.0.0.1 - - [10/Sep/2018 21:27:44] "GET / HTTP/1.1" 200 -
INFO _internal.py:88 127.0.0.1 - - [10/Sep/2018 21:27:44] "GET /user/image_code?1 HTTP/1.1" 200 -
INFO _internal.py:88  * Running on http://127.0.0.1:5000/ (Press CTRL+C to quit)
INFO _internal.py:88  * Running on http://127.0.0.1:5000/ (Press CTRL+C to quit)
INFO _internal.py:88  * Running on http://127.0.0.1:5000/ (Press CTRL+C to quit)
ERROR app.py:1761 Exception on / [GET]
Traceback (most recent call last):
  File "G:\python_virtualenv\flask3_venv\lib\site-packages\redis\connection.py", line 484, in connect
    sock = self._connect()
  File "G:\python_virtualenv\flask3_venv\lib\site-packages\redis\connection.py", line 541, in _connect
    raise err
  File "G:\python_virtualenv\flask3_venv\lib\site-packages\redis\connection.py", line 529, in _connect
    sock.connect(socket_address)
TimeoutError: [WinError 10060] 由于连接方在一段时间后没有正确答复或连接的主机没有反应，连接尝试失败。

During handling of the above exception, another exception occurred:

Traceback (most recent call last):
  File "G:\python_virtualenv\flask3_venv\lib\site-packages\redis\client.py", line 667, in execute_command
    connection.send_command(*args)
  File "G:\python_virtualenv\flask3_venv\lib\site-packages\redis\connection.py", line 610, in send_command
    self.send_packed_command(self.pack_command(*args))
  File "G:\python_virtualenv\flask3_venv\lib\site-packages\redis\connection.py", line 585, in send_packed_command
    self.connect()
  File "G:\python_virtualenv\flask3_venv\lib\site-packages\redis\connection.py", line 489, in connect
    raise ConnectionError(self._error_message(e))
redis.exceptions.ConnectionError: Error 10060 connecting to 192.168.15.131:6379. 由于连接方在一段时间后没有正确答复或连接的主机没有反应，连接尝试失败。.

During handling of the above exception, another exception occurred:

Traceback (most recent call last):
  File "G:\python_virtualenv\flask3_venv\lib\site-packages\redis\connection.py", line 484, in connect
    sock = self._connect()
  File "G:\python_virtualenv\flask3_venv\lib\site-packages\redis\connection.py", line 541, in _connect
    raise err
  File "G:\python_virtualenv\flask3_venv\lib\site-packages\redis\connection.py", line 529, in _connect
    sock.connect(socket_address)
TimeoutError: [WinError 10060] 由于连接方在一段时间后没有正确答复或连接的主机没有反应，连接尝试失败。

During handling of the above exception, another exception occurred:

Traceback (most recent call last):
  File "G:\python_virtualenv\flask3_venv\lib\site-packages\flask\app.py", line 2291, in wsgi_app
    ctx.push()
  File "G:\python_virtualenv\flask3_venv\lib\site-packages\flask\ctx.py", line 377, in push
    self.app, self.request
  File "G:\python_virtualenv\flask3_venv\lib\site-packages\flask_session\sessions.py", line 132, in open_session
    val = self.redis.get(self.key_prefix + sid)
  File "G:\python_virtualenv\flask3_venv\lib\site-packages\redis\client.py", line 976, in get
    return self.execute_command('GET', name)
  File "G:\python_virtualenv\flask3_venv\lib\site-packages\redis\client.py", line 673, in execute_command
    connection.send_command(*args)
  File "G:\python_virtualenv\flask3_venv\lib\site-packages\redis\connection.py", line 610, in send_command
    self.send_packed_command(self.pack_command(*args))
  File "G:\python_virtualenv\flask3_venv\lib\site-packages\redis\connection.py", line 585, in send_packed_command
    self.connect()
  File "G:\python_virtualenv\flask3_venv\lib\site-packages\redis\connection.py", line 489, in connect
    raise ConnectionError(self._error_message(e))
redis.exceptions.ConnectionError: Error 10060 connecting to 192.168.15.131:6379. 由于连接方在一段时间后没有正确答复或连接的主机没有反应，连接尝试失败。.
INFO _internal.py:88 127.0.0.1 - - [11/Sep/2018 09:44:13] "GET / HTTP/1.1" 500 -
ERROR app.py:1761 Exception on / [GET]
Traceback (most recent call last):
  File "G:\python_virtualenv\flask3_venv\lib\site-packages\redis\connection.py", line 484, in connect
    sock = self._connect()
  File "G:\python_virtualenv\flask3_venv\lib\site-packages\redis\connection.py", line 541, in _connect
    raise err
  File "G:\python_virtualenv\flask3_venv\lib\site-packages\redis\connection.py", line 529, in _connect
    sock.connect(socket_address)
TimeoutError: [WinError 10060] 由于连接方在一段时间后没有正确答复或连接的主机没有反应，连接尝试失败。

During handling of the above exception, another exception occurred:

Traceback (most recent call last):
  File "G:\python_virtualenv\flask3_venv\lib\site-packages\redis\client.py", line 667, in execute_command
    connection.send_command(*args)
  File "G:\python_virtualenv\flask3_venv\lib\site-packages\redis\connection.py", line 610, in send_command
    self.send_packed_command(self.pack_command(*args))
  File "G:\python_virtualenv\flask3_venv\lib\site-packages\redis\connection.py", line 585, in send_packed_command
    self.connect()
  File "G:\python_virtualenv\flask3_venv\lib\site-packages\redis\connection.py", line 489, in connect
    raise ConnectionError(self._error_message(e))
redis.exceptions.ConnectionError: Error 10060 connecting to 192.168.15.131:6379. 由于连接方在一段时间后没有正确答复或连接的主机没有反应，连接尝试失败。.

During handling of the above exception, another exception occurred:

Traceback (most recent call last):
  File "G:\python_virtualenv\flask3_venv\lib\site-packages\redis\connection.py", line 484, in connect
    sock = self._connect()
  File "G:\python_virtualenv\flask3_venv\lib\site-packages\redis\connection.py", line 541, in _connect
    raise err
  File "G:\python_virtualenv\flask3_venv\lib\site-packages\redis\connection.py", line 529, in _connect
    sock.connect(socket_address)
TimeoutError: [WinError 10060] 由于连接方在一段时间后没有正确答复或连接的主机没有反应，连接尝试失败。

During handling of the above exception, another exception occurred:

Traceback (most recent call last):
  File "G:\python_virtualenv\flask3_venv\lib\site-packages\flask\app.py", line 2291, in wsgi_app
    ctx.push()
  File "G:\python_virtualenv\flask3_venv\lib\site-packages\flask\ctx.py", line 377, in push
    self.app, self.request
  File "G:\python_virtualenv\flask3_venv\lib\site-packages\flask_session\sessions.py", line 132, in open_session
    val = self.redis.get(self.key_prefix + sid)
  File "G:\python_virtualenv\flask3_venv\lib\site-packages\redis\client.py", line 976, in get
    return self.execute_command('GET', name)
  File "G:\python_virtualenv\flask3_venv\lib\site-packages\redis\client.py", line 673, in execute_command
    connection.send_command(*args)
  File "G:\python_virtualenv\flask3_venv\lib\site-packages\redis\connection.py", line 610, in send_command
    self.send_packed_command(self.pack_command(*args))
  File "G:\python_virtualenv\flask3_venv\lib\site-packages\redis\connection.py", line 585, in send_packed_command
    self.connect()
  File "G:\python_virtualenv\flask3_venv\lib\site-packages\redis\connection.py", line 489, in connect
    raise ConnectionError(self._error_message(e))
redis.exceptions.ConnectionError: Error 10060 connecting to 192.168.15.131:6379. 由于连接方在一段时间后没有正确答复或连接的主机没有反应，连接尝试失败。.
INFO _internal.py:88 127.0.0.1 - - [11/Sep/2018 09:44:20] "GET / HTTP/1.1" 500 -
ERROR app.py:1761 Exception on /favicon.ico [GET]
Traceback (most recent call last):
  File "G:\python_virtualenv\flask3_venv\lib\site-packages\redis\connection.py", line 484, in connect
    sock = self._connect()
  File "G:\python_virtualenv\flask3_venv\lib\site-packages\redis\connection.py", line 541, in _connect
    raise err
  File "G:\python_virtualenv\flask3_venv\lib\site-packages\redis\connection.py", line 529, in _connect
    sock.connect(socket_address)
TimeoutError: [WinError 10060] 由于连接方在一段时间后没有正确答复或连接的主机没有反应，连接尝试失败。

During handling of the above exception, another exception occurred:

Traceback (most recent call last):
  File "G:\python_virtualenv\flask3_venv\lib\site-packages\redis\client.py", line 667, in execute_command
    connection.send_command(*args)
  File "G:\python_virtualenv\flask3_venv\lib\site-packages\redis\connection.py", line 610, in send_command
    self.send_packed_command(self.pack_command(*args))
  File "G:\python_virtualenv\flask3_venv\lib\site-packages\redis\connection.py", line 585, in send_packed_command
    self.connect()
  File "G:\python_virtualenv\flask3_venv\lib\site-packages\redis\connection.py", line 489, in connect
    raise ConnectionError(self._error_message(e))
redis.exceptions.ConnectionError: Error 10060 connecting to 192.168.15.131:6379. 由于连接方在一段时间后没有正确答复或连接的主机没有反应，连接尝试失败。.

During handling of the above exception, another exception occurred:

Traceback (most recent call last):
  File "G:\python_virtualenv\flask3_venv\lib\site-packages\redis\connection.py", line 484, in connect
    sock = self._connect()
  File "G:\python_virtualenv\flask3_venv\lib\site-packages\redis\connection.py", line 541, in _connect
    raise err
  File "G:\python_virtualenv\flask3_venv\lib\site-packages\redis\connection.py", line 529, in _connect
    sock.connect(socket_address)
TimeoutError: [WinError 10060] 由于连接方在一段时间后没有正确答复或连接的主机没有反应，连接尝试失败。

During handling of the above exception, another exception occurred:

Traceback (most recent call last):
  File "G:\python_virtualenv\flask3_venv\lib\site-packages\flask\app.py", line 2291, in wsgi_app
    ctx.push()
  File "G:\python_virtualenv\flask3_venv\lib\site-packages\flask\ctx.py", line 377, in push
    self.app, self.request
  File "G:\python_virtualenv\flask3_venv\lib\site-packages\flask_session\sessions.py", line 132, in open_session
    val = self.redis.get(self.key_prefix + sid)
  File "G:\python_virtualenv\flask3_venv\lib\site-packages\redis\client.py", line 976, in get
    return self.execute_command('GET', name)
  File "G:\python_virtualenv\flask3_venv\lib\site-packages\redis\client.py", line 673, in execute_command
    connection.send_command(*args)
  File "G:\python_virtualenv\flask3_venv\lib\site-packages\redis\connection.py", line 610, in send_command
    self.send_packed_command(self.pack_command(*args))
  File "G:\python_virtualenv\flask3_venv\lib\site-packages\redis\connection.py", line 585, in send_packed_command
    self.connect()
  File "G:\python_virtualenv\flask3_venv\lib\site-packages\redis\connection.py", line 489, in connect
    raise ConnectionError(self._error_message(e))
redis.exceptions.ConnectionError: Error 10060 connecting to 192.168.15.131:6379. 由于连接方在一段时间后没有正确答复或连接的主机没有反应，连接尝试失败。.
INFO _internal.py:88 127.0.0.1 - - [11/Sep/2018 09:45:02] "GET /favicon.ico HTTP/1.1" 500 -
INFO _internal.py:88  * Running on http://127.0.0.1:5000/ (Press CTRL+C to quit)
INFO _internal.py:88  * Running on http://127.0.0.1:5000/ (Press CTRL+C to quit)
INFO _internal.py:88  * Running on http://127.0.0.1:5000/ (Press CTRL+C to quit)
INFO _internal.py:88  * Running on http://127.0.0.1:5000/ (Press CTRL+C to quit)
INFO _internal.py:88  * Restarting with stat
WARNING _internal.py:88  * Debugger is active!
INFO _internal.py:88  * Debugger PIN: 439-335-543
INFO _internal.py:88  * Running on http://127.0.0.1:5000/ (Press CTRL+C to quit)
INFO _internal.py:88  * Running on http://127.0.0.1:5000/ (Press CTRL+C to quit)
INFO _internal.py:88  * Running on http://127.0.0.1:5000/ (Press CTRL+C to quit)
INFO _internal.py:88  * Running on http://127.0.0.1:5000/ (Press CTRL+C to quit)
INFO _internal.py:88 127.0.0.1 - - [11/Sep/2018 10:36:01] "GET / HTTP/1.1" 200 -
INFO _internal.py:88 127.0.0.1 - - [11/Sep/2018 10:36:01] "GET /static/news/css/reset.css HTTP/1.1" 304 -
INFO _internal.py:88 127.0.0.1 - - [11/Sep/2018 10:36:01] "GET /static/news/js/jquery-1.12.4.min.js HTTP/1.1" 304 -
INFO _internal.py:88 127.0.0.1 - - [11/Sep/2018 10:36:01] "GET /static/news/js/main.js HTTP/1.1" 200 -
INFO _internal.py:88 127.0.0.1 - - [11/Sep/2018 10:36:01] "GET /static/news/css/main.css HTTP/1.1" 304 -
INFO _internal.py:88 127.0.0.1 - - [11/Sep/2018 10:36:01] "GET /static/news/js/index.js HTTP/1.1" 304 -
INFO _internal.py:88 127.0.0.1 - - [11/Sep/2018 10:36:01] "GET /static/news/images/logo.png HTTP/1.1" 304 -
INFO _internal.py:88 127.0.0.1 - - [11/Sep/2018 10:36:01] "GET /static/news/images/person01.png HTTP/1.1" 304 -
INFO _internal.py:88 127.0.0.1 - - [11/Sep/2018 10:36:01] "GET /static/news/images/news_pic.jpg HTTP/1.1" 304 -
INFO _internal.py:88 127.0.0.1 - - [11/Sep/2018 10:36:01] "GET /static/news/images/person.png HTTP/1.1" 304 -
INFO _internal.py:88 127.0.0.1 - - [11/Sep/2018 10:36:01] "GET /static/news/images/pic_code.png HTTP/1.1" 304 -
INFO _internal.py:88 127.0.0.1 - - [11/Sep/2018 10:36:01] "GET /static/news/images/hit_icon.png HTTP/1.1" 304 -
INFO _internal.py:88 127.0.0.1 - - [11/Sep/2018 10:36:01] "GET /static/news/images/clock.png HTTP/1.1" 304 -
INFO _internal.py:88 127.0.0.1 - - [11/Sep/2018 10:36:01] "GET /favicon.ico HTTP/1.1" 404 -
INFO _internal.py:88 127.0.0.1 - - [11/Sep/2018 10:36:02] "GET /static/news/images/shutoff.png HTTP/1.1" 304 -
ERROR app.py:1761 Exception on /passport/image_code [GET]
Traceback (most recent call last):
  File "G:\python_virtualenv\flask3_venv\lib\site-packages\flask\app.py", line 2292, in wsgi_app
    response = self.full_dispatch_request()
  File "G:\python_virtualenv\flask3_venv\lib\site-packages\flask\app.py", line 1815, in full_dispatch_request
    rv = self.handle_user_exception(e)
  File "G:\python_virtualenv\flask3_venv\lib\site-packages\flask\app.py", line 1718, in handle_user_exception
    reraise(exc_type, exc_value, tb)
  File "G:\python_virtualenv\flask3_venv\lib\site-packages\flask\_compat.py", line 35, in reraise
    raise value
  File "G:\python_virtualenv\flask3_venv\lib\site-packages\flask\app.py", line 1813, in full_dispatch_request
    rv = self.dispatch_request()
  File "G:\python_virtualenv\flask3_venv\lib\site-packages\flask\app.py", line 1799, in dispatch_request
    return self.view_functions[rule.endpoint](**req.view_args)
  File "G:\github_repository\xjzx11\project_xjzx\info\modules\passport\views.py", line 16, in get_image_code
    redis_store.setex('ImageCode_' + code_id, constants.IMAGE_CODE_REDIS_EXPIRES, text)
AttributeError: 'NoneType' object has no attribute 'setex'
INFO _internal.py:88 127.0.0.1 - - [11/Sep/2018 10:36:03] "GET /passport/image_code?code_id=43fd893a-5878-4979-b745-f74c933b6764 HTTP/1.1" 500 -
ERROR app.py:1761 Exception on /passport/image_code [GET]
Traceback (most recent call last):
  File "G:\python_virtualenv\flask3_venv\lib\site-packages\flask\app.py", line 2292, in wsgi_app
    response = self.full_dispatch_request()
  File "G:\python_virtualenv\flask3_venv\lib\site-packages\flask\app.py", line 1815, in full_dispatch_request
    rv = self.handle_user_exception(e)
  File "G:\python_virtualenv\flask3_venv\lib\site-packages\flask\app.py", line 1718, in handle_user_exception
    reraise(exc_type, exc_value, tb)
  File "G:\python_virtualenv\flask3_venv\lib\site-packages\flask\_compat.py", line 35, in reraise
    raise value
  File "G:\python_virtualenv\flask3_venv\lib\site-packages\flask\app.py", line 1813, in full_dispatch_request
    rv = self.dispatch_request()
  File "G:\python_virtualenv\flask3_venv\lib\site-packages\flask\app.py", line 1799, in dispatch_request
    return self.view_functions[rule.endpoint](**req.view_args)
  File "G:\github_repository\xjzx11\project_xjzx\info\modules\passport\views.py", line 16, in get_image_code
    redis_store.setex('ImageCode_' + code_id, constants.IMAGE_CODE_REDIS_EXPIRES, text)
AttributeError: 'NoneType' object has no attribute 'setex'
INFO _internal.py:88 127.0.0.1 - - [11/Sep/2018 10:36:04] "GET /passport/image_code?code_id=e5ee2cd8-5d52-4e60-9e68-e2088afa72a5 HTTP/1.1" 500 -
ERROR app.py:1761 Exception on /passport/image_code [GET]
Traceback (most recent call last):
  File "G:\python_virtualenv\flask3_venv\lib\site-packages\flask\app.py", line 2292, in wsgi_app
    response = self.full_dispatch_request()
  File "G:\python_virtualenv\flask3_venv\lib\site-packages\flask\app.py", line 1815, in full_dispatch_request
    rv = self.handle_user_exception(e)
  File "G:\python_virtualenv\flask3_venv\lib\site-packages\flask\app.py", line 1718, in handle_user_exception
    reraise(exc_type, exc_value, tb)
  File "G:\python_virtualenv\flask3_venv\lib\site-packages\flask\_compat.py", line 35, in reraise
    raise value
  File "G:\python_virtualenv\flask3_venv\lib\site-packages\flask\app.py", line 1813, in full_dispatch_request
    rv = self.dispatch_request()
  File "G:\python_virtualenv\flask3_venv\lib\site-packages\flask\app.py", line 1799, in dispatch_request
    return self.view_functions[rule.endpoint](**req.view_args)
  File "G:\github_repository\xjzx11\project_xjzx\info\modules\passport\views.py", line 16, in get_image_code
    redis_store.setex('ImageCode_' + code_id, constants.IMAGE_CODE_REDIS_EXPIRES, text)
AttributeError: 'NoneType' object has no attribute 'setex'
INFO _internal.py:88 127.0.0.1 - - [11/Sep/2018 10:36:05] "GET /passport/image_code?code_id=ed7203e8-6777-498e-aebd-7a1993c6676b HTTP/1.1" 500 -
ERROR app.py:1761 Exception on /passport/image_code [GET]
Traceback (most recent call last):
  File "G:\python_virtualenv\flask3_venv\lib\site-packages\flask\app.py", line 2292, in wsgi_app
    response = self.full_dispatch_request()
  File "G:\python_virtualenv\flask3_venv\lib\site-packages\flask\app.py", line 1815, in full_dispatch_request
    rv = self.handle_user_exception(e)
  File "G:\python_virtualenv\flask3_venv\lib\site-packages\flask\app.py", line 1718, in handle_user_exception
    reraise(exc_type, exc_value, tb)
  File "G:\python_virtualenv\flask3_venv\lib\site-packages\flask\_compat.py", line 35, in reraise
    raise value
  File "G:\python_virtualenv\flask3_venv\lib\site-packages\flask\app.py", line 1813, in full_dispatch_request
    rv = self.dispatch_request()
  File "G:\python_virtualenv\flask3_venv\lib\site-packages\flask\app.py", line 1799, in dispatch_request
    return self.view_functions[rule.endpoint](**req.view_args)
  File "G:\github_repository\xjzx11\project_xjzx\info\modules\passport\views.py", line 16, in get_image_code
    redis_store.setex('ImageCode_' + code_id, constants.IMAGE_CODE_REDIS_EXPIRES, text)
AttributeError: 'NoneType' object has no attribute 'setex'
INFO _internal.py:88 127.0.0.1 - - [11/Sep/2018 10:37:10] "GET /passport/image_code?code_id=5cd4b5a4-52b2-44b3-8378-ce0a3e37f20a HTTP/1.1" 500 -
ERROR app.py:1761 Exception on /passport/image_code [GET]
Traceback (most recent call last):
  File "G:\python_virtualenv\flask3_venv\lib\site-packages\flask\app.py", line 2292, in wsgi_app
    response = self.full_dispatch_request()
  File "G:\python_virtualenv\flask3_venv\lib\site-packages\flask\app.py", line 1815, in full_dispatch_request
    rv = self.handle_user_exception(e)
  File "G:\python_virtualenv\flask3_venv\lib\site-packages\flask\app.py", line 1718, in handle_user_exception
    reraise(exc_type, exc_value, tb)
  File "G:\python_virtualenv\flask3_venv\lib\site-packages\flask\_compat.py", line 35, in reraise
    raise value
  File "G:\python_virtualenv\flask3_venv\lib\site-packages\flask\app.py", line 1813, in full_dispatch_request
    rv = self.dispatch_request()
  File "G:\python_virtualenv\flask3_venv\lib\site-packages\flask\app.py", line 1799, in dispatch_request
    return self.view_functions[rule.endpoint](**req.view_args)
  File "G:\github_repository\xjzx11\project_xjzx\info\modules\passport\views.py", line 16, in get_image_code
    redis_store.setex('ImageCode_' + code_id, constants.IMAGE_CODE_REDIS_EXPIRES, text)
AttributeError: 'NoneType' object has no attribute 'setex'
INFO _internal.py:88 127.0.0.1 - - [11/Sep/2018 10:37:10] "GET /passport/image_code?code_id=77ff7c9a-6589-4eff-900f-aa9779754826 HTTP/1.1" 500 -
ERROR app.py:1761 Exception on /passport/image_code [GET]
Traceback (most recent call last):
  File "G:\python_virtualenv\flask3_venv\lib\site-packages\flask\app.py", line 2292, in wsgi_app
    response = self.full_dispatch_request()
  File "G:\python_virtualenv\flask3_venv\lib\site-packages\flask\app.py", line 1815, in full_dispatch_request
    rv = self.handle_user_exception(e)
  File "G:\python_virtualenv\flask3_venv\lib\site-packages\flask\app.py", line 1718, in handle_user_exception
    reraise(exc_type, exc_value, tb)
  File "G:\python_virtualenv\flask3_venv\lib\site-packages\flask\_compat.py", line 35, in reraise
    raise value
  File "G:\python_virtualenv\flask3_venv\lib\site-packages\flask\app.py", line 1813, in full_dispatch_request
    rv = self.dispatch_request()
  File "G:\python_virtualenv\flask3_venv\lib\site-packages\flask\app.py", line 1799, in dispatch_request
    return self.view_functions[rule.endpoint](**req.view_args)
  File "G:\github_repository\xjzx11\project_xjzx\info\modules\passport\views.py", line 16, in get_image_code
    redis_store.setex('ImageCode_' + code_id, constants.IMAGE_CODE_REDIS_EXPIRES, text)
AttributeError: 'NoneType' object has no attribute 'setex'
INFO _internal.py:88 127.0.0.1 - - [11/Sep/2018 10:42:43] "GET /passport/image_code?code_id=691cd769-d056-4a83-a8ed-d263af1f52c0 HTTP/1.1" 500 -
ERROR app.py:1761 Exception on /passport/image_code [GET]
Traceback (most recent call last):
  File "G:\python_virtualenv\flask3_venv\lib\site-packages\flask\app.py", line 2292, in wsgi_app
    response = self.full_dispatch_request()
  File "G:\python_virtualenv\flask3_venv\lib\site-packages\flask\app.py", line 1815, in full_dispatch_request
    rv = self.handle_user_exception(e)
  File "G:\python_virtualenv\flask3_venv\lib\site-packages\flask\app.py", line 1718, in handle_user_exception
    reraise(exc_type, exc_value, tb)
  File "G:\python_virtualenv\flask3_venv\lib\site-packages\flask\_compat.py", line 35, in reraise
    raise value
  File "G:\python_virtualenv\flask3_venv\lib\site-packages\flask\app.py", line 1813, in full_dispatch_request
    rv = self.dispatch_request()
  File "G:\python_virtualenv\flask3_venv\lib\site-packages\flask\app.py", line 1799, in dispatch_request
    return self.view_functions[rule.endpoint](**req.view_args)
  File "G:\github_repository\xjzx11\project_xjzx\info\modules\passport\views.py", line 16, in get_image_code
    redis_store.setex('ImageCode_' + code_id, constants.IMAGE_CODE_REDIS_EXPIRES, text)
AttributeError: 'NoneType' object has no attribute 'setex'
INFO _internal.py:88 127.0.0.1 - - [11/Sep/2018 10:45:56] "GET /passport/image_code?code_id=63babbaa-fc6b-4adf-9c2f-b4d9052f98d6 HTTP/1.1" 500 -
INFO _internal.py:88  * Running on http://127.0.0.1:5000/ (Press CTRL+C to quit)
INFO _internal.py:88 127.0.0.1 - - [11/Sep/2018 10:57:11] "GET / HTTP/1.1" 200 -
ERROR app.py:1761 Exception on /passport/image_code [GET]
Traceback (most recent call last):
  File "G:\python_virtualenv\flask3_venv\lib\site-packages\flask\app.py", line 2292, in wsgi_app
    response = self.full_dispatch_request()
  File "G:\python_virtualenv\flask3_venv\lib\site-packages\flask\app.py", line 1815, in full_dispatch_request
    rv = self.handle_user_exception(e)
  File "G:\python_virtualenv\flask3_venv\lib\site-packages\flask\app.py", line 1718, in handle_user_exception
    reraise(exc_type, exc_value, tb)
  File "G:\python_virtualenv\flask3_venv\lib\site-packages\flask\_compat.py", line 35, in reraise
    raise value
  File "G:\python_virtualenv\flask3_venv\lib\site-packages\flask\app.py", line 1813, in full_dispatch_request
    rv = self.dispatch_request()
  File "G:\python_virtualenv\flask3_venv\lib\site-packages\flask\app.py", line 1799, in dispatch_request
    return self.view_functions[rule.endpoint](**req.view_args)
  File "G:\github_repository\xjzx11\project_xjzx\info\modules\passport\views.py", line 15, in get_image_code
    redis_store.setex('ImageCode_' + code_id, constants.IMAGE_CODE_REDIS_EXPIRES, text)
AttributeError: 'NoneType' object has no attribute 'setex'
INFO _internal.py:88 127.0.0.1 - - [11/Sep/2018 10:57:41] "GET /passport/image_code?code=111 HTTP/1.1" 500 -
INFO _internal.py:88  * Running on http://127.0.0.1:5000/ (Press CTRL+C to quit)
INFO _internal.py:88 127.0.0.1 - - [11/Sep/2018 11:21:08] "GET / HTTP/1.1" 200 -
ERROR app.py:1761 Exception on /passport/image_code [GET]
Traceback (most recent call last):
  File "G:\python_virtualenv\flask3_venv\lib\site-packages\flask\app.py", line 2292, in wsgi_app
    response = self.full_dispatch_request()
  File "G:\python_virtualenv\flask3_venv\lib\site-packages\flask\app.py", line 1815, in full_dispatch_request
    rv = self.handle_user_exception(e)
  File "G:\python_virtualenv\flask3_venv\lib\site-packages\flask\app.py", line 1718, in handle_user_exception
    reraise(exc_type, exc_value, tb)
  File "G:\python_virtualenv\flask3_venv\lib\site-packages\flask\_compat.py", line 35, in reraise
    raise value
  File "G:\python_virtualenv\flask3_venv\lib\site-packages\flask\app.py", line 1813, in full_dispatch_request
    rv = self.dispatch_request()
  File "G:\python_virtualenv\flask3_venv\lib\site-packages\flask\app.py", line 1799, in dispatch_request
    return self.view_functions[rule.endpoint](**req.view_args)
  File "G:\github_repository\xjzx11\project_xjzx\info\modules\passport\views.py", line 16, in get_image_code
    redis_store.setex('ImageCode_' + code_id, constants.IMAGE_CODE_REDIS_EXPIRES, text)
AttributeError: 'NoneType' object has no attribute 'setex'
INFO _internal.py:88 127.0.0.1 - - [11/Sep/2018 11:21:10] "GET /passport/image_code?code_id=08aafd1c-4cd3-4491-8005-60d44597dbfe HTTP/1.1" 500 -
INFO _internal.py:88  * Running on http://127.0.0.1:5000/ (Press CTRL+C to quit)
INFO _internal.py:88 127.0.0.1 - - [11/Sep/2018 11:27:10] "GET / HTTP/1.1" 200 -
ERROR app.py:1761 Exception on /passport/image_code [GET]
Traceback (most recent call last):
  File "G:\python_virtualenv\flask3_venv\lib\site-packages\flask\app.py", line 2292, in wsgi_app
    response = self.full_dispatch_request()
  File "G:\python_virtualenv\flask3_venv\lib\site-packages\flask\app.py", line 1815, in full_dispatch_request
    rv = self.handle_user_exception(e)
  File "G:\python_virtualenv\flask3_venv\lib\site-packages\flask\app.py", line 1718, in handle_user_exception
    reraise(exc_type, exc_value, tb)
  File "G:\python_virtualenv\flask3_venv\lib\site-packages\flask\_compat.py", line 35, in reraise
    raise value
  File "G:\python_virtualenv\flask3_venv\lib\site-packages\flask\app.py", line 1813, in full_dispatch_request
    rv = self.dispatch_request()
  File "G:\python_virtualenv\flask3_venv\lib\site-packages\flask\app.py", line 1799, in dispatch_request
    return self.view_functions[rule.endpoint](**req.view_args)
  File "G:\github_repository\xjzx11\project_xjzx\info\modules\passport\views.py", line 16, in get_image_code
    redis_store.setex('ImageCode_' + code_id, constants.IMAGE_CODE_REDIS_EXPIRES, text)
AttributeError: 'NoneType' object has no attribute 'setex'
INFO _internal.py:88 127.0.0.1 - - [11/Sep/2018 11:27:11] "GET /passport/image_code?code_id=9677791e-31e8-41dd-95ae-04a633450398 HTTP/1.1" 500 -
INFO _internal.py:88  * Running on http://127.0.0.1:5000/ (Press CTRL+C to quit)
INFO _internal.py:88 127.0.0.1 - - [11/Sep/2018 11:28:25] "GET / HTTP/1.1" 200 -
ERROR app.py:1761 Exception on /passport/image_code [GET]
Traceback (most recent call last):
  File "G:\python_virtualenv\flask3_venv\lib\site-packages\flask\app.py", line 2292, in wsgi_app
    response = self.full_dispatch_request()
  File "G:\python_virtualenv\flask3_venv\lib\site-packages\flask\app.py", line 1815, in full_dispatch_request
    rv = self.handle_user_exception(e)
  File "G:\python_virtualenv\flask3_venv\lib\site-packages\flask\app.py", line 1718, in handle_user_exception
    reraise(exc_type, exc_value, tb)
  File "G:\python_virtualenv\flask3_venv\lib\site-packages\flask\_compat.py", line 35, in reraise
    raise value
  File "G:\python_virtualenv\flask3_venv\lib\site-packages\flask\app.py", line 1813, in full_dispatch_request
    rv = self.dispatch_request()
  File "G:\python_virtualenv\flask3_venv\lib\site-packages\flask\app.py", line 1799, in dispatch_request
    return self.view_functions[rule.endpoint](**req.view_args)
  File "G:\github_repository\xjzx11\project_xjzx\info\modules\passport\views.py", line 16, in get_image_code
    redis_store.set('ImageCode_' + code_id, constants.IMAGE_CODE_REDIS_EXPIRES, text)
AttributeError: 'NoneType' object has no attribute 'set'
INFO _internal.py:88 127.0.0.1 - - [11/Sep/2018 11:28:26] "GET /passport/image_code?code_id=59812ff1-514f-473c-9c06-fb492b3e1497 HTTP/1.1" 500 -
INFO _internal.py:88  * Running on http://127.0.0.1:5000/ (Press CTRL+C to quit)
INFO _internal.py:88 127.0.0.1 - - [11/Sep/2018 12:40:03] "GET / HTTP/1.1" 200 -
INFO _internal.py:88 127.0.0.1 - - [11/Sep/2018 12:40:07] "GET /passport/image_code?code_id=f1c59c15-04ea-42e3-9e5d-fa1ab8d507be HTTP/1.1" 200 -
INFO _internal.py:88  * Running on http://127.0.0.1:5000/ (Press CTRL+C to quit)
INFO _internal.py:88 127.0.0.1 - - [11/Sep/2018 13:18:32] "GET / HTTP/1.1" 200 -
INFO _internal.py:88 127.0.0.1 - - [11/Sep/2018 13:18:34] "GET /passport/image_code?code_id=9f95a4c8-8151-4193-a810-8d5b110174e0 HTTP/1.1" 200 -
INFO _internal.py:88 127.0.0.1 - - [11/Sep/2018 13:20:43] "GET /passport/image_code?code_id=40b8365d-e412-409d-a5c0-4e4409350f18 HTTP/1.1" 200 -
INFO _internal.py:88 127.0.0.1 - - [11/Sep/2018 13:21:00] "GET /passport/image_code?code_id=75649420-b77c-4531-acb3-ac72ffe0791e HTTP/1.1" 200 -
INFO _internal.py:88  * Running on http://127.0.0.1:5000/ (Press CTRL+C to quit)
INFO _internal.py:88 127.0.0.1 - - [11/Sep/2018 13:21:11] "GET / HTTP/1.1" 200 -
INFO _internal.py:88 127.0.0.1 - - [11/Sep/2018 13:21:14] "GET /passport/image_code?code_id=b35e8ab2-2e0b-412f-ba42-d70c757a5062 HTTP/1.1" 200 -
INFO _internal.py:88  * Running on http://127.0.0.1:5000/ (Press CTRL+C to quit)
INFO _internal.py:88 127.0.0.1 - - [11/Sep/2018 13:25:15] "GET / HTTP/1.1" 200 -
INFO _internal.py:88 127.0.0.1 - - [11/Sep/2018 13:25:16] "GET /passport/image_code?code_id=75c732c9-1e5e-4092-baf5-1973cc011032 HTTP/1.1" 200 -
INFO _internal.py:88  * Running on http://127.0.0.1:5000/ (Press CTRL+C to quit)
INFO _internal.py:88 127.0.0.1 - - [11/Sep/2018 13:27:12] "GET / HTTP/1.1" 200 -
INFO _internal.py:88 127.0.0.1 - - [11/Sep/2018 13:27:14] "GET /passport/image_code?code_id=7a337d89-7491-4bdd-89f9-a4775513b35f HTTP/1.1" 200 -
INFO _internal.py:88  * Running on http://127.0.0.1:5000/ (Press CTRL+C to quit)
INFO _internal.py:88 127.0.0.1 - - [11/Sep/2018 13:31:00] "GET / HTTP/1.1" 200 -
INFO _internal.py:88 127.0.0.1 - - [11/Sep/2018 13:31:01] "GET /passport/image_code?code_id=b57acb05-0efc-4b9c-a6ba-c3941c45ffb8 HTTP/1.1" 200 -
INFO _internal.py:88  * Running on http://127.0.0.1:5000/ (Press CTRL+C to quit)
INFO _internal.py:88 127.0.0.1 - - [11/Sep/2018 13:32:10] "GET / HTTP/1.1" 200 -
INFO _internal.py:88 127.0.0.1 - - [11/Sep/2018 13:32:11] "GET /passport/image_code?code_id=76750e9f-a290-4836-a98f-ac8736d77033 HTTP/1.1" 200 -
INFO _internal.py:88  * Running on http://127.0.0.1:5000/ (Press CTRL+C to quit)
INFO _internal.py:88 127.0.0.1 - - [11/Sep/2018 13:32:59] "GET / HTTP/1.1" 200 -
INFO _internal.py:88 127.0.0.1 - - [11/Sep/2018 13:33:01] "GET /passport/image_code?code_id=3828a0f6-2567-4e9e-9296-5ef207dbefa6 HTTP/1.1" 200 -
INFO _internal.py:88  * Running on http://127.0.0.1:5000/ (Press CTRL+C to quit)
INFO _internal.py:88 127.0.0.1 - - [11/Sep/2018 13:34:28] "GET / HTTP/1.1" 200 -
INFO _internal.py:88 127.0.0.1 - - [11/Sep/2018 13:34:30] "GET /passport/image_code?code_id=e538e365-c935-4d7e-8923-40f973f26d8e HTTP/1.1" 200 -
INFO _internal.py:88  * Running on http://127.0.0.1:5000/ (Press CTRL+C to quit)
INFO _internal.py:88 127.0.0.1 - - [11/Sep/2018 13:37:13] "GET / HTTP/1.1" 200 -
INFO _internal.py:88 127.0.0.1 - - [11/Sep/2018 13:37:15] "GET /passport/image_code?code_id=ffb58355-5121-43a5-a122-248c9f4d10b8 HTTP/1.1" 200 -
INFO _internal.py:88  * Running on http://127.0.0.1:5000/ (Press CTRL+C to quit)
INFO _internal.py:88  * Running on http://127.0.0.1:5000/ (Press CTRL+C to quit)
INFO _internal.py:88 127.0.0.1 - - [11/Sep/2018 13:37:56] "GET / HTTP/1.1" 200 -
ERROR app.py:1761 Exception on /passport/smscode [GET]
Traceback (most recent call last):
  File "G:\python_virtualenv\flask3_venv\lib\site-packages\flask\app.py", line 2292, in wsgi_app
    response = self.full_dispatch_request()
  File "G:\python_virtualenv\flask3_venv\lib\site-packages\flask\app.py", line 1815, in full_dispatch_request
    rv = self.handle_user_exception(e)
  File "G:\python_virtualenv\flask3_venv\lib\site-packages\flask\app.py", line 1718, in handle_user_exception
    reraise(exc_type, exc_value, tb)
  File "G:\python_virtualenv\flask3_venv\lib\site-packages\flask\_compat.py", line 35, in reraise
    raise value
  File "G:\python_virtualenv\flask3_venv\lib\site-packages\flask\app.py", line 1813, in full_dispatch_request
    rv = self.dispatch_request()
  File "G:\python_virtualenv\flask3_venv\lib\site-packages\flask\app.py", line 1799, in dispatch_request
    return self.view_functions[rule.endpoint](**req.view_args)
  File "G:\github_repository\xjzx11\project_xjzx\info\modules\passport\views.py", line 37, in send_smscode
    mobile = param_dict.get("mobile")
AttributeError: 'NoneType' object has no attribute 'get'
INFO _internal.py:88 127.0.0.1 - - [11/Sep/2018 13:38:09] "GET /passport/smscode HTTP/1.1" 500 -
INFO _internal.py:88  * Running on http://127.0.0.1:5000/ (Press CTRL+C to quit)
INFO _internal.py:88  * Running on http://127.0.0.1:5000/ (Press CTRL+C to quit)
INFO _internal.py:88 127.0.0.1 - - [11/Sep/2018 13:40:18] "GET / HTTP/1.1" 200 -
INFO _internal.py:88 127.0.0.1 - - [11/Sep/2018 13:40:27] "GET /passport/image_code?code_id=ab7236e9-04fb-4237-8cad-afd2eabb7905 HTTP/1.1" 200 -
INFO _internal.py:88 127.0.0.1 - - [11/Sep/2018 13:44:22] "GET / HTTP/1.1" 200 -
INFO _internal.py:88 127.0.0.1 - - [11/Sep/2018 13:44:28] "GET /passport/image_code?code_id=27a35ffb-10f6-42b4-be32-dc46673a75e0 HTTP/1.1" 200 -
INFO _internal.py:88 127.0.0.1 - - [11/Sep/2018 13:44:33] "GET /passport/image_code?code_id=77a344b0-a909-41c1-8568-922a0f8f56e3 HTTP/1.1" 200 -
INFO _internal.py:88 127.0.0.1 - - [11/Sep/2018 13:44:34] "GET /passport/image_code?code_id=e0e7bf83-8df6-4000-8cb3-0a1082b4f93e HTTP/1.1" 200 -
INFO _internal.py:88  * Running on http://127.0.0.1:5000/ (Press CTRL+C to quit)
INFO _internal.py:88 127.0.0.1 - - [11/Sep/2018 13:47:55] "GET / HTTP/1.1" 200 -
INFO _internal.py:88 127.0.0.1 - - [11/Sep/2018 13:47:57] "GET /passport/image_code?code_id=4af56f65-b21a-491d-8f16-b0827b82f757 HTTP/1.1" 200 -
INFO _internal.py:88  * Running on http://127.0.0.1:5000/ (Press CTRL+C to quit)
INFO _internal.py:88 127.0.0.1 - - [11/Sep/2018 13:50:07] "GET / HTTP/1.1" 200 -
INFO _internal.py:88 127.0.0.1 - - [11/Sep/2018 13:50:08] "GET /passport/image_code?code_id=97365a7f-ee5c-4dd1-8778-e4f16ec6ed42 HTTP/1.1" 200 -
INFO _internal.py:88 127.0.0.1 - - [11/Sep/2018 13:50:44] "GET / HTTP/1.1" 200 -
INFO _internal.py:88  * Running on http://127.0.0.1:5000/ (Press CTRL+C to quit)
INFO _internal.py:88 127.0.0.1 - - [11/Sep/2018 13:50:49] "GET / HTTP/1.1" 200 -
INFO _internal.py:88 127.0.0.1 - - [11/Sep/2018 13:50:51] "GET /passport/image_code?code_id=8808e03a-29cc-45fb-98d5-55bc1736eb0d HTTP/1.1" 200 -
INFO _internal.py:88  * Running on http://127.0.0.1:5000/ (Press CTRL+C to quit)
INFO _internal.py:88 127.0.0.1 - - [11/Sep/2018 13:51:05] "GET / HTTP/1.1" 200 -
INFO _internal.py:88 127.0.0.1 - - [11/Sep/2018 13:51:07] "GET /passport/image_code?code_id=5c8a9602-7694-4f03-943e-e7ae38f2b800 HTTP/1.1" 200 -
INFO _internal.py:88  * Running on http://127.0.0.1:5000/ (Press CTRL+C to quit)
INFO _internal.py:88 127.0.0.1 - - [11/Sep/2018 14:31:05] "GET /passport/smscode HTTP/1.1" 405 -
INFO _internal.py:88  * Running on http://127.0.0.1:5000/ (Press CTRL+C to quit)
DEBUG views.py:50 短信验证码的内容：935426
ERROR app.py:1761 Exception on /passport/smscode [GET]
Traceback (most recent call last):
  File "G:\python_virtualenv\flask3_venv\lib\site-packages\flask\app.py", line 2292, in wsgi_app
    response = self.full_dispatch_request()
  File "G:\python_virtualenv\flask3_venv\lib\site-packages\flask\app.py", line 1816, in full_dispatch_request
    return self.finalize_request(rv)
  File "G:\python_virtualenv\flask3_venv\lib\site-packages\flask\app.py", line 1831, in finalize_request
    response = self.make_response(rv)
  File "G:\python_virtualenv\flask3_venv\lib\site-packages\flask\app.py", line 1957, in make_response
    'The view function did not return a valid response. The'
TypeError: The view function did not return a valid response. The function either returned None or ended without a return statement.
INFO _internal.py:88 127.0.0.1 - - [11/Sep/2018 14:31:34] "GET /passport/smscode HTTP/1.1" 500 -
INFO _internal.py:88  * Running on http://127.0.0.1:5000/ (Press CTRL+C to quit)
INFO _internal.py:88 127.0.0.1 - - [11/Sep/2018 14:32:19] "GET / HTTP/1.1" 200 -
INFO _internal.py:88 127.0.0.1 - - [11/Sep/2018 14:32:20] "GET /passport/image_code?code_id=535287ec-24b7-4f23-83a4-b30bd7c18962 HTTP/1.1" 200 -
INFO _internal.py:88  * Running on http://127.0.0.1:5000/ (Press CTRL+C to quit)
INFO _internal.py:88 127.0.0.1 - - [11/Sep/2018 14:36:40] "GET / HTTP/1.1" 200 -
INFO _internal.py:88 127.0.0.1 - - [11/Sep/2018 14:36:41] "GET /passport/image_code?code_id=a3ea4a1b-471c-4038-a9ae-c6e240585505 HTTP/1.1" 200 -
INFO _internal.py:88 127.0.0.1 - - [11/Sep/2018 14:40:39] "GET /passport/image_code?code_id=803c7f55-f4fd-46fe-9788-770899304754 HTTP/1.1" 200 -
INFO _internal.py:88 127.0.0.1 - - [11/Sep/2018 14:40:40] "GET /passport/image_code?code_id=83980137-2a2a-4b8f-8d73-5b0f6d0fc3e9 HTTP/1.1" 200 -
INFO _internal.py:88 127.0.0.1 - - [11/Sep/2018 14:40:40] "GET /passport/image_code?code_id=0eef3146-e87a-479d-878c-0ef95631e876 HTTP/1.1" 200 -
INFO _internal.py:88 127.0.0.1 - - [11/Sep/2018 14:40:40] "GET /passport/image_code?code_id=c91eb581-86e4-46ca-b952-eeb6d02579fa HTTP/1.1" 200 -
INFO _internal.py:88 127.0.0.1 - - [11/Sep/2018 14:40:40] "GET /passport/image_code?code_id=778330b8-bf15-4738-ae4c-52a07738dcdd HTTP/1.1" 200 -
INFO _internal.py:88 127.0.0.1 - - [11/Sep/2018 14:40:41] "GET /passport/image_code?code_id=fae949f4-079b-4c48-9ab7-775e50b436e3 HTTP/1.1" 200 -
INFO _internal.py:88 127.0.0.1 - - [11/Sep/2018 14:42:48] "GET /passport/image_code?code_id=fae949f4-079b-4c48-9ab7-775e50b436e3 HTTP/1.1" 200 -
INFO _internal.py:88 127.0.0.1 - - [11/Sep/2018 14:42:55] "GET /passport/image_code?code_id=fae949f4-079b-4c48-9ab7-775e50b436e3 HTTP/1.1" 200 -
INFO _internal.py:88  * Running on http://127.0.0.1:5000/ (Press CTRL+C to quit)
INFO _internal.py:88 127.0.0.1 - - [11/Sep/2018 14:44:46] "GET / HTTP/1.1" 200 -
INFO _internal.py:88 127.0.0.1 - - [11/Sep/2018 14:44:49] "GET /passport/image_code?code_id=bbe84cb7-d36f-49fa-a098-8e0ff78ef3fb HTTP/1.1" 200 -
INFO _internal.py:88  * Running on http://127.0.0.1:5000/ (Press CTRL+C to quit)
INFO _internal.py:88 127.0.0.1 - - [11/Sep/2018 14:49:34] "GET / HTTP/1.1" 200 -
INFO _internal.py:88 127.0.0.1 - - [11/Sep/2018 14:49:35] "GET /passport/image_code?code_id=2692e48c-4586-4a79-958b-f43dbeeab8b9 HTTP/1.1" 200 -
INFO _internal.py:88 127.0.0.1 - - [11/Sep/2018 14:49:43] "GET /passport/image_code?code_id=c00095fd-2890-4d2c-921f-87adfcd3ad3a HTTP/1.1" 200 -
INFO _internal.py:88 127.0.0.1 - - [11/Sep/2018 14:49:43] "GET /passport/image_code?code_id=786961e1-b024-431f-9607-49a4d3bea3ae HTTP/1.1" 200 -
INFO _internal.py:88  * Running on http://127.0.0.1:5000/ (Press CTRL+C to quit)
INFO _internal.py:88 127.0.0.1 - - [11/Sep/2018 15:17:57] "GET / HTTP/1.1" 200 -
INFO _internal.py:88 127.0.0.1 - - [11/Sep/2018 15:17:58] "GET /passport/image_code?code_id=d33b1932-55ee-40fe-93e0-09f67fa773a8 HTTP/1.1" 200 -
INFO _internal.py:88  * Running on http://127.0.0.1:5000/ (Press CTRL+C to quit)
INFO _internal.py:88 127.0.0.1 - - [11/Sep/2018 15:29:20] "GET / HTTP/1.1" 200 -
INFO _internal.py:88 127.0.0.1 - - [11/Sep/2018 15:29:21] "GET /passport/image_code?code_id=06ced662-7926-4477-bc22-7b020066a24b HTTP/1.1" 200 -
INFO _internal.py:88 127.0.0.1 - - [11/Sep/2018 15:29:32] "GET /passport/image_code?code_id=313bbfc6-aff3-454c-bd61-3215d247ed72 HTTP/1.1" 200 -
INFO _internal.py:88  * Running on http://127.0.0.1:5000/ (Press CTRL+C to quit)
INFO _internal.py:88 127.0.0.1 - - [11/Sep/2018 15:37:08] "GET / HTTP/1.1" 200 -
ERROR app.py:1761 Exception on /passport/sms_code [GET]
Traceback (most recent call last):
  File "G:\python_virtualenv\flask3_venv\lib\site-packages\flask\app.py", line 2292, in wsgi_app
    response = self.full_dispatch_request()
  File "G:\python_virtualenv\flask3_venv\lib\site-packages\flask\app.py", line 1816, in full_dispatch_request
    return self.finalize_request(rv)
  File "G:\python_virtualenv\flask3_venv\lib\site-packages\flask\app.py", line 1831, in finalize_request
    response = self.make_response(rv)
  File "G:\python_virtualenv\flask3_venv\lib\site-packages\flask\app.py", line 1957, in make_response
    'The view function did not return a valid response. The'
TypeError: The view function did not return a valid response. The function either returned None or ended without a return statement.
INFO _internal.py:88 127.0.0.1 - - [11/Sep/2018 15:37:29] "GET /passport/sms_code HTTP/1.1" 500 -
ERROR app.py:1761 Exception on /passport/sms_code [GET]
Traceback (most recent call last):
  File "G:\python_virtualenv\flask3_venv\lib\site-packages\flask\app.py", line 2292, in wsgi_app
    response = self.full_dispatch_request()
  File "G:\python_virtualenv\flask3_venv\lib\site-packages\flask\app.py", line 1816, in full_dispatch_request
    return self.finalize_request(rv)
  File "G:\python_virtualenv\flask3_venv\lib\site-packages\flask\app.py", line 1831, in finalize_request
    response = self.make_response(rv)
  File "G:\python_virtualenv\flask3_venv\lib\site-packages\flask\app.py", line 1957, in make_response
    'The view function did not return a valid response. The'
TypeError: The view function did not return a valid response. The function either returned None or ended without a return statement.
INFO _internal.py:88 127.0.0.1 - - [11/Sep/2018 15:37:59] "GET /passport/sms_code HTTP/1.1" 500 -
INFO _internal.py:88  * Running on http://127.0.0.1:5000/ (Press CTRL+C to quit)
INFO _internal.py:88 127.0.0.1 - - [11/Sep/2018 15:38:05] "GET /passport/sms_code HTTP/1.1" 200 -
INFO _internal.py:88 127.0.0.1 - - [11/Sep/2018 15:38:12] "GET / HTTP/1.1" 200 -
INFO _internal.py:88 127.0.0.1 - - [11/Sep/2018 15:38:13] "GET /passport/image_code?code_id=69da1fdb-3cb1-4f37-8f9f-650ac1088c05 HTTP/1.1" 200 -
INFO _internal.py:88  * Running on http://127.0.0.1:5000/ (Press CTRL+C to quit)
INFO _internal.py:88 127.0.0.1 - - [11/Sep/2018 15:40:35] "GET / HTTP/1.1" 200 -
INFO _internal.py:88 127.0.0.1 - - [11/Sep/2018 15:40:36] "GET /passport/image_code?code_id=25ef31ce-977b-4cc9-b3d4-e0e34935ac1c HTTP/1.1" 200 -
INFO _internal.py:88  * Running on http://127.0.0.1:5000/ (Press CTRL+C to quit)
INFO _internal.py:88 127.0.0.1 - - [11/Sep/2018 15:46:53] "GET / HTTP/1.1" 200 -
INFO _internal.py:88 127.0.0.1 - - [11/Sep/2018 15:46:54] "GET /passport/image_code?code_id=c573bb0c-d877-4d47-981b-a6429d3376a9 HTTP/1.1" 200 -
INFO _internal.py:88  * Running on http://127.0.0.1:5000/ (Press CTRL+C to quit)
INFO _internal.py:88 127.0.0.1 - - [11/Sep/2018 15:48:33] "GET / HTTP/1.1" 200 -
INFO _internal.py:88 127.0.0.1 - - [11/Sep/2018 15:48:34] "GET /passport/image_code?code_id=794ced8b-d9f3-4a68-998b-97755a9351f2 HTTP/1.1" 200 -
INFO _internal.py:88  * Running on http://127.0.0.1:5000/ (Press CTRL+C to quit)
<<<<<<< HEAD
INFO _internal.py:88 127.0.0.1 - - [11/Sep/2018 16:12:46] "GET / HTTP/1.1" 200 -
INFO _internal.py:88 127.0.0.1 - - [11/Sep/2018 16:12:49] "GET /passport/image_code?code_id=75063611-8853-4ea3-8d1e-1dff59f0532b HTTP/1.1" 200 -
INFO _internal.py:88  * Running on http://127.0.0.1:5000/ (Press CTRL+C to quit)
INFO _internal.py:88  * Running on http://127.0.0.1:5000/ (Press CTRL+C to quit)
INFO _internal.py:88 127.0.0.1 - - [11/Sep/2018 16:13:25] "GET / HTTP/1.1" 200 -
INFO _internal.py:88 127.0.0.1 - - [11/Sep/2018 16:13:27] "GET /passport/image_code?code_id=8231af75-efbf-40ce-b74f-32b346ba149f HTTP/1.1" 200 -
INFO _internal.py:88 127.0.0.1 - - [11/Sep/2018 16:13:28] "GET /passport/image_code?code_id=9b74d946-6211-4ee9-80e8-057d547c2358 HTTP/1.1" 200 -
INFO _internal.py:88  * Running on http://127.0.0.1:5000/ (Press CTRL+C to quit)
INFO _internal.py:88 127.0.0.1 - - [11/Sep/2018 17:27:24] "GET / HTTP/1.1" 200 -
INFO _internal.py:88 127.0.0.1 - - [11/Sep/2018 17:27:26] "GET /passport/image_code?code_id=7ab8454f-0716-47a5-b161-e7c4be0432ea HTTP/1.1" 200 -
=======
INFO _internal.py:88  * Restarting with stat
WARNING _internal.py:88  * Debugger is active!
INFO _internal.py:88  * Debugger PIN: 227-482-433
INFO _internal.py:88 127.0.0.1 - - [11/Sep/2018 16:09:03] "GET / HTTP/1.1" 200 -
INFO _internal.py:88 127.0.0.1 - - [11/Sep/2018 16:09:04] "GET /favicon.ico HTTP/1.1" 404 -
INFO _internal.py:88 127.0.0.1 - - [11/Sep/2018 16:09:06] "GET /passport/image_code?code_id=abf8ed4a-cae1-4cd3-abd8-302c6129309b HTTP/1.1" 200 -
INFO _internal.py:88 127.0.0.1 - - [11/Sep/2018 16:09:09] "GET /passport/image_code?code_id=17730fd7-8229-4183-9bd3-d1a5bda88aef HTTP/1.1" 200 -
INFO csrf.py:251 The CSRF token is missing.
INFO _internal.py:88 127.0.0.1 - - [11/Sep/2018 16:09:13] "POST /passport/sms_code HTTP/1.1" 400 -
INFO _internal.py:88  * Running on http://127.0.0.1:5000/ (Press CTRL+C to quit)
INFO _internal.py:88  * Restarting with stat
WARNING _internal.py:88  * Debugger is active!
INFO _internal.py:88  * Debugger PIN: 227-482-433
INFO _internal.py:88 127.0.0.1 - - [11/Sep/2018 16:10:30] "GET / HTTP/1.1" 200 -
INFO _internal.py:88 127.0.0.1 - - [11/Sep/2018 16:10:30] "GET /static/news/css/reset.css HTTP/1.1" 200 -
INFO _internal.py:88 127.0.0.1 - - [11/Sep/2018 16:10:30] "GET /static/news/css/main.css HTTP/1.1" 200 -
INFO _internal.py:88 127.0.0.1 - - [11/Sep/2018 16:10:30] "GET /static/news/js/jquery-1.12.4.min.js HTTP/1.1" 200 -
INFO _internal.py:88 127.0.0.1 - - [11/Sep/2018 16:10:30] "GET /static/news/js/main.js HTTP/1.1" 200 -
INFO _internal.py:88 127.0.0.1 - - [11/Sep/2018 16:10:30] "GET /static/news/js/index.js HTTP/1.1" 200 -
INFO _internal.py:88 127.0.0.1 - - [11/Sep/2018 16:10:30] "GET /static/news/images/logo.png HTTP/1.1" 200 -
INFO _internal.py:88 127.0.0.1 - - [11/Sep/2018 16:10:30] "GET /static/news/images/news_pic.jpg HTTP/1.1" 200 -
INFO _internal.py:88 127.0.0.1 - - [11/Sep/2018 16:10:30] "GET /static/news/images/pic_code.png HTTP/1.1" 200 -
INFO _internal.py:88 127.0.0.1 - - [11/Sep/2018 16:10:30] "GET /static/news/images/person.png HTTP/1.1" 200 -
INFO _internal.py:88 127.0.0.1 - - [11/Sep/2018 16:10:30] "GET /static/news/images/clock.png HTTP/1.1" 200 -
INFO _internal.py:88 127.0.0.1 - - [11/Sep/2018 16:10:30] "GET /static/news/images/hit_icon.png HTTP/1.1" 200 -
INFO _internal.py:88 127.0.0.1 - - [11/Sep/2018 16:10:33] "GET /passport/image_code?code_id=31115d76-6c4d-40c6-9f8a-31c05c75b7a5 HTTP/1.1" 200 -
INFO _internal.py:88 127.0.0.1 - - [11/Sep/2018 16:10:36] "POST /passport/sms_code HTTP/1.1" 500 -
INFO _internal.py:88  * Running on http://127.0.0.1:5000/ (Press CTRL+C to quit)
INFO _internal.py:88  * Restarting with stat
WARNING _internal.py:88  * Debugger is active!
INFO _internal.py:88  * Debugger PIN: 227-482-433
INFO _internal.py:88 127.0.0.1 - - [11/Sep/2018 16:41:14] "GET /passport/image_code?code_id=b3e0eab8-f49a-4a87-95f3-d64add34270d HTTP/1.1" 200 -
INFO _internal.py:88 127.0.0.1 - - [11/Sep/2018 16:41:15] "GET /passport/image_code?code_id=1c3a35e4-0e78-49ca-9b2d-9ee9bee9cafc HTTP/1.1" 200 -
INFO _internal.py:88 127.0.0.1 - - [11/Sep/2018 16:41:16] "GET /passport/image_code?code_id=76dd2b01-4850-4684-9e2d-cb43010f0933 HTTP/1.1" 200 -
INFO _internal.py:88 127.0.0.1 - - [11/Sep/2018 16:41:29] "GET / HTTP/1.1" 200 -
INFO _internal.py:88 127.0.0.1 - - [11/Sep/2018 16:41:30] "GET /static/news/css/reset.css HTTP/1.1" 304 -
INFO _internal.py:88 127.0.0.1 - - [11/Sep/2018 16:41:30] "GET /static/news/css/main.css HTTP/1.1" 304 -
INFO _internal.py:88 127.0.0.1 - - [11/Sep/2018 16:41:30] "GET /static/news/js/main.js HTTP/1.1" 304 -
INFO _internal.py:88 127.0.0.1 - - [11/Sep/2018 16:41:30] "GET /static/news/js/jquery-1.12.4.min.js HTTP/1.1" 304 -
INFO _internal.py:88 127.0.0.1 - - [11/Sep/2018 16:41:30] "GET /static/news/js/index.js HTTP/1.1" 304 -
INFO _internal.py:88 127.0.0.1 - - [11/Sep/2018 16:41:30] "GET /static/news/images/logo.png HTTP/1.1" 304 -
INFO _internal.py:88 127.0.0.1 - - [11/Sep/2018 16:41:30] "GET /static/news/images/news_pic.jpg HTTP/1.1" 304 -
INFO _internal.py:88 127.0.0.1 - - [11/Sep/2018 16:41:30] "GET /static/news/images/person.png HTTP/1.1" 304 -
INFO _internal.py:88 127.0.0.1 - - [11/Sep/2018 16:41:30] "GET /static/news/images/pic_code.png HTTP/1.1" 304 -
INFO _internal.py:88 127.0.0.1 - - [11/Sep/2018 16:41:40] "GET /passport/image_code?code_id=415871aa-84d6-4064-9a44-c83df1dba2c1 HTTP/1.1" 200 -
INFO _internal.py:88 127.0.0.1 - - [11/Sep/2018 16:41:41] "GET /passport/image_code?code_id=a8be11bc-8841-4ec3-8529-6fd76f7123d3 HTTP/1.1" 200 -
INFO _internal.py:88 127.0.0.1 - - [11/Sep/2018 16:41:43] "GET /passport/image_code?code_id=251b2208-bc11-4506-b9e1-d36111ebeccb HTTP/1.1" 200 -
INFO _internal.py:88 127.0.0.1 - - [11/Sep/2018 16:42:01] "POST /passport/sms_code HTTP/1.1" 500 -
INFO _internal.py:88  * Running on http://127.0.0.1:5000/ (Press CTRL+C to quit)
INFO _internal.py:88  * Restarting with stat
WARNING _internal.py:88  * Debugger is active!
INFO _internal.py:88  * Debugger PIN: 227-482-433
INFO _internal.py:88 127.0.0.1 - - [11/Sep/2018 16:42:52] "GET / HTTP/1.1" 200 -
INFO _internal.py:88 127.0.0.1 - - [11/Sep/2018 16:42:52] "GET /static/news/css/reset.css HTTP/1.1" 304 -
INFO _internal.py:88 127.0.0.1 - - [11/Sep/2018 16:42:52] "GET /static/news/css/main.css HTTP/1.1" 304 -
INFO _internal.py:88 127.0.0.1 - - [11/Sep/2018 16:42:52] "GET /static/news/js/jquery-1.12.4.min.js HTTP/1.1" 304 -
INFO _internal.py:88 127.0.0.1 - - [11/Sep/2018 16:42:52] "GET /static/news/js/main.js HTTP/1.1" 304 -
INFO _internal.py:88 127.0.0.1 - - [11/Sep/2018 16:42:52] "GET /static/news/js/index.js HTTP/1.1" 304 -
INFO _internal.py:88 127.0.0.1 - - [11/Sep/2018 16:42:52] "GET /static/news/images/logo.png HTTP/1.1" 304 -
INFO _internal.py:88 127.0.0.1 - - [11/Sep/2018 16:42:52] "GET /static/news/images/news_pic.jpg HTTP/1.1" 304 -
INFO _internal.py:88 127.0.0.1 - - [11/Sep/2018 16:42:52] "GET /static/news/images/person.png HTTP/1.1" 304 -
INFO _internal.py:88 127.0.0.1 - - [11/Sep/2018 16:42:52] "GET /static/news/images/pic_code.png HTTP/1.1" 304 -
INFO _internal.py:88 127.0.0.1 - - [11/Sep/2018 16:42:54] "GET /passport/image_code?code_id=7dfad2c8-11e1-470c-a5fd-331d5ba4165d HTTP/1.1" 200 -
INFO _internal.py:88 127.0.0.1 - - [11/Sep/2018 16:42:57] "POST /passport/sms_code HTTP/1.1" 200 -
INFO _internal.py:88 127.0.0.1 - - [11/Sep/2018 16:42:57] "GET /passport/image_code?code_id=0254ade3-aa08-4da9-8e02-1eaa940938dd HTTP/1.1" 200 -
INFO _internal.py:88 127.0.0.1 - - [11/Sep/2018 16:43:21] "POST /passport/sms_code HTTP/1.1" 200 -
INFO _internal.py:88 127.0.0.1 - - [11/Sep/2018 16:43:21] "GET /passport/image_code?code_id=024d8fab-b0a8-4fb4-af4d-26786403a02c HTTP/1.1" 200 -
INFO _internal.py:88  * Detected change in '/home/python/python_project/xjzx11/project_xjzx/info/modules/passport/views.py', reloading
INFO _internal.py:88  * Restarting with stat
WARNING _internal.py:88  * Debugger is active!
INFO _internal.py:88  * Debugger PIN: 227-482-433
INFO _internal.py:88 127.0.0.1 - - [11/Sep/2018 16:44:21] "POST /passport/sms_code HTTP/1.1" 200 -
INFO _internal.py:88  * Detected change in '/home/python/python_project/xjzx11/project_xjzx/info/modules/passport/views.py', reloading
INFO _internal.py:88  * Restarting with stat
WARNING _internal.py:88  * Debugger is active!
INFO _internal.py:88  * Debugger PIN: 227-482-433
INFO _internal.py:88  * Running on http://127.0.0.1:5000/ (Press CTRL+C to quit)
INFO _internal.py:88  * Restarting with stat
WARNING _internal.py:88  * Debugger is active!
INFO _internal.py:88  * Debugger PIN: 227-482-433
INFO _internal.py:88 127.0.0.1 - - [11/Sep/2018 16:46:16] "GET / HTTP/1.1" 200 -
INFO _internal.py:88 127.0.0.1 - - [11/Sep/2018 16:46:16] "GET /static/news/css/reset.css HTTP/1.1" 304 -
INFO _internal.py:88 127.0.0.1 - - [11/Sep/2018 16:46:16] "GET /static/news/css/main.css HTTP/1.1" 304 -
INFO _internal.py:88 127.0.0.1 - - [11/Sep/2018 16:46:16] "GET /static/news/js/jquery-1.12.4.min.js HTTP/1.1" 304 -
INFO _internal.py:88 127.0.0.1 - - [11/Sep/2018 16:46:16] "GET /static/news/js/main.js HTTP/1.1" 304 -
INFO _internal.py:88 127.0.0.1 - - [11/Sep/2018 16:46:16] "GET /static/news/js/index.js HTTP/1.1" 304 -
INFO _internal.py:88 127.0.0.1 - - [11/Sep/2018 16:46:16] "GET /static/news/images/logo.png HTTP/1.1" 304 -
INFO _internal.py:88 127.0.0.1 - - [11/Sep/2018 16:46:16] "GET /static/news/images/news_pic.jpg HTTP/1.1" 304 -
INFO _internal.py:88 127.0.0.1 - - [11/Sep/2018 16:46:16] "GET /static/news/images/person.png HTTP/1.1" 304 -
INFO _internal.py:88 127.0.0.1 - - [11/Sep/2018 16:46:16] "GET /static/news/images/pic_code.png HTTP/1.1" 304 -
INFO _internal.py:88 127.0.0.1 - - [11/Sep/2018 16:46:20] "GET /passport/image_code?code_id=bf688e19-9de0-45d7-9ce4-6c9705113546 HTTP/1.1" 200 -
INFO _internal.py:88 127.0.0.1 - - [11/Sep/2018 16:46:39] "POST /passport/sms_code HTTP/1.1" 200 -
INFO _internal.py:88  * Running on http://127.0.0.1:5000/ (Press CTRL+C to quit)
INFO _internal.py:88  * Restarting with stat
WARNING _internal.py:88  * Debugger is active!
INFO _internal.py:88  * Debugger PIN: 227-482-433
INFO _internal.py:88 127.0.0.1 - - [11/Sep/2018 17:17:57] "GET / HTTP/1.1" 200 -
INFO _internal.py:88 127.0.0.1 - - [11/Sep/2018 17:17:57] "GET /static/news/css/reset.css HTTP/1.1" 304 -
INFO _internal.py:88 127.0.0.1 - - [11/Sep/2018 17:17:57] "GET /static/news/css/main.css HTTP/1.1" 304 -
INFO _internal.py:88 127.0.0.1 - - [11/Sep/2018 17:17:58] "GET /static/news/js/jquery-1.12.4.min.js HTTP/1.1" 304 -
INFO _internal.py:88 127.0.0.1 - - [11/Sep/2018 17:17:58] "GET /static/news/js/main.js HTTP/1.1" 304 -
INFO _internal.py:88 127.0.0.1 - - [11/Sep/2018 17:17:58] "GET /static/news/js/index.js HTTP/1.1" 304 -
INFO _internal.py:88 127.0.0.1 - - [11/Sep/2018 17:17:58] "GET /static/news/images/logo.png HTTP/1.1" 304 -
INFO _internal.py:88 127.0.0.1 - - [11/Sep/2018 17:17:58] "GET /static/news/images/news_pic.jpg HTTP/1.1" 304 -
INFO _internal.py:88 127.0.0.1 - - [11/Sep/2018 17:17:58] "GET /static/news/images/person.png HTTP/1.1" 304 -
INFO _internal.py:88 127.0.0.1 - - [11/Sep/2018 17:17:58] "GET /static/news/images/pic_code.png HTTP/1.1" 304 -
INFO _internal.py:88 127.0.0.1 - - [11/Sep/2018 17:17:59] "GET /passport/image_code?code_id=121b4934-edbd-48a7-8b32-3c0370b51574 HTTP/1.1" 200 -
INFO _internal.py:88 127.0.0.1 - - [11/Sep/2018 17:18:17] "POST /passport/sms_code HTTP/1.1" 200 -
INFO _internal.py:88 127.0.0.1 - - [11/Sep/2018 17:18:39] "POST /passport/register HTTP/1.1" 200 -
INFO _internal.py:88  * Detected change in '/home/python/python_project/xjzx11/project_xjzx/info/modules/passport/views.py', reloading
INFO _internal.py:88  * Restarting with stat
WARNING _internal.py:88  * Debugger is active!
INFO _internal.py:88  * Debugger PIN: 227-482-433
INFO _internal.py:88  * Detected change in '/home/python/python_project/xjzx11/project_xjzx/info/modules/passport/views.py', reloading
INFO _internal.py:88  * Restarting with stat
WARNING _internal.py:88  * Debugger is active!
INFO _internal.py:88  * Debugger PIN: 227-482-433
INFO _internal.py:88 127.0.0.1 - - [11/Sep/2018 17:20:38] "GET / HTTP/1.1" 200 -
INFO _internal.py:88 127.0.0.1 - - [11/Sep/2018 17:20:38] "GET /static/news/css/reset.css HTTP/1.1" 304 -
INFO _internal.py:88 127.0.0.1 - - [11/Sep/2018 17:20:38] "GET /static/news/css/main.css HTTP/1.1" 304 -
INFO _internal.py:88 127.0.0.1 - - [11/Sep/2018 17:20:38] "GET /static/news/js/jquery-1.12.4.min.js HTTP/1.1" 304 -
INFO _internal.py:88 127.0.0.1 - - [11/Sep/2018 17:20:38] "GET /static/news/js/main.js HTTP/1.1" 304 -
INFO _internal.py:88 127.0.0.1 - - [11/Sep/2018 17:20:38] "GET /static/news/js/index.js HTTP/1.1" 304 -
INFO _internal.py:88 127.0.0.1 - - [11/Sep/2018 17:20:38] "GET /static/news/images/logo.png HTTP/1.1" 304 -
INFO _internal.py:88 127.0.0.1 - - [11/Sep/2018 17:20:38] "GET /static/news/images/news_pic.jpg HTTP/1.1" 304 -
INFO _internal.py:88 127.0.0.1 - - [11/Sep/2018 17:20:38] "GET /static/news/images/person.png HTTP/1.1" 304 -
INFO _internal.py:88 127.0.0.1 - - [11/Sep/2018 17:20:38] "GET /static/news/images/pic_code.png HTTP/1.1" 304 -
INFO _internal.py:88 127.0.0.1 - - [11/Sep/2018 17:20:39] "GET /passport/image_code?code_id=38d65a9b-fa81-4200-834a-15c73b312589 HTTP/1.1" 200 -
INFO _internal.py:88 127.0.0.1 - - [11/Sep/2018 17:20:54] "POST /passport/sms_code HTTP/1.1" 200 -
INFO _internal.py:88 127.0.0.1 - - [11/Sep/2018 17:21:11] "POST /passport/register HTTP/1.1" 200 -
INFO _internal.py:88  * Detected change in '/home/python/python_project/xjzx11/project_xjzx/info/modules/passport/views.py', reloading
INFO _internal.py:88  * Restarting with stat
WARNING _internal.py:88  * Debugger is active!
INFO _internal.py:88  * Debugger PIN: 227-482-433
INFO _internal.py:88  * Running on http://127.0.0.1:5000/ (Press CTRL+C to quit)
INFO _internal.py:88  * Restarting with stat
WARNING _internal.py:88  * Debugger is active!
INFO _internal.py:88  * Debugger PIN: 227-482-433
INFO _internal.py:88 127.0.0.1 - - [11/Sep/2018 17:22:22] "GET / HTTP/1.1" 200 -
INFO _internal.py:88 127.0.0.1 - - [11/Sep/2018 17:22:22] "GET /static/news/css/reset.css HTTP/1.1" 304 -
INFO _internal.py:88 127.0.0.1 - - [11/Sep/2018 17:22:22] "GET /static/news/css/main.css HTTP/1.1" 304 -
INFO _internal.py:88 127.0.0.1 - - [11/Sep/2018 17:22:22] "GET /static/news/js/jquery-1.12.4.min.js HTTP/1.1" 304 -
INFO _internal.py:88 127.0.0.1 - - [11/Sep/2018 17:22:22] "GET /static/news/js/main.js HTTP/1.1" 304 -
INFO _internal.py:88 127.0.0.1 - - [11/Sep/2018 17:22:22] "GET /static/news/js/index.js HTTP/1.1" 304 -
INFO _internal.py:88 127.0.0.1 - - [11/Sep/2018 17:22:22] "GET /static/news/images/logo.png HTTP/1.1" 304 -
INFO _internal.py:88 127.0.0.1 - - [11/Sep/2018 17:22:22] "GET /static/news/images/news_pic.jpg HTTP/1.1" 304 -
INFO _internal.py:88 127.0.0.1 - - [11/Sep/2018 17:22:22] "GET /static/news/images/person.png HTTP/1.1" 304 -
INFO _internal.py:88 127.0.0.1 - - [11/Sep/2018 17:22:22] "GET /static/news/images/pic_code.png HTTP/1.1" 304 -
INFO _internal.py:88 127.0.0.1 - - [11/Sep/2018 17:22:23] "GET /passport/image_code?code_id=bd69c9ce-2c99-479a-86bf-7c3ca652fd6e HTTP/1.1" 200 -
INFO _internal.py:88 127.0.0.1 - - [11/Sep/2018 17:22:38] "POST /passport/sms_code HTTP/1.1" 200 -
INFO _internal.py:88 127.0.0.1 - - [11/Sep/2018 17:23:35] "POST /passport/register HTTP/1.1" 200 -
INFO _internal.py:88 127.0.0.1 - - [11/Sep/2018 17:23:35] "GET / HTTP/1.1" 200 -
INFO _internal.py:88 127.0.0.1 - - [11/Sep/2018 17:23:35] "GET /static/news/css/reset.css HTTP/1.1" 304 -
INFO _internal.py:88 127.0.0.1 - - [11/Sep/2018 17:23:35] "GET /static/news/css/main.css HTTP/1.1" 304 -
INFO _internal.py:88 127.0.0.1 - - [11/Sep/2018 17:23:35] "GET /static/news/js/jquery-1.12.4.min.js HTTP/1.1" 304 -
INFO _internal.py:88 127.0.0.1 - - [11/Sep/2018 17:23:35] "GET /static/news/js/main.js HTTP/1.1" 304 -
INFO _internal.py:88 127.0.0.1 - - [11/Sep/2018 17:23:35] "GET /static/news/js/index.js HTTP/1.1" 304 -
INFO _internal.py:88 127.0.0.1 - - [11/Sep/2018 17:23:35] "GET /static/news/images/logo.png HTTP/1.1" 304 -
INFO _internal.py:88 127.0.0.1 - - [11/Sep/2018 17:23:35] "GET /static/news/images/news_pic.jpg HTTP/1.1" 304 -
INFO _internal.py:88 127.0.0.1 - - [11/Sep/2018 17:23:35] "GET /static/news/images/person01.png HTTP/1.1" 200 -
INFO _internal.py:88 127.0.0.1 - - [11/Sep/2018 17:23:35] "GET /static/news/images/person.png HTTP/1.1" 304 -
INFO _internal.py:88 127.0.0.1 - - [11/Sep/2018 17:23:35] "GET /static/news/images/pic_code.png HTTP/1.1" 304 -
INFO _internal.py:88 127.0.0.1 - - [11/Sep/2018 17:25:14] "GET / HTTP/1.1" 200 -
INFO _internal.py:88 127.0.0.1 - - [11/Sep/2018 17:25:14] "GET /static/news/css/reset.css HTTP/1.1" 304 -
INFO _internal.py:88 127.0.0.1 - - [11/Sep/2018 17:25:14] "GET /static/news/css/main.css HTTP/1.1" 304 -
INFO _internal.py:88 127.0.0.1 - - [11/Sep/2018 17:25:14] "GET /static/news/js/jquery-1.12.4.min.js HTTP/1.1" 304 -
INFO _internal.py:88 127.0.0.1 - - [11/Sep/2018 17:25:14] "GET /static/news/js/main.js HTTP/1.1" 304 -
INFO _internal.py:88 127.0.0.1 - - [11/Sep/2018 17:25:14] "GET /static/news/js/index.js HTTP/1.1" 304 -
INFO _internal.py:88 127.0.0.1 - - [11/Sep/2018 17:25:14] "GET /static/news/images/logo.png HTTP/1.1" 304 -
INFO _internal.py:88 127.0.0.1 - - [11/Sep/2018 17:25:14] "GET /static/news/images/person01.png HTTP/1.1" 304 -
INFO _internal.py:88 127.0.0.1 - - [11/Sep/2018 17:25:14] "GET /static/news/images/news_pic.jpg HTTP/1.1" 304 -
INFO _internal.py:88 127.0.0.1 - - [11/Sep/2018 17:25:14] "GET /static/news/images/person.png HTTP/1.1" 304 -
INFO _internal.py:88 127.0.0.1 - - [11/Sep/2018 17:25:14] "GET /static/news/images/pic_code.png HTTP/1.1" 304 -
INFO _internal.py:88 127.0.0.1 - - [11/Sep/2018 17:25:14] "GET / HTTP/1.1" 200 -
INFO _internal.py:88 127.0.0.1 - - [11/Sep/2018 17:25:15] "GET /static/news/css/reset.css HTTP/1.1" 304 -
INFO _internal.py:88 127.0.0.1 - - [11/Sep/2018 17:25:15] "GET /static/news/css/main.css HTTP/1.1" 304 -
INFO _internal.py:88 127.0.0.1 - - [11/Sep/2018 17:25:15] "GET /static/news/js/jquery-1.12.4.min.js HTTP/1.1" 304 -
INFO _internal.py:88 127.0.0.1 - - [11/Sep/2018 17:25:15] "GET /static/news/js/main.js HTTP/1.1" 304 -
INFO _internal.py:88 127.0.0.1 - - [11/Sep/2018 17:25:15] "GET /static/news/js/index.js HTTP/1.1" 304 -
INFO _internal.py:88 127.0.0.1 - - [11/Sep/2018 17:25:15] "GET /static/news/images/logo.png HTTP/1.1" 304 -
INFO _internal.py:88 127.0.0.1 - - [11/Sep/2018 17:25:15] "GET /static/news/images/person01.png HTTP/1.1" 304 -
INFO _internal.py:88 127.0.0.1 - - [11/Sep/2018 17:25:15] "GET /static/news/images/news_pic.jpg HTTP/1.1" 304 -
INFO _internal.py:88 127.0.0.1 - - [11/Sep/2018 17:25:15] "GET /static/news/images/person.png HTTP/1.1" 304 -
INFO _internal.py:88 127.0.0.1 - - [11/Sep/2018 17:25:15] "GET /static/news/images/pic_code.png HTTP/1.1" 304 -
INFO _internal.py:88 127.0.0.1 - - [11/Sep/2018 17:25:15] "POST /passport/logout HTTP/1.1" 404 -
INFO _internal.py:88 127.0.0.1 - - [11/Sep/2018 17:25:16] "POST /passport/logout HTTP/1.1" 404 -
INFO _internal.py:88 127.0.0.1 - - [11/Sep/2018 17:25:16] "POST /passport/logout HTTP/1.1" 404 -
INFO _internal.py:88 127.0.0.1 - - [11/Sep/2018 17:25:16] "POST /passport/logout HTTP/1.1" 404 -
<<<<<<< HEAD
>>>>>>> b74fbf6114eb9533d2fe7ec44acad9f3c69da139
INFO _internal.py:88  * Running on http://127.0.0.1:5000/ (Press CTRL+C to quit)
INFO _internal.py:88 127.0.0.1 - - [11/Sep/2018 17:41:19] "GET / HTTP/1.1" 200 -
INFO _internal.py:88 127.0.0.1 - - [11/Sep/2018 17:41:21] "GET /passport/image_code?code_id=c20939e7-4fce-4d2f-83da-752fa5969879 HTTP/1.1" 200 -
INFO _internal.py:88  * Running on http://127.0.0.1:5000/ (Press CTRL+C to quit)
INFO _internal.py:88 127.0.0.1 - - [11/Sep/2018 17:45:36] "GET / HTTP/1.1" 200 -
INFO _internal.py:88 127.0.0.1 - - [11/Sep/2018 17:45:37] "GET /passport/image_code?code_id=0c3984ba-b138-4ba3-a37c-083b836179a1 HTTP/1.1" 200 -
INFO _internal.py:88  * Running on http://127.0.0.1:5000/ (Press CTRL+C to quit)
INFO _internal.py:88 127.0.0.1 - - [11/Sep/2018 18:39:44] "GET / HTTP/1.1" 200 -
INFO _internal.py:88 127.0.0.1 - - [11/Sep/2018 18:39:44] "GET /static/news/js/main.js HTTP/1.1" 200 -
INFO _internal.py:88 127.0.0.1 - - [11/Sep/2018 18:39:45] "GET /static/news/css/reset.css HTTP/1.1" 200 -
INFO _internal.py:88 127.0.0.1 - - [11/Sep/2018 18:39:45] "GET /static/news/css/main.css HTTP/1.1" 200 -
INFO _internal.py:88 127.0.0.1 - - [11/Sep/2018 18:39:45] "GET /static/news/js/jquery-1.12.4.min.js HTTP/1.1" 200 -
INFO _internal.py:88 127.0.0.1 - - [11/Sep/2018 18:39:45] "GET /static/news/js/index.js HTTP/1.1" 200 -
INFO _internal.py:88 127.0.0.1 - - [11/Sep/2018 18:39:45] "GET /static/news/images/logo.png HTTP/1.1" 200 -
INFO _internal.py:88 127.0.0.1 - - [11/Sep/2018 18:39:45] "GET /static/news/images/news_pic.jpg HTTP/1.1" 200 -
INFO _internal.py:88 127.0.0.1 - - [11/Sep/2018 18:39:45] "GET /static/news/images/person.png HTTP/1.1" 200 -
INFO _internal.py:88 127.0.0.1 - - [11/Sep/2018 18:39:45] "GET /static/news/images/pic_code.png HTTP/1.1" 200 -
INFO _internal.py:88 127.0.0.1 - - [11/Sep/2018 18:39:45] "GET /static/news/images/clock.png HTTP/1.1" 200 -
INFO _internal.py:88 127.0.0.1 - - [11/Sep/2018 18:39:45] "GET /static/news/images/hit_icon.png HTTP/1.1" 200 -
INFO _internal.py:88 127.0.0.1 - - [11/Sep/2018 18:39:46] "GET /favicon.ico HTTP/1.1" 404 -
INFO _internal.py:88 127.0.0.1 - - [11/Sep/2018 18:39:47] "GET /passport/image_code?code_id=a4524377-5d9d-4f5b-afed-eb821cd3d786 HTTP/1.1" 200 -
INFO _internal.py:88 127.0.0.1 - - [11/Sep/2018 18:39:47] "GET /static/news/images/shutoff.png HTTP/1.1" 200 -
ERROR app.py:1761 Exception on /passport/sms_code [GET]
Traceback (most recent call last):
  File "G:\python_virtualenv\flask3_venv\lib\site-packages\flask\app.py", line 2292, in wsgi_app
    response = self.full_dispatch_request()
  File "G:\python_virtualenv\flask3_venv\lib\site-packages\flask\app.py", line 1815, in full_dispatch_request
    rv = self.handle_user_exception(e)
  File "G:\python_virtualenv\flask3_venv\lib\site-packages\flask\app.py", line 1718, in handle_user_exception
    reraise(exc_type, exc_value, tb)
  File "G:\python_virtualenv\flask3_venv\lib\site-packages\flask\_compat.py", line 35, in reraise
    raise value
  File "G:\python_virtualenv\flask3_venv\lib\site-packages\flask\app.py", line 1813, in full_dispatch_request
    rv = self.dispatch_request()
  File "G:\python_virtualenv\flask3_venv\lib\site-packages\flask\app.py", line 1799, in dispatch_request
    return self.view_functions[rule.endpoint](**req.view_args)
  File "G:\github_repository\xjzx11\project_xjzx\info\modules\passport\views.py", line 45, in send_smscode
    mobile = param_dict.get("mobile")
AttributeError: 'NoneType' object has no attribute 'get'
INFO _internal.py:88 127.0.0.1 - - [11/Sep/2018 18:41:59] "GET /passport/sms_code HTTP/1.1" 500 -
INFO _internal.py:88  * Running on http://127.0.0.1:5000/ (Press CTRL+C to quit)
INFO _internal.py:88 127.0.0.1 - - [11/Sep/2018 18:42:34] "GET / HTTP/1.1" 200 -
INFO _internal.py:88 127.0.0.1 - - [11/Sep/2018 18:42:38] "GET / HTTP/1.1" 200 -
INFO _internal.py:88 127.0.0.1 - - [11/Sep/2018 18:42:39] "GET /passport/image_code?code_id=ba9a095f-4890-4a5c-aa69-aea09db7b11b HTTP/1.1" 200 -
INFO _internal.py:88  * Running on http://127.0.0.1:5000/ (Press CTRL+C to quit)
INFO _internal.py:88  * Running on http://127.0.0.1:5000/ (Press CTRL+C to quit)
INFO _internal.py:88 127.0.0.1 - - [11/Sep/2018 18:44:18] "GET / HTTP/1.1" 200 -
INFO _internal.py:88 127.0.0.1 - - [11/Sep/2018 18:44:22] "GET /passport/image_code?code_id=36f435e7-0842-4dcf-9424-c3e017859979 HTTP/1.1" 200 -
INFO _internal.py:88  * Running on http://127.0.0.1:5000/ (Press CTRL+C to quit)
INFO _internal.py:88 127.0.0.1 - - [11/Sep/2018 18:47:22] "GET / HTTP/1.1" 200 -
INFO _internal.py:88 127.0.0.1 - - [11/Sep/2018 18:47:24] "GET /passport/image_code?code_id=c572bbc9-8e49-4f0f-946a-c73faadb11ce HTTP/1.1" 200 -
INFO _internal.py:88  * Running on http://127.0.0.1:5000/ (Press CTRL+C to quit)
INFO _internal.py:88 127.0.0.1 - - [11/Sep/2018 18:48:37] "GET / HTTP/1.1" 200 -
INFO _internal.py:88 127.0.0.1 - - [11/Sep/2018 18:48:38] "GET /passport/image_code?code_id=ec3f185a-6250-4d0b-a18e-ff69b2063ada HTTP/1.1" 200 -
INFO _internal.py:88 127.0.0.1 - - [11/Sep/2018 18:49:25] "GET / HTTP/1.1" 200 -
INFO _internal.py:88  * Running on http://127.0.0.1:5000/ (Press CTRL+C to quit)
INFO _internal.py:88 127.0.0.1 - - [11/Sep/2018 18:50:32] "GET / HTTP/1.1" 200 -
INFO _internal.py:88 127.0.0.1 - - [11/Sep/2018 18:50:50] "GET /passport/image_code?code_id=0f4e860a-f58e-4a35-a1c1-420ab4c1c48a HTTP/1.1" 200 -
INFO _internal.py:88  * Running on http://127.0.0.1:5000/ (Press CTRL+C to quit)
INFO _internal.py:88 127.0.0.1 - - [11/Sep/2018 18:51:35] "GET / HTTP/1.1" 200 -
INFO _internal.py:88  * Running on http://127.0.0.1:5000/ (Press CTRL+C to quit)
INFO _internal.py:88 127.0.0.1 - - [11/Sep/2018 19:04:39] "GET / HTTP/1.1" 200 -
INFO _internal.py:88 127.0.0.1 - - [11/Sep/2018 19:04:42] "GET /passport/image_code?code_id=00ecaf34-5fc7-4cc9-8e52-7a9242597aaa HTTP/1.1" 200 -
INFO _internal.py:88  * Running on http://127.0.0.1:5000/ (Press CTRL+C to quit)
INFO _internal.py:88 127.0.0.1 - - [11/Sep/2018 21:14:39] "GET / HTTP/1.1" 200 -
INFO _internal.py:88 127.0.0.1 - - [11/Sep/2018 21:14:41] "GET /passport/image_code?code_id=1178d150-e3f7-4588-b295-b72ef1398b50 HTTP/1.1" 200 -
INFO _internal.py:88 127.0.0.1 - - [11/Sep/2018 21:19:32] "GET / HTTP/1.1" 200 -
INFO _internal.py:88  * Running on http://127.0.0.1:5000/ (Press CTRL+C to quit)
INFO _internal.py:88 127.0.0.1 - - [11/Sep/2018 21:27:44] "GET / HTTP/1.1" 200 -
INFO _internal.py:88  * Running on http://127.0.0.1:5000/ (Press CTRL+C to quit)
INFO _internal.py:88 127.0.0.1 - - [11/Sep/2018 21:40:09] "GET / HTTP/1.1" 200 -
INFO _internal.py:88  * Running on http://127.0.0.1:5000/ (Press CTRL+C to quit)
INFO _internal.py:88 127.0.0.1 - - [11/Sep/2018 21:42:20] "GET / HTTP/1.1" 200 -
INFO _internal.py:88 127.0.0.1 - - [11/Sep/2018 21:43:18] "GET / HTTP/1.1" 200 -
INFO _internal.py:88  * Running on http://127.0.0.1:5000/ (Press CTRL+C to quit)
INFO _internal.py:88 127.0.0.1 - - [12/Sep/2018 09:47:52] "GET / HTTP/1.1" 200 -
INFO _internal.py:88 127.0.0.1 - - [12/Sep/2018 09:47:52] "GET /static/news/css/reset.css HTTP/1.1" 304 -
INFO _internal.py:88 127.0.0.1 - - [12/Sep/2018 09:47:52] "GET /static/news/css/main.css HTTP/1.1" 304 -
INFO _internal.py:88 127.0.0.1 - - [12/Sep/2018 09:47:53] "GET /static/news/js/jquery-1.12.4.min.js HTTP/1.1" 200 -
INFO _internal.py:88 127.0.0.1 - - [12/Sep/2018 09:47:53] "GET /static/news/js/index.js HTTP/1.1" 304 -
INFO _internal.py:88 127.0.0.1 - - [12/Sep/2018 09:47:53] "GET /static/news/images/news_pic.jpg HTTP/1.1" 304 -
INFO _internal.py:88 127.0.0.1 - - [12/Sep/2018 09:47:53] "GET /static/news/images/logo.png HTTP/1.1" 304 -
INFO _internal.py:88 127.0.0.1 - - [12/Sep/2018 09:47:53] "GET /static/news/js/main.js HTTP/1.1" 200 -
INFO _internal.py:88 127.0.0.1 - - [12/Sep/2018 09:47:53] "GET /static/news/images/person.png HTTP/1.1" 304 -
INFO _internal.py:88 127.0.0.1 - - [12/Sep/2018 09:47:53] "GET /static/news/images/pic_code.png HTTP/1.1" 304 -
INFO _internal.py:88 127.0.0.1 - - [12/Sep/2018 09:47:54] "GET /static/news/images/clock.png HTTP/1.1" 304 -
INFO _internal.py:88 127.0.0.1 - - [12/Sep/2018 09:47:54] "GET /static/news/images/hit_icon.png HTTP/1.1" 304 -
INFO _internal.py:88 127.0.0.1 - - [12/Sep/2018 09:47:54] "GET /favicon.ico HTTP/1.1" 404 -
INFO _internal.py:88 127.0.0.1 - - [12/Sep/2018 09:47:56] "GET /static/news/images/shutoff.png HTTP/1.1" 304 -
INFO _internal.py:88 127.0.0.1 - - [12/Sep/2018 09:47:56] "GET /passport/image_code?code_id=c875bb11-d6af-4f95-9612-7d6a0497611a HTTP/1.1" 200 -
INFO _internal.py:88  * Running on http://127.0.0.1:5000/ (Press CTRL+C to quit)
INFO _internal.py:88  * Running on http://127.0.0.1:5000/ (Press CTRL+C to quit)
INFO _internal.py:88 127.0.0.1 - - [12/Sep/2018 10:03:03] "GET / HTTP/1.1" 200 -
INFO _internal.py:88 127.0.0.1 - - [12/Sep/2018 10:03:12] "POST /passport/login HTTP/1.1" 200 -
INFO _internal.py:88 127.0.0.1 - - [12/Sep/2018 10:03:13] "GET / HTTP/1.1" 200 -
INFO _internal.py:88 127.0.0.1 - - [12/Sep/2018 10:03:13] "GET /static/news/images/person01.png HTTP/1.1" 304 -
INFO _internal.py:88 127.0.0.1 - - [12/Sep/2018 10:03:18] "POST /passport/logout HTTP/1.1" 200 -
INFO _internal.py:88 127.0.0.1 - - [12/Sep/2018 10:03:18] "GET / HTTP/1.1" 200 -
INFO _internal.py:88 127.0.0.1 - - [12/Sep/2018 10:03:19] "GET /passport/image_code?code_id=4475fa5b-6340-42ad-a5ec-17bd8a0a92c4 HTTP/1.1" 200 -
INFO csrf.py:251 The CSRF token is missing.
INFO _internal.py:88 127.0.0.1 - - [12/Sep/2018 10:03:41] "POST /passport/sms_code HTTP/1.1" 400 -
INFO _internal.py:88  * Restarting with stat
WARNING _internal.py:88  * Debugger is active!
INFO _internal.py:88  * Debugger PIN: 149-709-557
INFO _internal.py:88  * Running on http://127.0.0.1:5000/ (Press CTRL+C to quit)
INFO _internal.py:88 127.0.0.1 - - [12/Sep/2018 10:05:50] "GET / HTTP/1.1" 200 -
INFO _internal.py:88 127.0.0.1 - - [12/Sep/2018 10:05:53] "GET /passport/image_code?code_id=0d389dbb-c277-411e-b0ae-76c196e6e1b1 HTTP/1.1" 200 -
INFO csrf.py:251 The CSRF token is missing.
INFO _internal.py:88 127.0.0.1 - - [12/Sep/2018 10:06:12] "POST /passport/sms_code HTTP/1.1" 400 -
WARNING _internal.py:88  * Debugger is active!
INFO _internal.py:88  * Debugger PIN: 149-709-557
INFO _internal.py:88  * Running on http://127.0.0.1:5000/ (Press CTRL+C to quit)
INFO _internal.py:88 127.0.0.1 - - [12/Sep/2018 10:07:05] "GET / HTTP/1.1" 200 -
INFO _internal.py:88 127.0.0.1 - - [12/Sep/2018 10:07:13] "GET / HTTP/1.1" 200 -
INFO _internal.py:88 127.0.0.1 - - [12/Sep/2018 10:07:14] "GET /passport/image_code?code_id=0136d69b-647f-41c4-9a7e-aa3ea3defdcd HTTP/1.1" 200 -
INFO csrf.py:251 The CSRF token is missing.
INFO _internal.py:88 127.0.0.1 - - [12/Sep/2018 10:07:28] "POST /passport/sms_code HTTP/1.1" 400 -
INFO _internal.py:88  * Restarting with stat
WARNING _internal.py:88  * Debugger is active!
INFO _internal.py:88  * Debugger PIN: 149-709-557
INFO _internal.py:88  * Running on http://127.0.0.1:5000/ (Press CTRL+C to quit)
INFO _internal.py:88 127.0.0.1 - - [12/Sep/2018 10:10:29] "GET / HTTP/1.1" 200 -
INFO _internal.py:88 127.0.0.1 - - [12/Sep/2018 10:10:31] "GET /passport/image_code?code_id=c3d4bf82-1fc8-403e-81e0-f91a3a0ff388 HTTP/1.1" 200 -
INFO csrf.py:251 The CSRF token is missing.
INFO _internal.py:88 127.0.0.1 - - [12/Sep/2018 10:10:47] "POST /passport/sms_code HTTP/1.1" 400 -
INFO _internal.py:88  * Detected change in 'G:\\github_repository\\xjzx11\\project_xjzx\\manage.py', reloading
INFO _internal.py:88  * Restarting with stat
WARNING _internal.py:88  * Debugger is active!
INFO _internal.py:88  * Debugger PIN: 149-709-557
INFO _internal.py:88  * Running on http://127.0.0.1:5000/ (Press CTRL+C to quit)
INFO _internal.py:88 127.0.0.1 - - [12/Sep/2018 10:14:08] "GET / HTTP/1.1" 200 -
INFO _internal.py:88 127.0.0.1 - - [12/Sep/2018 10:14:10] "GET /passport/image_code?code_id=f018fa8d-7a26-4019-8d6d-527ea1c98225 HTTP/1.1" 200 -
INFO _internal.py:88 127.0.0.1 - - [12/Sep/2018 10:14:16] "GET / HTTP/1.1" 200 -
INFO _internal.py:88 127.0.0.1 - - [12/Sep/2018 10:14:18] "GET /passport/image_code?code_id=4adfc424-642d-4dff-aefa-98f683e5d51d HTTP/1.1" 200 -
INFO csrf.py:251 The CSRF token is missing.
INFO _internal.py:88 127.0.0.1 - - [12/Sep/2018 10:14:37] "POST /passport/sms_code HTTP/1.1" 400 -
INFO _internal.py:88  * Restarting with stat
WARNING _internal.py:88  * Debugger is active!
INFO _internal.py:88  * Debugger PIN: 149-709-557
INFO _internal.py:88  * Running on http://127.0.0.1:5000/ (Press CTRL+C to quit)
INFO _internal.py:88 127.0.0.1 - - [12/Sep/2018 10:16:16] "GET / HTTP/1.1" 200 -
INFO _internal.py:88 127.0.0.1 - - [12/Sep/2018 10:16:26] "POST /passport/login HTTP/1.1" 200 -
INFO _internal.py:88 127.0.0.1 - - [12/Sep/2018 10:16:26] "GET / HTTP/1.1" 200 -
INFO _internal.py:88 127.0.0.1 - - [12/Sep/2018 10:16:36] "POST /passport/logout HTTP/1.1" 200 -
INFO _internal.py:88 127.0.0.1 - - [12/Sep/2018 10:16:36] "GET / HTTP/1.1" 200 -
INFO _internal.py:88 127.0.0.1 - - [12/Sep/2018 10:16:40] "GET /passport/image_code?code_id=01d9393d-ba3a-4f61-aab0-1d41ae14f6a4 HTTP/1.1" 200 -
INFO csrf.py:251 The CSRF token is missing.
INFO _internal.py:88 127.0.0.1 - - [12/Sep/2018 10:16:54] "POST /passport/sms_code HTTP/1.1" 400 -
INFO _internal.py:88  * Restarting with stat
WARNING _internal.py:88  * Debugger is active!
INFO _internal.py:88  * Debugger PIN: 149-709-557
INFO _internal.py:88  * Running on http://127.0.0.1:5000/ (Press CTRL+C to quit)
INFO _internal.py:88 127.0.0.1 - - [12/Sep/2018 10:18:01] "GET / HTTP/1.1" 200 -
INFO _internal.py:88 127.0.0.1 - - [12/Sep/2018 10:18:02] "GET /passport/image_code?code_id=31300f96-12f0-463d-b4fd-09a831715fbd HTTP/1.1" 200 -
INFO _internal.py:88 127.0.0.1 - - [12/Sep/2018 10:18:15] "GET /passport/image_code?code_id=9dedbf25-30b6-4f2d-8785-8f75e645907b HTTP/1.1" 200 -
INFO _internal.py:88 127.0.0.1 - - [12/Sep/2018 10:18:19] "GET /passport/image_code?code_id=4e3e649a-b868-4717-b2d7-c741de0b7a58 HTTP/1.1" 200 -
INFO csrf.py:251 The CSRF token is missing.
INFO _internal.py:88 127.0.0.1 - - [12/Sep/2018 10:18:25] "POST /passport/sms_code HTTP/1.1" 400 -
INFO _internal.py:88 127.0.0.1 - - [12/Sep/2018 10:18:35] "POST /passport/register HTTP/1.1" 500 -
INFO _internal.py:88  * Restarting with stat
WARNING _internal.py:88  * Debugger is active!
INFO _internal.py:88  * Debugger PIN: 149-709-557
INFO _internal.py:88  * Running on http://127.0.0.1:5000/ (Press CTRL+C to quit)
INFO _internal.py:88 127.0.0.1 - - [12/Sep/2018 10:20:48] "GET / HTTP/1.1" 200 -
INFO _internal.py:88 127.0.0.1 - - [12/Sep/2018 10:20:50] "GET /passport/image_code?code_id=cd00ce30-1baa-4524-b4bf-c335fa45f598 HTTP/1.1" 200 -
INFO _internal.py:88 127.0.0.1 - - [12/Sep/2018 10:20:50] "GET /passport/image_code?code_id=9ba68b48-0a72-45a7-972f-171c0292d7a1 HTTP/1.1" 200 -
INFO csrf.py:251 The CSRF token is missing.
INFO _internal.py:88 127.0.0.1 - - [12/Sep/2018 10:21:01] "POST /passport/sms_code HTTP/1.1" 400 -
INFO _internal.py:88 127.0.0.1 - - [12/Sep/2018 10:21:09] "POST /passport/register HTTP/1.1" 200 -
INFO _internal.py:88  * Restarting with stat
WARNING _internal.py:88  * Debugger is active!
INFO _internal.py:88  * Debugger PIN: 149-709-557
INFO _internal.py:88  * Running on http://127.0.0.1:5000/ (Press CTRL+C to quit)
INFO _internal.py:88 127.0.0.1 - - [12/Sep/2018 10:22:13] "GET / HTTP/1.1" 200 -
INFO _internal.py:88 127.0.0.1 - - [12/Sep/2018 10:22:16] "GET / HTTP/1.1" 200 -
INFO _internal.py:88 127.0.0.1 - - [12/Sep/2018 10:22:18] "GET /passport/image_code?code_id=eae56c58-c2c7-4b3e-8834-6cf67e8b3f53 HTTP/1.1" 200 -
INFO _internal.py:88 127.0.0.1 - - [12/Sep/2018 10:22:30] "POST /passport/sms_code HTTP/1.1" 200 -
INFO _internal.py:88 127.0.0.1 - - [12/Sep/2018 10:22:41] "POST /passport/register HTTP/1.1" 200 -
INFO _internal.py:88 127.0.0.1 - - [12/Sep/2018 10:22:41] "GET / HTTP/1.1" 200 -
INFO _internal.py:88 127.0.0.1 - - [12/Sep/2018 10:27:02] "POST /passport/logout HTTP/1.1" 200 -
INFO _internal.py:88 127.0.0.1 - - [12/Sep/2018 10:27:02] "GET / HTTP/1.1" 200 -
INFO _internal.py:88 127.0.0.1 - - [12/Sep/2018 10:27:02] "GET /passport/image_code?code_id=f5c89998-fd13-4ec1-aa22-e9e26e926071 HTTP/1.1" 200 -
INFO _internal.py:88 127.0.0.1 - - [12/Sep/2018 10:27:15] "POST /passport/sms_code HTTP/1.1" 200 -
INFO _internal.py:88 127.0.0.1 - - [12/Sep/2018 10:27:27] "POST /passport/sms_code HTTP/1.1" 200 -
INFO _internal.py:88 127.0.0.1 - - [12/Sep/2018 10:27:29] "POST /passport/sms_code HTTP/1.1" 200 -
INFO _internal.py:88 127.0.0.1 - - [12/Sep/2018 10:27:30] "POST /passport/sms_code HTTP/1.1" 200 -
INFO _internal.py:88 127.0.0.1 - - [12/Sep/2018 10:27:32] "POST /passport/sms_code HTTP/1.1" 200 -
INFO _internal.py:88 127.0.0.1 - - [12/Sep/2018 10:27:37] "GET /passport/image_code?code_id=73c80973-8207-4b29-a819-45730ecff63a HTTP/1.1" 200 -
INFO _internal.py:88 127.0.0.1 - - [12/Sep/2018 10:27:43] "POST /passport/sms_code HTTP/1.1" 200 -
INFO _internal.py:88 127.0.0.1 - - [12/Sep/2018 10:27:53] "GET /passport/image_code?code_id=7f5336c2-dfe5-46ae-ac11-7afaaa375711 HTTP/1.1" 200 -
INFO _internal.py:88 127.0.0.1 - - [12/Sep/2018 10:28:01] "POST /passport/sms_code HTTP/1.1" 200 -
INFO _internal.py:88 127.0.0.1 - - [12/Sep/2018 10:28:12] "POST /passport/register HTTP/1.1" 200 -
INFO _internal.py:88 127.0.0.1 - - [12/Sep/2018 10:28:12] "GET / HTTP/1.1" 200 -
INFO _internal.py:88  * Restarting with stat
WARNING _internal.py:88  * Debugger is active!
INFO _internal.py:88  * Debugger PIN: 149-709-557
INFO _internal.py:88  * Running on http://127.0.0.1:5000/ (Press CTRL+C to quit)
INFO _internal.py:88 127.0.0.1 - - [12/Sep/2018 10:31:29] "GET / HTTP/1.1" 200 -
INFO _internal.py:88 127.0.0.1 - - [12/Sep/2018 10:31:30] "POST /passport/logout HTTP/1.1" 200 -
INFO _internal.py:88 127.0.0.1 - - [12/Sep/2018 10:31:30] "GET / HTTP/1.1" 200 -
INFO _internal.py:88 127.0.0.1 - - [12/Sep/2018 10:31:31] "GET /passport/image_code?code_id=6a4f4276-49fd-4d00-9d6e-345ddda09e2c HTTP/1.1" 200 -
INFO _internal.py:88 127.0.0.1 - - [12/Sep/2018 10:31:51] "POST /passport/sms_code HTTP/1.1" 200 -
INFO _internal.py:88 127.0.0.1 - - [12/Sep/2018 10:31:51] "GET /passport/image_code?code_id=fa8d7d77-d31c-47f3-9972-5e434092945b HTTP/1.1" 200 -
INFO _internal.py:88 127.0.0.1 - - [12/Sep/2018 10:32:04] "POST /passport/sms_code HTTP/1.1" 200 -
INFO _internal.py:88  * Restarting with stat
WARNING _internal.py:88  * Debugger is active!
INFO _internal.py:88  * Debugger PIN: 149-709-557
INFO _internal.py:88  * Running on http://127.0.0.1:5000/ (Press CTRL+C to quit)
INFO _internal.py:88 127.0.0.1 - - [12/Sep/2018 11:00:33] "GET / HTTP/1.1" 200 -
INFO _internal.py:88 127.0.0.1 - - [12/Sep/2018 11:00:36] "GET /passport/image_code?code_id=841aef5d-8054-4e18-8c15-84f855a09780 HTTP/1.1" 200 -
INFO _internal.py:88 127.0.0.1 - - [12/Sep/2018 11:00:49] "POST /passport/sms_code HTTP/1.1" 200 -
INFO _internal.py:88  * Detected change in 'G:\\github_repository\\xjzx11\\project_xjzx\\info\\modules\\passport\\views.py', reloading
INFO _internal.py:88  * Restarting with stat
WARNING _internal.py:88  * Debugger is active!
INFO _internal.py:88  * Debugger PIN: 149-709-557
INFO _internal.py:88  * Running on http://127.0.0.1:5000/ (Press CTRL+C to quit)
INFO _internal.py:88  * Detected change in 'G:\\github_repository\\xjzx11\\project_xjzx\\info\\utils\\sms.py', reloading
INFO _internal.py:88  * Restarting with stat
WARNING _internal.py:88  * Debugger is active!
INFO _internal.py:88  * Debugger PIN: 149-709-557
INFO _internal.py:88  * Running on http://127.0.0.1:5000/ (Press CTRL+C to quit)
INFO _internal.py:88  * Detected change in 'G:\\github_repository\\xjzx11\\project_xjzx\\info\\utils\\sms.py', reloading
INFO _internal.py:88  * Restarting with stat
WARNING _internal.py:88  * Debugger is active!
INFO _internal.py:88  * Debugger PIN: 149-709-557
INFO _internal.py:88  * Running on http://127.0.0.1:5000/ (Press CTRL+C to quit)
INFO _internal.py:88  * Detected change in 'G:\\github_repository\\xjzx11\\project_xjzx\\info\\utils\\sms.py', reloading
INFO _internal.py:88  * Restarting with stat
WARNING _internal.py:88  * Debugger is active!
INFO _internal.py:88  * Debugger PIN: 149-709-557
INFO _internal.py:88  * Running on http://127.0.0.1:5000/ (Press CTRL+C to quit)
INFO _internal.py:88  * Detected change in 'G:\\github_repository\\xjzx11\\project_xjzx\\info\\utils\\sms.py', reloading
INFO _internal.py:88  * Restarting with stat
WARNING _internal.py:88  * Debugger is active!
INFO _internal.py:88  * Debugger PIN: 149-709-557
INFO _internal.py:88  * Running on http://127.0.0.1:5000/ (Press CTRL+C to quit)
INFO _internal.py:88  * Detected change in 'G:\\github_repository\\xjzx11\\project_xjzx\\info\\utils\\sms.py', reloading
INFO _internal.py:88  * Restarting with stat
WARNING _internal.py:88  * Debugger is active!
INFO _internal.py:88  * Debugger PIN: 149-709-557
INFO _internal.py:88  * Running on http://127.0.0.1:5000/ (Press CTRL+C to quit)
INFO _internal.py:88  * Restarting with stat
WARNING _internal.py:88  * Debugger is active!
INFO _internal.py:88  * Debugger PIN: 149-709-557
INFO _internal.py:88  * Running on http://127.0.0.1:5000/ (Press CTRL+C to quit)
INFO _internal.py:88 127.0.0.1 - - [12/Sep/2018 11:06:43] "GET / HTTP/1.1" 200 -
INFO _internal.py:88 127.0.0.1 - - [12/Sep/2018 11:06:45] "GET / HTTP/1.1" 200 -
INFO _internal.py:88 127.0.0.1 - - [12/Sep/2018 11:06:45] "GET /passport/image_code?code_id=947a4375-4f7a-469e-a6ef-a26c88d3a076 HTTP/1.1" 200 -
INFO _internal.py:88 127.0.0.1 - - [12/Sep/2018 11:07:03] "POST /passport/sms_code HTTP/1.1" 500 -
INFO _internal.py:88  * Restarting with stat
WARNING _internal.py:88  * Debugger is active!
INFO _internal.py:88  * Debugger PIN: 149-709-557
INFO _internal.py:88  * Running on http://127.0.0.1:5000/ (Press CTRL+C to quit)
INFO _internal.py:88 127.0.0.1 - - [12/Sep/2018 11:07:38] "GET / HTTP/1.1" 200 -
INFO _internal.py:88 127.0.0.1 - - [12/Sep/2018 11:07:39] "GET /passport/image_code?code_id=9ed02e81-725f-439a-86bb-336a9a6023e9 HTTP/1.1" 200 -
INFO _internal.py:88 127.0.0.1 - - [12/Sep/2018 11:07:49] "POST /passport/sms_code HTTP/1.1" 200 -
INFO _internal.py:88 127.0.0.1 - - [12/Sep/2018 11:08:07] "POST /passport/register HTTP/1.1" 200 -
INFO _internal.py:88 127.0.0.1 - - [12/Sep/2018 11:08:07] "GET / HTTP/1.1" 200 -
INFO _internal.py:88 127.0.0.1 - - [12/Sep/2018 11:08:34] "POST /passport/logout HTTP/1.1" 200 -
INFO _internal.py:88 127.0.0.1 - - [12/Sep/2018 11:08:34] "GET / HTTP/1.1" 200 -
=======
INFO _internal.py:88  * Running on http://127.0.0.1:5000/ (Press CTRL+C to quit)
INFO _internal.py:88  * Restarting with stat
WARNING _internal.py:88  * Debugger is active!
INFO _internal.py:88  * Debugger PIN: 227-482-433
INFO _internal.py:88 127.0.0.1 - - [11/Sep/2018 18:42:54] "POST /passport/logout HTTP/1.1" 404 -
INFO _internal.py:88 127.0.0.1 - - [11/Sep/2018 18:42:56] "GET / HTTP/1.1" 200 -
INFO _internal.py:88 127.0.0.1 - - [11/Sep/2018 18:42:56] "GET /static/news/css/reset.css HTTP/1.1" 304 -
INFO _internal.py:88 127.0.0.1 - - [11/Sep/2018 18:42:56] "GET /static/news/css/main.css HTTP/1.1" 304 -
INFO _internal.py:88 127.0.0.1 - - [11/Sep/2018 18:42:56] "GET /static/news/js/jquery-1.12.4.min.js HTTP/1.1" 304 -
INFO _internal.py:88 127.0.0.1 - - [11/Sep/2018 18:42:56] "GET /static/news/js/main.js HTTP/1.1" 304 -
INFO _internal.py:88 127.0.0.1 - - [11/Sep/2018 18:42:56] "GET /static/news/js/index.js HTTP/1.1" 304 -
INFO _internal.py:88 127.0.0.1 - - [11/Sep/2018 18:42:56] "GET /static/news/images/logo.png HTTP/1.1" 304 -
INFO _internal.py:88 127.0.0.1 - - [11/Sep/2018 18:42:56] "GET /static/news/images/person01.png HTTP/1.1" 304 -
INFO _internal.py:88 127.0.0.1 - - [11/Sep/2018 18:42:56] "GET /static/news/images/news_pic.jpg HTTP/1.1" 304 -
INFO _internal.py:88 127.0.0.1 - - [11/Sep/2018 18:42:56] "GET /static/news/images/person.png HTTP/1.1" 304 -
INFO _internal.py:88 127.0.0.1 - - [11/Sep/2018 18:42:56] "GET /static/news/images/pic_code.png HTTP/1.1" 304 -
INFO _internal.py:88  * Running on http://127.0.0.1:5000/ (Press CTRL+C to quit)
INFO _internal.py:88  * Restarting with stat
WARNING _internal.py:88  * Debugger is active!
INFO _internal.py:88  * Debugger PIN: 227-482-433
INFO _internal.py:88 127.0.0.1 - - [11/Sep/2018 18:44:52] "POST /passport/logout HTTP/1.1" 200 -
INFO _internal.py:88 127.0.0.1 - - [11/Sep/2018 18:44:52] "GET / HTTP/1.1" 200 -
INFO _internal.py:88 127.0.0.1 - - [11/Sep/2018 18:44:52] "GET /static/news/css/reset.css HTTP/1.1" 304 -
INFO _internal.py:88 127.0.0.1 - - [11/Sep/2018 18:44:52] "GET /static/news/css/main.css HTTP/1.1" 304 -
INFO _internal.py:88 127.0.0.1 - - [11/Sep/2018 18:44:52] "GET /static/news/js/jquery-1.12.4.min.js HTTP/1.1" 304 -
INFO _internal.py:88 127.0.0.1 - - [11/Sep/2018 18:44:52] "GET /static/news/js/main.js HTTP/1.1" 304 -
INFO _internal.py:88 127.0.0.1 - - [11/Sep/2018 18:44:52] "GET /static/news/js/index.js HTTP/1.1" 304 -
INFO _internal.py:88 127.0.0.1 - - [11/Sep/2018 18:44:52] "GET /static/news/images/logo.png HTTP/1.1" 304 -
INFO _internal.py:88 127.0.0.1 - - [11/Sep/2018 18:44:52] "GET /static/news/images/news_pic.jpg HTTP/1.1" 304 -
INFO _internal.py:88 127.0.0.1 - - [11/Sep/2018 18:44:52] "GET /static/news/images/person.png HTTP/1.1" 304 -
INFO _internal.py:88 127.0.0.1 - - [11/Sep/2018 18:44:52] "GET /static/news/images/pic_code.png HTTP/1.1" 304 -
INFO _internal.py:88 127.0.0.1 - - [11/Sep/2018 18:44:53] "GET / HTTP/1.1" 200 -
INFO _internal.py:88 127.0.0.1 - - [11/Sep/2018 18:44:53] "GET /static/news/css/reset.css HTTP/1.1" 304 -
INFO _internal.py:88 127.0.0.1 - - [11/Sep/2018 18:44:53] "GET /static/news/css/main.css HTTP/1.1" 304 -
INFO _internal.py:88 127.0.0.1 - - [11/Sep/2018 18:44:53] "GET /static/news/js/jquery-1.12.4.min.js HTTP/1.1" 304 -
INFO _internal.py:88 127.0.0.1 - - [11/Sep/2018 18:44:53] "GET /static/news/js/main.js HTTP/1.1" 304 -
INFO _internal.py:88 127.0.0.1 - - [11/Sep/2018 18:44:53] "GET /static/news/js/index.js HTTP/1.1" 304 -
INFO _internal.py:88 127.0.0.1 - - [11/Sep/2018 18:44:53] "GET /static/news/images/logo.png HTTP/1.1" 304 -
INFO _internal.py:88 127.0.0.1 - - [11/Sep/2018 18:44:53] "GET /static/news/images/news_pic.jpg HTTP/1.1" 304 -
INFO _internal.py:88 127.0.0.1 - - [11/Sep/2018 18:44:53] "GET /static/news/images/person.png HTTP/1.1" 304 -
INFO _internal.py:88 127.0.0.1 - - [11/Sep/2018 18:44:53] "GET /static/news/images/pic_code.png HTTP/1.1" 304 -
INFO _internal.py:88 127.0.0.1 - - [11/Sep/2018 18:44:57] "GET /passport/image_code?code_id=e75180d2-5a25-4517-a241-52db04560bf5 HTTP/1.1" 200 -
INFO _internal.py:88 127.0.0.1 - - [11/Sep/2018 18:45:26] "POST /passport/sms_code HTTP/1.1" 200 -
INFO _internal.py:88  * Running on http://127.0.0.1:5000/ (Press CTRL+C to quit)
INFO _internal.py:88  * Restarting with stat
WARNING _internal.py:88  * Debugger is active!
INFO _internal.py:88  * Debugger PIN: 227-482-433
INFO _internal.py:88 127.0.0.1 - - [11/Sep/2018 18:53:24] "GET / HTTP/1.1" 200 -
INFO _internal.py:88 127.0.0.1 - - [11/Sep/2018 18:53:24] "GET /static/news/css/reset.css HTTP/1.1" 304 -
INFO _internal.py:88 127.0.0.1 - - [11/Sep/2018 18:53:24] "GET /static/news/css/main.css HTTP/1.1" 304 -
INFO _internal.py:88 127.0.0.1 - - [11/Sep/2018 18:53:24] "GET /static/news/js/jquery-1.12.4.min.js HTTP/1.1" 304 -
INFO _internal.py:88 127.0.0.1 - - [11/Sep/2018 18:53:24] "GET /static/news/js/main.js HTTP/1.1" 304 -
INFO _internal.py:88 127.0.0.1 - - [11/Sep/2018 18:53:24] "GET /static/news/js/index.js HTTP/1.1" 304 -
INFO _internal.py:88 127.0.0.1 - - [11/Sep/2018 18:53:24] "GET /static/news/images/logo.png HTTP/1.1" 304 -
INFO _internal.py:88 127.0.0.1 - - [11/Sep/2018 18:53:24] "GET /static/news/images/news_pic.jpg HTTP/1.1" 304 -
INFO _internal.py:88 127.0.0.1 - - [11/Sep/2018 18:53:24] "GET /static/news/images/person.png HTTP/1.1" 304 -
INFO _internal.py:88 127.0.0.1 - - [11/Sep/2018 18:53:24] "GET /static/news/images/pic_code.png HTTP/1.1" 304 -
INFO _internal.py:88  * Running on http://127.0.0.1:5000/ (Press CTRL+C to quit)
INFO _internal.py:88  * Restarting with stat
WARNING _internal.py:88  * Debugger is active!
INFO _internal.py:88  * Debugger PIN: 227-482-433
INFO _internal.py:88  * Running on http://127.0.0.1:5000/ (Press CTRL+C to quit)
INFO _internal.py:88  * Restarting with stat
WARNING _internal.py:88  * Debugger is active!
INFO _internal.py:88  * Debugger PIN: 227-482-433
INFO _internal.py:88 127.0.0.1 - - [11/Sep/2018 19:15:12] "GET / HTTP/1.1" 200 -
INFO _internal.py:88 127.0.0.1 - - [11/Sep/2018 19:15:12] "GET /static/news/css/reset.css HTTP/1.1" 304 -
INFO _internal.py:88 127.0.0.1 - - [11/Sep/2018 19:15:12] "GET /static/news/css/main.css HTTP/1.1" 304 -
INFO _internal.py:88 127.0.0.1 - - [11/Sep/2018 19:15:12] "GET /static/news/js/jquery-1.12.4.min.js HTTP/1.1" 304 -
INFO _internal.py:88 127.0.0.1 - - [11/Sep/2018 19:15:12] "GET /static/news/js/main.js HTTP/1.1" 304 -
INFO _internal.py:88 127.0.0.1 - - [11/Sep/2018 19:15:12] "GET /static/news/js/index.js HTTP/1.1" 304 -
INFO _internal.py:88 127.0.0.1 - - [11/Sep/2018 19:15:12] "GET /static/news/images/logo.png HTTP/1.1" 304 -
INFO _internal.py:88 127.0.0.1 - - [11/Sep/2018 19:15:12] "GET /static/news/images/news_pic.jpg HTTP/1.1" 304 -
INFO _internal.py:88 127.0.0.1 - - [11/Sep/2018 19:15:12] "GET /static/news/images/person.png HTTP/1.1" 304 -
INFO _internal.py:88 127.0.0.1 - - [11/Sep/2018 19:15:12] "GET /static/news/images/pic_code.png HTTP/1.1" 304 -
INFO _internal.py:88 127.0.0.1 - - [11/Sep/2018 19:15:14] "GET /passport/image_code?code_id=81d71c91-d060-461e-9699-c3f1a319f408 HTTP/1.1" 500 -
INFO _internal.py:88  * Running on http://127.0.0.1:5000/ (Press CTRL+C to quit)
INFO _internal.py:88  * Restarting with stat
WARNING _internal.py:88  * Debugger is active!
INFO _internal.py:88  * Debugger PIN: 227-482-433
INFO _internal.py:88 127.0.0.1 - - [11/Sep/2018 19:25:43] "GET / HTTP/1.1" 200 -
INFO _internal.py:88 127.0.0.1 - - [11/Sep/2018 19:25:43] "GET /static/news/css/reset.css HTTP/1.1" 304 -
INFO _internal.py:88 127.0.0.1 - - [11/Sep/2018 19:25:43] "GET /static/news/css/main.css HTTP/1.1" 304 -
INFO _internal.py:88 127.0.0.1 - - [11/Sep/2018 19:25:43] "GET /static/news/js/jquery-1.12.4.min.js HTTP/1.1" 304 -
INFO _internal.py:88 127.0.0.1 - - [11/Sep/2018 19:25:43] "GET /static/news/js/main.js HTTP/1.1" 304 -
INFO _internal.py:88 127.0.0.1 - - [11/Sep/2018 19:25:43] "GET /static/news/js/index.js HTTP/1.1" 304 -
INFO _internal.py:88 127.0.0.1 - - [11/Sep/2018 19:25:43] "GET /static/news/images/logo.png HTTP/1.1" 304 -
INFO _internal.py:88 127.0.0.1 - - [11/Sep/2018 19:25:43] "GET /static/news/images/news_pic.jpg HTTP/1.1" 304 -
INFO _internal.py:88 127.0.0.1 - - [11/Sep/2018 19:25:43] "GET /static/news/images/person.png HTTP/1.1" 304 -
INFO _internal.py:88 127.0.0.1 - - [11/Sep/2018 19:25:43] "GET /static/news/images/pic_code.png HTTP/1.1" 304 -
INFO _internal.py:88 127.0.0.1 - - [11/Sep/2018 19:25:44] "GET /passport/image_code?code_id=04c7bd5b-2aa2-48b2-a162-7c32174bf43b HTTP/1.1" 200 -
INFO _internal.py:88 127.0.0.1 - - [11/Sep/2018 19:25:45] "GET /passport/image_code?code_id=067ec57f-5469-4765-8a15-94ab10c05b0b HTTP/1.1" 200 -
INFO _internal.py:88 127.0.0.1 - - [11/Sep/2018 19:25:46] "GET /passport/image_code?code_id=73868a0c-e032-41ff-a3a0-6617349a1cca HTTP/1.1" 200 -
INFO _internal.py:88 127.0.0.1 - - [11/Sep/2018 19:25:46] "GET /passport/image_code?code_id=8387bcc9-8a18-4f53-8e2d-4ba554c4e202 HTTP/1.1" 200 -
INFO _internal.py:88 127.0.0.1 - - [11/Sep/2018 19:25:46] "GET /passport/image_code?code_id=bcd0271e-de75-4770-8ba8-6a37ebdd1c83 HTTP/1.1" 200 -
INFO _internal.py:88 127.0.0.1 - - [11/Sep/2018 19:25:46] "GET /passport/image_code?code_id=b7fcc5d9-861d-474c-af03-5ec5ff53e531 HTTP/1.1" 200 -
INFO _internal.py:88 127.0.0.1 - - [11/Sep/2018 19:25:47] "GET /passport/image_code?code_id=d3e3e661-9ee1-4a31-bb50-e78c268bf5f4 HTTP/1.1" 200 -
INFO _internal.py:88 127.0.0.1 - - [11/Sep/2018 19:25:47] "GET /passport/image_code?code_id=2fc5bbca-82ba-48e5-bd1d-e6f684861a0e HTTP/1.1" 200 -
INFO _internal.py:88 127.0.0.1 - - [11/Sep/2018 19:25:47] "GET /passport/image_code?code_id=eee5dc71-bc21-43bc-a93d-f007515f855e HTTP/1.1" 200 -
INFO _internal.py:88 127.0.0.1 - - [11/Sep/2018 19:25:47] "GET /passport/image_code?code_id=1b998c54-bc70-4c03-a2e4-b60a472eb54d HTTP/1.1" 200 -
INFO _internal.py:88  * Running on http://127.0.0.1:5000/ (Press CTRL+C to quit)
INFO _internal.py:88  * Restarting with stat
WARNING _internal.py:88  * Debugger is active!
INFO _internal.py:88  * Debugger PIN: 227-482-433
INFO _internal.py:88 127.0.0.1 - - [11/Sep/2018 19:29:06] "GET / HTTP/1.1" 200 -
INFO _internal.py:88 127.0.0.1 - - [11/Sep/2018 19:29:06] "GET /static/news/css/reset.css HTTP/1.1" 304 -
INFO _internal.py:88 127.0.0.1 - - [11/Sep/2018 19:29:06] "GET /static/news/css/main.css HTTP/1.1" 304 -
INFO _internal.py:88 127.0.0.1 - - [11/Sep/2018 19:29:06] "GET /static/news/js/jquery-1.12.4.min.js HTTP/1.1" 304 -
INFO _internal.py:88 127.0.0.1 - - [11/Sep/2018 19:29:06] "GET /static/news/js/main.js HTTP/1.1" 304 -
INFO _internal.py:88 127.0.0.1 - - [11/Sep/2018 19:29:06] "GET /static/news/js/index.js HTTP/1.1" 304 -
INFO _internal.py:88 127.0.0.1 - - [11/Sep/2018 19:29:06] "GET /static/news/images/logo.png HTTP/1.1" 304 -
INFO _internal.py:88 127.0.0.1 - - [11/Sep/2018 19:29:06] "GET /static/news/images/news_pic.jpg HTTP/1.1" 304 -
INFO _internal.py:88 127.0.0.1 - - [11/Sep/2018 19:29:06] "GET /static/news/images/person.png HTTP/1.1" 304 -
INFO _internal.py:88 127.0.0.1 - - [11/Sep/2018 19:29:06] "GET /static/news/images/pic_code.png HTTP/1.1" 304 -
INFO _internal.py:88 127.0.0.1 - - [11/Sep/2018 19:29:07] "GET /passport/image_code?code_id=b7f69952-e8d6-452d-aeb9-d79083baac44 HTTP/1.1" 200 -
INFO _internal.py:88 127.0.0.1 - - [11/Sep/2018 19:29:26] "POST /passport/sms_code HTTP/1.1" 500 -
INFO _internal.py:88  * Running on http://127.0.0.1:5000/ (Press CTRL+C to quit)
INFO _internal.py:88  * Restarting with stat
WARNING _internal.py:88  * Debugger is active!
INFO _internal.py:88  * Debugger PIN: 227-482-433
INFO _internal.py:88 127.0.0.1 - - [11/Sep/2018 19:46:01] "GET / HTTP/1.1" 200 -
INFO _internal.py:88 127.0.0.1 - - [11/Sep/2018 19:46:01] "GET /static/news/css/reset.css HTTP/1.1" 304 -
INFO _internal.py:88 127.0.0.1 - - [11/Sep/2018 19:46:01] "GET /static/news/css/main.css HTTP/1.1" 304 -
INFO _internal.py:88 127.0.0.1 - - [11/Sep/2018 19:46:01] "GET /static/news/js/jquery-1.12.4.min.js HTTP/1.1" 304 -
INFO _internal.py:88 127.0.0.1 - - [11/Sep/2018 19:46:01] "GET /static/news/js/main.js HTTP/1.1" 304 -
INFO _internal.py:88 127.0.0.1 - - [11/Sep/2018 19:46:01] "GET /static/news/js/index.js HTTP/1.1" 304 -
INFO _internal.py:88 127.0.0.1 - - [11/Sep/2018 19:46:01] "GET /static/news/images/logo.png HTTP/1.1" 304 -
INFO _internal.py:88 127.0.0.1 - - [11/Sep/2018 19:46:01] "GET /static/news/images/news_pic.jpg HTTP/1.1" 304 -
INFO _internal.py:88 127.0.0.1 - - [11/Sep/2018 19:46:01] "GET /static/news/images/person.png HTTP/1.1" 304 -
INFO _internal.py:88 127.0.0.1 - - [11/Sep/2018 19:46:01] "GET /static/news/images/pic_code.png HTTP/1.1" 304 -
INFO _internal.py:88 127.0.0.1 - - [11/Sep/2018 19:46:02] "GET /passport/image_code?code_id=130cfb59-f300-4276-9ac3-6b5451e7a7e5 HTTP/1.1" 200 -
INFO _internal.py:88  * Running on http://127.0.0.1:5000/ (Press CTRL+C to quit)
INFO _internal.py:88  * Restarting with stat
WARNING _internal.py:88  * Debugger is active!
INFO _internal.py:88  * Debugger PIN: 227-482-433
INFO _internal.py:88 127.0.0.1 - - [11/Sep/2018 19:46:59] "GET / HTTP/1.1" 200 -
INFO _internal.py:88 127.0.0.1 - - [11/Sep/2018 19:46:59] "GET /static/news/css/reset.css HTTP/1.1" 304 -
INFO _internal.py:88 127.0.0.1 - - [11/Sep/2018 19:46:59] "GET /static/news/css/main.css HTTP/1.1" 304 -
INFO _internal.py:88 127.0.0.1 - - [11/Sep/2018 19:46:59] "GET /static/news/js/jquery-1.12.4.min.js HTTP/1.1" 304 -
INFO _internal.py:88 127.0.0.1 - - [11/Sep/2018 19:46:59] "GET /static/news/js/main.js HTTP/1.1" 304 -
INFO _internal.py:88 127.0.0.1 - - [11/Sep/2018 19:46:59] "GET /static/news/js/index.js HTTP/1.1" 304 -
INFO _internal.py:88 127.0.0.1 - - [11/Sep/2018 19:46:59] "GET /static/news/images/logo.png HTTP/1.1" 304 -
INFO _internal.py:88 127.0.0.1 - - [11/Sep/2018 19:46:59] "GET /static/news/images/news_pic.jpg HTTP/1.1" 304 -
INFO _internal.py:88 127.0.0.1 - - [11/Sep/2018 19:46:59] "GET /static/news/images/person.png HTTP/1.1" 304 -
INFO _internal.py:88 127.0.0.1 - - [11/Sep/2018 19:46:59] "GET /static/news/images/pic_code.png HTTP/1.1" 304 -
INFO _internal.py:88 127.0.0.1 - - [11/Sep/2018 19:47:00] "GET /passport/image_code?code_id=6ebc74c7-d613-46c3-a83b-2a79405b4249 HTTP/1.1" 200 -
INFO _internal.py:88 127.0.0.1 - - [11/Sep/2018 19:47:12] "POST /passport/sms_code HTTP/1.1" 200 -
INFO _internal.py:88 127.0.0.1 - - [11/Sep/2018 19:47:26] "POST /passport/sms_code HTTP/1.1" 200 -
INFO _internal.py:88  * Running on http://127.0.0.1:5000/ (Press CTRL+C to quit)
INFO _internal.py:88  * Restarting with stat
WARNING _internal.py:88  * Debugger is active!
INFO _internal.py:88  * Debugger PIN: 227-482-433
INFO _internal.py:88 127.0.0.1 - - [11/Sep/2018 19:50:07] "GET / HTTP/1.1" 200 -
INFO _internal.py:88 127.0.0.1 - - [11/Sep/2018 19:50:07] "GET /static/news/css/reset.css HTTP/1.1" 304 -
INFO _internal.py:88 127.0.0.1 - - [11/Sep/2018 19:50:07] "GET /static/news/css/main.css HTTP/1.1" 304 -
INFO _internal.py:88 127.0.0.1 - - [11/Sep/2018 19:50:07] "GET /static/news/js/jquery-1.12.4.min.js HTTP/1.1" 304 -
INFO _internal.py:88 127.0.0.1 - - [11/Sep/2018 19:50:07] "GET /static/news/js/main.js HTTP/1.1" 200 -
INFO _internal.py:88 127.0.0.1 - - [11/Sep/2018 19:50:07] "GET /static/news/js/index.js HTTP/1.1" 304 -
INFO _internal.py:88 127.0.0.1 - - [11/Sep/2018 19:50:07] "GET /static/news/images/logo.png HTTP/1.1" 304 -
INFO _internal.py:88 127.0.0.1 - - [11/Sep/2018 19:50:07] "GET /static/news/images/news_pic.jpg HTTP/1.1" 304 -
INFO _internal.py:88 127.0.0.1 - - [11/Sep/2018 19:50:07] "GET /static/news/images/person.png HTTP/1.1" 304 -
INFO _internal.py:88 127.0.0.1 - - [11/Sep/2018 19:50:07] "GET /static/news/images/pic_code.png HTTP/1.1" 304 -
INFO _internal.py:88 127.0.0.1 - - [11/Sep/2018 19:50:08] "GET /passport/image_code?code_id=1d9694ec-aacb-43fb-8543-3188e248b6a2 HTTP/1.1" 200 -
INFO _internal.py:88 127.0.0.1 - - [11/Sep/2018 19:50:18] "POST /passport/register HTTP/1.1" 500 -
INFO _internal.py:88  * Running on http://127.0.0.1:5000/ (Press CTRL+C to quit)
INFO _internal.py:88  * Restarting with stat
WARNING _internal.py:88  * Debugger is active!
INFO _internal.py:88  * Debugger PIN: 227-482-433
INFO _internal.py:88 127.0.0.1 - - [11/Sep/2018 20:06:22] "GET / HTTP/1.1" 200 -
INFO _internal.py:88 127.0.0.1 - - [11/Sep/2018 20:06:25] "GET / HTTP/1.1" 200 -
INFO _internal.py:88 127.0.0.1 - - [11/Sep/2018 20:06:25] "GET /static/news/css/reset.css HTTP/1.1" 304 -
INFO _internal.py:88 127.0.0.1 - - [11/Sep/2018 20:06:25] "GET /static/news/css/main.css HTTP/1.1" 304 -
INFO _internal.py:88 127.0.0.1 - - [11/Sep/2018 20:06:25] "GET /static/news/js/jquery-1.12.4.min.js HTTP/1.1" 304 -
INFO _internal.py:88 127.0.0.1 - - [11/Sep/2018 20:06:25] "GET /static/news/js/main.js HTTP/1.1" 304 -
INFO _internal.py:88 127.0.0.1 - - [11/Sep/2018 20:06:25] "GET /static/news/js/index.js HTTP/1.1" 304 -
INFO _internal.py:88 127.0.0.1 - - [11/Sep/2018 20:06:25] "GET /static/news/images/logo.png HTTP/1.1" 304 -
INFO _internal.py:88 127.0.0.1 - - [11/Sep/2018 20:06:25] "GET /static/news/images/person.png HTTP/1.1" 304 -
INFO _internal.py:88 127.0.0.1 - - [11/Sep/2018 20:06:25] "GET /static/news/images/pic_code.png HTTP/1.1" 304 -
INFO _internal.py:88 127.0.0.1 - - [11/Sep/2018 20:06:25] "GET /static/news/images/news_pic.jpg HTTP/1.1" 304 -
INFO _internal.py:88 127.0.0.1 - - [11/Sep/2018 20:06:27] "GET /passport/image_code?code_id=82da041c-be32-4363-82b5-e657a44efbac HTTP/1.1" 200 -
INFO _internal.py:88 127.0.0.1 - - [11/Sep/2018 20:06:41] "POST /passport/sms_code HTTP/1.1" 200 -
INFO _internal.py:88 127.0.0.1 - - [11/Sep/2018 20:06:56] "POST /passport/register HTTP/1.1" 200 -
INFO _internal.py:88 127.0.0.1 - - [11/Sep/2018 20:07:34] "POST /passport/register HTTP/1.1" 200 -
INFO _internal.py:88 127.0.0.1 - - [11/Sep/2018 20:07:36] "POST /passport/register HTTP/1.1" 200 -
INFO _internal.py:88 127.0.0.1 - - [11/Sep/2018 20:07:36] "POST /passport/register HTTP/1.1" 200 -
INFO _internal.py:88 127.0.0.1 - - [11/Sep/2018 20:07:36] "POST /passport/register HTTP/1.1" 200 -
INFO _internal.py:88 127.0.0.1 - - [11/Sep/2018 20:07:37] "POST /passport/register HTTP/1.1" 200 -
INFO _internal.py:88  * Detected change in '/home/python/python_project/xjzx11/project_xjzx/info/modules/passport/views.py', reloading
INFO _internal.py:88  * Restarting with stat
WARNING _internal.py:88  * Debugger is active!
INFO _internal.py:88  * Debugger PIN: 227-482-433
INFO _internal.py:88 127.0.0.1 - - [11/Sep/2018 20:08:11] "GET / HTTP/1.1" 200 -
INFO _internal.py:88 127.0.0.1 - - [11/Sep/2018 20:08:11] "GET /static/news/css/reset.css HTTP/1.1" 304 -
INFO _internal.py:88 127.0.0.1 - - [11/Sep/2018 20:08:11] "GET /static/news/css/main.css HTTP/1.1" 304 -
INFO _internal.py:88 127.0.0.1 - - [11/Sep/2018 20:08:11] "GET /static/news/js/jquery-1.12.4.min.js HTTP/1.1" 304 -
INFO _internal.py:88 127.0.0.1 - - [11/Sep/2018 20:08:11] "GET /static/news/js/main.js HTTP/1.1" 304 -
INFO _internal.py:88 127.0.0.1 - - [11/Sep/2018 20:08:11] "GET /static/news/js/index.js HTTP/1.1" 304 -
INFO _internal.py:88 127.0.0.1 - - [11/Sep/2018 20:08:11] "GET /static/news/images/logo.png HTTP/1.1" 304 -
INFO _internal.py:88 127.0.0.1 - - [11/Sep/2018 20:08:11] "GET /static/news/images/news_pic.jpg HTTP/1.1" 304 -
INFO _internal.py:88 127.0.0.1 - - [11/Sep/2018 20:08:11] "GET /static/news/images/person.png HTTP/1.1" 304 -
INFO _internal.py:88 127.0.0.1 - - [11/Sep/2018 20:08:11] "GET /static/news/images/pic_code.png HTTP/1.1" 304 -
INFO _internal.py:88  * Detected change in '/home/python/python_project/xjzx11/project_xjzx/info/modules/passport/views.py', reloading
INFO _internal.py:88  * Restarting with stat
WARNING _internal.py:88  * Debugger is active!
INFO _internal.py:88  * Debugger PIN: 227-482-433
INFO _internal.py:88 127.0.0.1 - - [11/Sep/2018 20:08:47] "GET / HTTP/1.1" 200 -
INFO _internal.py:88 127.0.0.1 - - [11/Sep/2018 20:08:47] "GET /static/news/css/reset.css HTTP/1.1" 304 -
INFO _internal.py:88 127.0.0.1 - - [11/Sep/2018 20:08:47] "GET /static/news/css/main.css HTTP/1.1" 304 -
INFO _internal.py:88 127.0.0.1 - - [11/Sep/2018 20:08:47] "GET /static/news/js/jquery-1.12.4.min.js HTTP/1.1" 304 -
INFO _internal.py:88 127.0.0.1 - - [11/Sep/2018 20:08:47] "GET /static/news/js/main.js HTTP/1.1" 304 -
INFO _internal.py:88 127.0.0.1 - - [11/Sep/2018 20:08:47] "GET /static/news/js/index.js HTTP/1.1" 304 -
INFO _internal.py:88 127.0.0.1 - - [11/Sep/2018 20:08:47] "GET /static/news/images/logo.png HTTP/1.1" 304 -
INFO _internal.py:88 127.0.0.1 - - [11/Sep/2018 20:08:47] "GET /static/news/images/news_pic.jpg HTTP/1.1" 304 -
INFO _internal.py:88 127.0.0.1 - - [11/Sep/2018 20:08:47] "GET /static/news/images/person.png HTTP/1.1" 304 -
INFO _internal.py:88 127.0.0.1 - - [11/Sep/2018 20:08:47] "GET /static/news/images/pic_code.png HTTP/1.1" 304 -
INFO _internal.py:88 127.0.0.1 - - [11/Sep/2018 20:08:48] "GET /passport/image_code?code_id=b6f378b5-f806-43f2-adba-3fa012de8523 HTTP/1.1" 200 -
INFO _internal.py:88 127.0.0.1 - - [11/Sep/2018 20:09:01] "POST /passport/sms_code HTTP/1.1" 200 -
INFO _internal.py:88 127.0.0.1 - - [11/Sep/2018 20:09:13] "POST /passport/register HTTP/1.1" 200 -
INFO _internal.py:88  * Detected change in '/home/python/python_project/xjzx11/project_xjzx/info/modules/passport/views.py', reloading
INFO _internal.py:88  * Restarting with stat
WARNING _internal.py:88  * Debugger is active!
INFO _internal.py:88  * Debugger PIN: 227-482-433
INFO _internal.py:88 127.0.0.1 - - [11/Sep/2018 20:09:32] "GET / HTTP/1.1" 200 -
INFO _internal.py:88 127.0.0.1 - - [11/Sep/2018 20:09:32] "GET /static/news/css/reset.css HTTP/1.1" 304 -
INFO _internal.py:88 127.0.0.1 - - [11/Sep/2018 20:09:32] "GET /static/news/css/main.css HTTP/1.1" 304 -
INFO _internal.py:88 127.0.0.1 - - [11/Sep/2018 20:09:32] "GET /static/news/js/jquery-1.12.4.min.js HTTP/1.1" 304 -
INFO _internal.py:88 127.0.0.1 - - [11/Sep/2018 20:09:32] "GET /static/news/js/main.js HTTP/1.1" 304 -
INFO _internal.py:88 127.0.0.1 - - [11/Sep/2018 20:09:32] "GET /static/news/js/index.js HTTP/1.1" 304 -
INFO _internal.py:88 127.0.0.1 - - [11/Sep/2018 20:09:32] "GET /static/news/images/logo.png HTTP/1.1" 304 -
INFO _internal.py:88 127.0.0.1 - - [11/Sep/2018 20:09:32] "GET /static/news/images/news_pic.jpg HTTP/1.1" 304 -
INFO _internal.py:88 127.0.0.1 - - [11/Sep/2018 20:09:32] "GET /static/news/images/person.png HTTP/1.1" 304 -
INFO _internal.py:88 127.0.0.1 - - [11/Sep/2018 20:09:32] "GET /static/news/images/pic_code.png HTTP/1.1" 304 -
INFO _internal.py:88 127.0.0.1 - - [11/Sep/2018 20:09:33] "GET /passport/image_code?code_id=5b3d570f-c301-43ad-8b17-5997066f5c78 HTTP/1.1" 200 -
INFO _internal.py:88 127.0.0.1 - - [11/Sep/2018 20:09:46] "POST /passport/sms_code HTTP/1.1" 200 -
INFO _internal.py:88 127.0.0.1 - - [11/Sep/2018 20:10:00] "POST /passport/register HTTP/1.1" 200 -
INFO _internal.py:88 127.0.0.1 - - [11/Sep/2018 20:10:00] "GET / HTTP/1.1" 200 -
INFO _internal.py:88 127.0.0.1 - - [11/Sep/2018 20:10:00] "GET /static/news/css/reset.css HTTP/1.1" 304 -
INFO _internal.py:88 127.0.0.1 - - [11/Sep/2018 20:10:00] "GET /static/news/css/main.css HTTP/1.1" 304 -
INFO _internal.py:88 127.0.0.1 - - [11/Sep/2018 20:10:00] "GET /static/news/js/jquery-1.12.4.min.js HTTP/1.1" 304 -
INFO _internal.py:88 127.0.0.1 - - [11/Sep/2018 20:10:00] "GET /static/news/js/main.js HTTP/1.1" 304 -
INFO _internal.py:88 127.0.0.1 - - [11/Sep/2018 20:10:00] "GET /static/news/js/index.js HTTP/1.1" 304 -
INFO _internal.py:88 127.0.0.1 - - [11/Sep/2018 20:10:00] "GET /static/news/images/logo.png HTTP/1.1" 304 -
INFO _internal.py:88 127.0.0.1 - - [11/Sep/2018 20:10:00] "GET /static/news/images/news_pic.jpg HTTP/1.1" 304 -
INFO _internal.py:88 127.0.0.1 - - [11/Sep/2018 20:10:00] "GET /static/news/images/person.png HTTP/1.1" 304 -
INFO _internal.py:88 127.0.0.1 - - [11/Sep/2018 20:10:00] "GET /static/news/images/pic_code.png HTTP/1.1" 304 -
INFO _internal.py:88  * Running on http://127.0.0.1:5000/ (Press CTRL+C to quit)
INFO _internal.py:88  * Restarting with stat
WARNING _internal.py:88  * Debugger is active!
INFO _internal.py:88  * Debugger PIN: 227-482-433
INFO _internal.py:88  * Running on http://127.0.0.1:5000/ (Press CTRL+C to quit)
INFO _internal.py:88  * Restarting with stat
WARNING _internal.py:88  * Debugger is active!
INFO _internal.py:88  * Debugger PIN: 227-482-433
INFO _internal.py:88 127.0.0.1 - - [11/Sep/2018 20:43:33] "GET / HTTP/1.1" 200 -
INFO _internal.py:88 127.0.0.1 - - [11/Sep/2018 20:43:33] "GET /static/news/css/reset.css HTTP/1.1" 304 -
INFO _internal.py:88 127.0.0.1 - - [11/Sep/2018 20:43:33] "GET /static/news/css/main.css HTTP/1.1" 304 -
INFO _internal.py:88 127.0.0.1 - - [11/Sep/2018 20:43:33] "GET /static/news/js/jquery-1.12.4.min.js HTTP/1.1" 304 -
INFO _internal.py:88 127.0.0.1 - - [11/Sep/2018 20:43:33] "GET /static/news/js/main.js HTTP/1.1" 304 -
INFO _internal.py:88 127.0.0.1 - - [11/Sep/2018 20:43:33] "GET /static/news/js/index.js HTTP/1.1" 304 -
INFO _internal.py:88 127.0.0.1 - - [11/Sep/2018 20:43:33] "GET /static/news/images/logo.png HTTP/1.1" 304 -
INFO _internal.py:88 127.0.0.1 - - [11/Sep/2018 20:43:33] "GET /static/news/images/news_pic.jpg HTTP/1.1" 304 -
INFO _internal.py:88 127.0.0.1 - - [11/Sep/2018 20:43:33] "GET /static/news/images/pic_code.png HTTP/1.1" 304 -
INFO _internal.py:88 127.0.0.1 - - [11/Sep/2018 20:43:33] "GET /static/news/images/person.png HTTP/1.1" 304 -
INFO _internal.py:88 127.0.0.1 - - [11/Sep/2018 20:43:48] "POST /passport/login HTTP/1.1" 200 -
INFO _internal.py:88 127.0.0.1 - - [11/Sep/2018 20:43:48] "GET / HTTP/1.1" 200 -
INFO _internal.py:88 127.0.0.1 - - [11/Sep/2018 20:43:48] "GET /static/news/css/reset.css HTTP/1.1" 304 -
INFO _internal.py:88 127.0.0.1 - - [11/Sep/2018 20:43:48] "GET /static/news/css/main.css HTTP/1.1" 304 -
INFO _internal.py:88 127.0.0.1 - - [11/Sep/2018 20:43:48] "GET /static/news/js/jquery-1.12.4.min.js HTTP/1.1" 304 -
INFO _internal.py:88 127.0.0.1 - - [11/Sep/2018 20:43:48] "GET /static/news/js/main.js HTTP/1.1" 304 -
INFO _internal.py:88 127.0.0.1 - - [11/Sep/2018 20:43:48] "GET /static/news/js/index.js HTTP/1.1" 304 -
INFO _internal.py:88 127.0.0.1 - - [11/Sep/2018 20:43:48] "GET /static/news/images/news_pic.jpg HTTP/1.1" 304 -
INFO _internal.py:88 127.0.0.1 - - [11/Sep/2018 20:43:48] "GET /static/news/images/logo.png HTTP/1.1" 304 -
INFO _internal.py:88 127.0.0.1 - - [11/Sep/2018 20:43:48] "GET /static/news/images/person.png HTTP/1.1" 304 -
INFO _internal.py:88 127.0.0.1 - - [11/Sep/2018 20:43:48] "GET /static/news/images/pic_code.png HTTP/1.1" 304 -
INFO _internal.py:88  * Running on http://127.0.0.1:5000/ (Press CTRL+C to quit)
INFO _internal.py:88  * Restarting with stat
WARNING _internal.py:88  * Debugger is active!
INFO _internal.py:88  * Debugger PIN: 227-482-433
INFO _internal.py:88 127.0.0.1 - - [11/Sep/2018 20:50:09] "GET / HTTP/1.1" 200 -
INFO _internal.py:88 127.0.0.1 - - [11/Sep/2018 20:50:09] "GET /static/news/css/reset.css HTTP/1.1" 304 -
INFO _internal.py:88 127.0.0.1 - - [11/Sep/2018 20:50:09] "GET /static/news/css/main.css HTTP/1.1" 304 -
INFO _internal.py:88 127.0.0.1 - - [11/Sep/2018 20:50:09] "GET /static/news/js/jquery-1.12.4.min.js HTTP/1.1" 304 -
INFO _internal.py:88 127.0.0.1 - - [11/Sep/2018 20:50:09] "GET /static/news/js/main.js HTTP/1.1" 304 -
INFO _internal.py:88 127.0.0.1 - - [11/Sep/2018 20:50:09] "GET /static/news/js/index.js HTTP/1.1" 304 -
INFO _internal.py:88 127.0.0.1 - - [11/Sep/2018 20:50:09] "GET /static/news/images/logo.png HTTP/1.1" 304 -
INFO _internal.py:88 127.0.0.1 - - [11/Sep/2018 20:50:09] "GET /static/news/images/news_pic.jpg HTTP/1.1" 304 -
INFO _internal.py:88 127.0.0.1 - - [11/Sep/2018 20:50:09] "GET /static/news/images/pic_code.png HTTP/1.1" 304 -
INFO _internal.py:88 127.0.0.1 - - [11/Sep/2018 20:50:09] "GET /static/news/images/person.png HTTP/1.1" 304 -
INFO _internal.py:88 127.0.0.1 - - [11/Sep/2018 20:50:19] "POST /passport/login HTTP/1.1" 200 -
INFO _internal.py:88 127.0.0.1 - - [11/Sep/2018 20:50:19] "GET / HTTP/1.1" 200 -
INFO _internal.py:88 127.0.0.1 - - [11/Sep/2018 20:50:19] "GET /static/news/css/reset.css HTTP/1.1" 304 -
INFO _internal.py:88 127.0.0.1 - - [11/Sep/2018 20:50:19] "GET /static/news/css/main.css HTTP/1.1" 304 -
INFO _internal.py:88 127.0.0.1 - - [11/Sep/2018 20:50:19] "GET /static/news/js/jquery-1.12.4.min.js HTTP/1.1" 304 -
INFO _internal.py:88 127.0.0.1 - - [11/Sep/2018 20:50:19] "GET /static/news/js/main.js HTTP/1.1" 304 -
INFO _internal.py:88 127.0.0.1 - - [11/Sep/2018 20:50:19] "GET /static/news/js/index.js HTTP/1.1" 304 -
INFO _internal.py:88 127.0.0.1 - - [11/Sep/2018 20:50:19] "GET /static/news/images/logo.png HTTP/1.1" 304 -
INFO _internal.py:88 127.0.0.1 - - [11/Sep/2018 20:50:19] "GET /static/news/images/news_pic.jpg HTTP/1.1" 304 -
INFO _internal.py:88 127.0.0.1 - - [11/Sep/2018 20:50:19] "GET /static/news/images/person.png HTTP/1.1" 304 -
INFO _internal.py:88 127.0.0.1 - - [11/Sep/2018 20:50:19] "GET /static/news/images/pic_code.png HTTP/1.1" 304 -
INFO _internal.py:88  * Running on http://127.0.0.1:5000/ (Press CTRL+C to quit)
INFO _internal.py:88  * Restarting with stat
WARNING _internal.py:88  * Debugger is active!
INFO _internal.py:88  * Debugger PIN: 227-482-433
INFO _internal.py:88 127.0.0.1 - - [11/Sep/2018 20:55:06] "GET / HTTP/1.1" 200 -
INFO _internal.py:88 127.0.0.1 - - [11/Sep/2018 20:55:06] "GET /static/news/css/reset.css HTTP/1.1" 304 -
INFO _internal.py:88 127.0.0.1 - - [11/Sep/2018 20:55:06] "GET /static/news/css/main.css HTTP/1.1" 304 -
INFO _internal.py:88 127.0.0.1 - - [11/Sep/2018 20:55:06] "GET /static/news/js/jquery-1.12.4.min.js HTTP/1.1" 304 -
INFO _internal.py:88 127.0.0.1 - - [11/Sep/2018 20:55:06] "GET /static/news/js/main.js HTTP/1.1" 304 -
INFO _internal.py:88 127.0.0.1 - - [11/Sep/2018 20:55:06] "GET /static/news/js/index.js HTTP/1.1" 304 -
INFO _internal.py:88 127.0.0.1 - - [11/Sep/2018 20:55:06] "GET /static/news/images/logo.png HTTP/1.1" 304 -
INFO _internal.py:88 127.0.0.1 - - [11/Sep/2018 20:55:06] "GET /static/news/images/news_pic.jpg HTTP/1.1" 304 -
INFO _internal.py:88 127.0.0.1 - - [11/Sep/2018 20:55:06] "GET /static/news/images/person.png HTTP/1.1" 304 -
INFO _internal.py:88 127.0.0.1 - - [11/Sep/2018 20:55:06] "GET /static/news/images/pic_code.png HTTP/1.1" 304 -
INFO _internal.py:88 127.0.0.1 - - [11/Sep/2018 20:55:06] "GET /passport/image_code?code_id=90b2d0b9-d527-4fe9-a2ba-544c889aa07e HTTP/1.1" 200 -
INFO _internal.py:88 127.0.0.1 - - [11/Sep/2018 20:55:23] "POST /passport/login HTTP/1.1" 200 -
INFO _internal.py:88 127.0.0.1 - - [11/Sep/2018 20:55:23] "GET / HTTP/1.1" 200 -
INFO _internal.py:88 127.0.0.1 - - [11/Sep/2018 20:55:23] "GET /static/news/css/reset.css HTTP/1.1" 304 -
INFO _internal.py:88 127.0.0.1 - - [11/Sep/2018 20:55:23] "GET /static/news/css/main.css HTTP/1.1" 304 -
INFO _internal.py:88 127.0.0.1 - - [11/Sep/2018 20:55:23] "GET /static/news/js/jquery-1.12.4.min.js HTTP/1.1" 304 -
INFO _internal.py:88 127.0.0.1 - - [11/Sep/2018 20:55:23] "GET /static/news/js/main.js HTTP/1.1" 304 -
INFO _internal.py:88 127.0.0.1 - - [11/Sep/2018 20:55:23] "GET /static/news/js/index.js HTTP/1.1" 304 -
INFO _internal.py:88 127.0.0.1 - - [11/Sep/2018 20:55:23] "GET /static/news/images/logo.png HTTP/1.1" 304 -
INFO _internal.py:88 127.0.0.1 - - [11/Sep/2018 20:55:23] "GET /static/news/images/news_pic.jpg HTTP/1.1" 304 -
INFO _internal.py:88 127.0.0.1 - - [11/Sep/2018 20:55:23] "GET /static/news/images/person.png HTTP/1.1" 304 -
INFO _internal.py:88 127.0.0.1 - - [11/Sep/2018 20:55:23] "GET /static/news/images/person01.png HTTP/1.1" 304 -
INFO _internal.py:88 127.0.0.1 - - [11/Sep/2018 20:55:23] "GET /static/news/images/pic_code.png HTTP/1.1" 304 -
INFO _internal.py:88 127.0.0.1 - - [11/Sep/2018 20:55:26] "POST /passport/logout HTTP/1.1" 404 -
INFO _internal.py:88  * Detected change in '/home/python/python_project/xjzx11/project_xjzx/info/modules/passport/views.py', reloading
INFO _internal.py:88  * Restarting with stat
WARNING _internal.py:88  * Debugger is active!
INFO _internal.py:88  * Debugger PIN: 227-482-433
INFO _internal.py:88  * Running on http://127.0.0.1:5000/ (Press CTRL+C to quit)
INFO _internal.py:88  * Restarting with stat
WARNING _internal.py:88  * Debugger is active!
INFO _internal.py:88  * Debugger PIN: 227-482-433
INFO _internal.py:88 127.0.0.1 - - [11/Sep/2018 20:59:22] "GET / HTTP/1.1" 200 -
INFO _internal.py:88 127.0.0.1 - - [11/Sep/2018 20:59:22] "GET /static/news/css/reset.css HTTP/1.1" 304 -
INFO _internal.py:88 127.0.0.1 - - [11/Sep/2018 20:59:22] "GET /static/news/css/main.css HTTP/1.1" 304 -
INFO _internal.py:88 127.0.0.1 - - [11/Sep/2018 20:59:22] "GET /static/news/js/jquery-1.12.4.min.js HTTP/1.1" 304 -
INFO _internal.py:88 127.0.0.1 - - [11/Sep/2018 20:59:22] "GET /static/news/js/main.js HTTP/1.1" 304 -
INFO _internal.py:88 127.0.0.1 - - [11/Sep/2018 20:59:22] "GET /static/news/js/index.js HTTP/1.1" 304 -
INFO _internal.py:88 127.0.0.1 - - [11/Sep/2018 20:59:22] "GET /static/news/images/logo.png HTTP/1.1" 304 -
INFO _internal.py:88 127.0.0.1 - - [11/Sep/2018 20:59:22] "GET /static/news/images/person01.png HTTP/1.1" 304 -
INFO _internal.py:88 127.0.0.1 - - [11/Sep/2018 20:59:22] "GET /static/news/images/news_pic.jpg HTTP/1.1" 304 -
INFO _internal.py:88 127.0.0.1 - - [11/Sep/2018 20:59:22] "GET /static/news/images/person.png HTTP/1.1" 304 -
INFO _internal.py:88 127.0.0.1 - - [11/Sep/2018 20:59:22] "GET /static/news/images/pic_code.png HTTP/1.1" 304 -
INFO _internal.py:88 127.0.0.1 - - [11/Sep/2018 20:59:24] "POST /passport/logout HTTP/1.1" 405 -
INFO _internal.py:88 127.0.0.1 - - [11/Sep/2018 20:59:25] "POST /passport/logout HTTP/1.1" 405 -
INFO _internal.py:88 127.0.0.1 - - [11/Sep/2018 20:59:26] "POST /passport/logout HTTP/1.1" 405 -
INFO _internal.py:88 127.0.0.1 - - [11/Sep/2018 20:59:26] "POST /passport/logout HTTP/1.1" 405 -
INFO _internal.py:88 127.0.0.1 - - [11/Sep/2018 20:59:27] "POST /passport/logout HTTP/1.1" 405 -
INFO _internal.py:88 127.0.0.1 - - [11/Sep/2018 20:59:28] "POST /passport/logout HTTP/1.1" 405 -
INFO _internal.py:88 127.0.0.1 - - [11/Sep/2018 20:59:29] "POST /passport/logout HTTP/1.1" 405 -
INFO _internal.py:88 127.0.0.1 - - [11/Sep/2018 20:59:29] "POST /passport/logout HTTP/1.1" 405 -
INFO _internal.py:88 127.0.0.1 - - [11/Sep/2018 20:59:29] "POST /passport/logout HTTP/1.1" 405 -
INFO _internal.py:88 127.0.0.1 - - [11/Sep/2018 20:59:29] "POST /passport/logout HTTP/1.1" 405 -
INFO _internal.py:88 127.0.0.1 - - [11/Sep/2018 20:59:30] "POST /passport/logout HTTP/1.1" 405 -
INFO _internal.py:88 127.0.0.1 - - [11/Sep/2018 20:59:30] "POST /passport/logout HTTP/1.1" 405 -
INFO _internal.py:88 127.0.0.1 - - [11/Sep/2018 20:59:30] "POST /passport/logout HTTP/1.1" 405 -
INFO _internal.py:88 127.0.0.1 - - [11/Sep/2018 20:59:30] "POST /passport/logout HTTP/1.1" 405 -
INFO _internal.py:88 127.0.0.1 - - [11/Sep/2018 20:59:31] "POST /passport/logout HTTP/1.1" 405 -
INFO _internal.py:88 127.0.0.1 - - [11/Sep/2018 20:59:31] "POST /passport/logout HTTP/1.1" 405 -
INFO _internal.py:88 127.0.0.1 - - [11/Sep/2018 20:59:31] "POST /passport/logout HTTP/1.1" 405 -
INFO _internal.py:88 127.0.0.1 - - [11/Sep/2018 20:59:31] "POST /passport/logout HTTP/1.1" 405 -
INFO _internal.py:88 127.0.0.1 - - [11/Sep/2018 20:59:31] "POST /passport/logout HTTP/1.1" 405 -
INFO _internal.py:88 127.0.0.1 - - [11/Sep/2018 20:59:31] "POST /passport/logout HTTP/1.1" 405 -
INFO _internal.py:88 127.0.0.1 - - [11/Sep/2018 20:59:32] "POST /passport/logout HTTP/1.1" 405 -
INFO _internal.py:88 127.0.0.1 - - [11/Sep/2018 20:59:32] "POST /passport/logout HTTP/1.1" 405 -
INFO _internal.py:88 127.0.0.1 - - [11/Sep/2018 20:59:32] "POST /passport/logout HTTP/1.1" 405 -
INFO _internal.py:88 127.0.0.1 - - [11/Sep/2018 20:59:32] "POST /passport/logout HTTP/1.1" 405 -
INFO _internal.py:88  * Running on http://127.0.0.1:5000/ (Press CTRL+C to quit)
INFO _internal.py:88  * Restarting with stat
WARNING _internal.py:88  * Debugger is active!
INFO _internal.py:88  * Debugger PIN: 227-482-433
INFO _internal.py:88 127.0.0.1 - - [11/Sep/2018 21:00:09] "GET / HTTP/1.1" 200 -
INFO _internal.py:88 127.0.0.1 - - [11/Sep/2018 21:00:09] "GET /static/news/css/reset.css HTTP/1.1" 304 -
INFO _internal.py:88 127.0.0.1 - - [11/Sep/2018 21:00:09] "GET /static/news/css/main.css HTTP/1.1" 304 -
INFO _internal.py:88 127.0.0.1 - - [11/Sep/2018 21:00:09] "GET /static/news/js/jquery-1.12.4.min.js HTTP/1.1" 304 -
INFO _internal.py:88 127.0.0.1 - - [11/Sep/2018 21:00:09] "GET /static/news/js/main.js HTTP/1.1" 304 -
INFO _internal.py:88 127.0.0.1 - - [11/Sep/2018 21:00:09] "GET /static/news/js/index.js HTTP/1.1" 304 -
INFO _internal.py:88 127.0.0.1 - - [11/Sep/2018 21:00:09] "GET /static/news/images/person01.png HTTP/1.1" 304 -
INFO _internal.py:88 127.0.0.1 - - [11/Sep/2018 21:00:09] "GET /static/news/images/news_pic.jpg HTTP/1.1" 304 -
INFO _internal.py:88 127.0.0.1 - - [11/Sep/2018 21:00:09] "GET /static/news/images/logo.png HTTP/1.1" 304 -
INFO _internal.py:88 127.0.0.1 - - [11/Sep/2018 21:00:09] "GET /static/news/images/person.png HTTP/1.1" 304 -
INFO _internal.py:88 127.0.0.1 - - [11/Sep/2018 21:00:09] "GET /static/news/images/pic_code.png HTTP/1.1" 304 -
INFO _internal.py:88 127.0.0.1 - - [11/Sep/2018 21:00:09] "POST /passport/logout HTTP/1.1" 200 -
INFO _internal.py:88 127.0.0.1 - - [11/Sep/2018 21:00:09] "GET / HTTP/1.1" 200 -
INFO _internal.py:88 127.0.0.1 - - [11/Sep/2018 21:00:09] "GET /static/news/css/reset.css HTTP/1.1" 304 -
INFO _internal.py:88 127.0.0.1 - - [11/Sep/2018 21:00:09] "GET /static/news/css/main.css HTTP/1.1" 304 -
INFO _internal.py:88 127.0.0.1 - - [11/Sep/2018 21:00:09] "GET /static/news/js/jquery-1.12.4.min.js HTTP/1.1" 304 -
INFO _internal.py:88 127.0.0.1 - - [11/Sep/2018 21:00:09] "GET /static/news/js/main.js HTTP/1.1" 304 -
INFO _internal.py:88 127.0.0.1 - - [11/Sep/2018 21:00:09] "GET /static/news/js/index.js HTTP/1.1" 304 -
INFO _internal.py:88 127.0.0.1 - - [11/Sep/2018 21:00:09] "GET /static/news/images/logo.png HTTP/1.1" 304 -
INFO _internal.py:88 127.0.0.1 - - [11/Sep/2018 21:00:09] "GET /static/news/images/news_pic.jpg HTTP/1.1" 304 -
INFO _internal.py:88 127.0.0.1 - - [11/Sep/2018 21:00:09] "GET /static/news/images/person.png HTTP/1.1" 304 -
INFO _internal.py:88 127.0.0.1 - - [11/Sep/2018 21:00:09] "GET /static/news/images/pic_code.png HTTP/1.1" 304 -
INFO _internal.py:88  * Running on http://127.0.0.1:5000/ (Press CTRL+C to quit)
INFO _internal.py:88  * Restarting with stat
WARNING _internal.py:88  * Debugger is active!
INFO _internal.py:88  * Debugger PIN: 227-482-433
INFO _internal.py:88 127.0.0.1 - - [11/Sep/2018 21:00:49] "GET / HTTP/1.1" 200 -
INFO _internal.py:88 127.0.0.1 - - [11/Sep/2018 21:00:49] "GET /static/news/css/reset.css HTTP/1.1" 304 -
INFO _internal.py:88 127.0.0.1 - - [11/Sep/2018 21:00:49] "GET /static/news/js/jquery-1.12.4.min.js HTTP/1.1" 304 -
INFO _internal.py:88 127.0.0.1 - - [11/Sep/2018 21:00:49] "GET /static/news/js/main.js HTTP/1.1" 304 -
INFO _internal.py:88 127.0.0.1 - - [11/Sep/2018 21:00:49] "GET /static/news/css/main.css HTTP/1.1" 304 -
INFO _internal.py:88 127.0.0.1 - - [11/Sep/2018 21:00:49] "GET /static/news/js/index.js HTTP/1.1" 304 -
INFO _internal.py:88 127.0.0.1 - - [11/Sep/2018 21:00:49] "GET /static/news/images/logo.png HTTP/1.1" 304 -
INFO _internal.py:88 127.0.0.1 - - [11/Sep/2018 21:00:49] "GET /static/news/images/news_pic.jpg HTTP/1.1" 304 -
INFO _internal.py:88 127.0.0.1 - - [11/Sep/2018 21:00:49] "GET /static/news/images/person.png HTTP/1.1" 304 -
INFO _internal.py:88 127.0.0.1 - - [11/Sep/2018 21:00:49] "GET /static/news/images/pic_code.png HTTP/1.1" 304 -
INFO csrf.py:251 The CSRF token is missing.
INFO _internal.py:88 127.0.0.1 - - [11/Sep/2018 21:01:01] "POST /passport/login HTTP/1.1" 400 -
INFO csrf.py:251 The CSRF token is missing.
INFO _internal.py:88 127.0.0.1 - - [11/Sep/2018 21:01:03] "POST /passport/login HTTP/1.1" 400 -
INFO _internal.py:88  * Detected change in '/home/python/python_project/xjzx11/project_xjzx/manage.py', reloading
INFO _internal.py:88  * Restarting with stat
INFO _internal.py:88  * Running on http://127.0.0.1:5000/ (Press CTRL+C to quit)
INFO _internal.py:88  * Restarting with stat
WARNING _internal.py:88  * Debugger is active!
INFO _internal.py:88  * Debugger PIN: 227-482-433
INFO _internal.py:88 127.0.0.1 - - [11/Sep/2018 21:04:01] "GET / HTTP/1.1" 200 -
INFO _internal.py:88 127.0.0.1 - - [11/Sep/2018 21:04:01] "GET /static/news/css/reset.css HTTP/1.1" 304 -
INFO _internal.py:88 127.0.0.1 - - [11/Sep/2018 21:04:01] "GET /static/news/css/main.css HTTP/1.1" 304 -
INFO _internal.py:88 127.0.0.1 - - [11/Sep/2018 21:04:01] "GET /static/news/js/jquery-1.12.4.min.js HTTP/1.1" 304 -
INFO _internal.py:88 127.0.0.1 - - [11/Sep/2018 21:04:01] "GET /static/news/js/main.js HTTP/1.1" 304 -
INFO _internal.py:88 127.0.0.1 - - [11/Sep/2018 21:04:01] "GET /static/news/js/index.js HTTP/1.1" 304 -
INFO _internal.py:88 127.0.0.1 - - [11/Sep/2018 21:04:01] "GET /static/news/images/logo.png HTTP/1.1" 304 -
INFO _internal.py:88 127.0.0.1 - - [11/Sep/2018 21:04:01] "GET /static/news/images/news_pic.jpg HTTP/1.1" 304 -
INFO _internal.py:88 127.0.0.1 - - [11/Sep/2018 21:04:01] "GET /static/news/images/person.png HTTP/1.1" 304 -
INFO _internal.py:88 127.0.0.1 - - [11/Sep/2018 21:04:01] "GET /static/news/images/pic_code.png HTTP/1.1" 304 -
INFO _internal.py:88 127.0.0.1 - - [11/Sep/2018 21:04:02] "GET /passport/image_code?code_id=7583d15f-6074-4742-aaa8-c5c0434d0943 HTTP/1.1" 200 -
INFO csrf.py:251 The CSRF token is missing.
INFO _internal.py:88 127.0.0.1 - - [11/Sep/2018 21:04:18] "POST /passport/sms_code HTTP/1.1" 400 -
INFO _internal.py:88  * Running on http://127.0.0.1:5000/ (Press CTRL+C to quit)
INFO _internal.py:88  * Restarting with stat
WARNING _internal.py:88  * Debugger is active!
INFO _internal.py:88  * Debugger PIN: 227-482-433
INFO _internal.py:88 127.0.0.1 - - [11/Sep/2018 21:05:41] "GET / HTTP/1.1" 200 -
INFO _internal.py:88 127.0.0.1 - - [11/Sep/2018 21:05:41] "GET /static/news/css/reset.css HTTP/1.1" 304 -
INFO _internal.py:88 127.0.0.1 - - [11/Sep/2018 21:05:41] "GET /static/news/css/main.css HTTP/1.1" 304 -
INFO _internal.py:88 127.0.0.1 - - [11/Sep/2018 21:05:41] "GET /static/news/js/jquery-1.12.4.min.js HTTP/1.1" 304 -
INFO _internal.py:88 127.0.0.1 - - [11/Sep/2018 21:05:41] "GET /static/news/js/main.js HTTP/1.1" 200 -
INFO _internal.py:88 127.0.0.1 - - [11/Sep/2018 21:05:41] "GET /static/news/js/index.js HTTP/1.1" 304 -
INFO _internal.py:88 127.0.0.1 - - [11/Sep/2018 21:05:41] "GET /static/news/images/logo.png HTTP/1.1" 304 -
INFO _internal.py:88 127.0.0.1 - - [11/Sep/2018 21:05:41] "GET /static/news/images/news_pic.jpg HTTP/1.1" 304 -
INFO _internal.py:88 127.0.0.1 - - [11/Sep/2018 21:05:41] "GET /static/news/images/person.png HTTP/1.1" 304 -
INFO _internal.py:88 127.0.0.1 - - [11/Sep/2018 21:05:41] "GET /static/news/images/pic_code.png HTTP/1.1" 304 -
INFO _internal.py:88 127.0.0.1 - - [11/Sep/2018 21:05:42] "GET /passport/image_code?code_id=82ebfb62-097f-49a9-bb5a-0ea2b2b74ad9 HTTP/1.1" 200 -
INFO _internal.py:88 127.0.0.1 - - [11/Sep/2018 21:05:56] "POST /passport/sms_code HTTP/1.1" 200 -
INFO _internal.py:88  * Running on http://127.0.0.1:5000/ (Press CTRL+C to quit)
INFO _internal.py:88  * Restarting with stat
WARNING _internal.py:88  * Debugger is active!
INFO _internal.py:88  * Debugger PIN: 227-482-433
INFO _internal.py:88 127.0.0.1 - - [11/Sep/2018 21:08:47] "GET / HTTP/1.1" 200 -
INFO _internal.py:88 127.0.0.1 - - [11/Sep/2018 21:08:47] "GET /static/news/css/reset.css HTTP/1.1" 304 -
INFO _internal.py:88 127.0.0.1 - - [11/Sep/2018 21:08:47] "GET /static/news/css/main.css HTTP/1.1" 304 -
INFO _internal.py:88 127.0.0.1 - - [11/Sep/2018 21:08:47] "GET /static/news/js/jquery-1.12.4.min.js HTTP/1.1" 304 -
INFO _internal.py:88 127.0.0.1 - - [11/Sep/2018 21:08:47] "GET /static/news/js/main.js HTTP/1.1" 304 -
INFO _internal.py:88 127.0.0.1 - - [11/Sep/2018 21:08:47] "GET /static/news/js/index.js HTTP/1.1" 304 -
INFO _internal.py:88 127.0.0.1 - - [11/Sep/2018 21:08:47] "GET /static/news/images/logo.png HTTP/1.1" 304 -
INFO _internal.py:88 127.0.0.1 - - [11/Sep/2018 21:08:47] "GET /static/news/images/news_pic.jpg HTTP/1.1" 304 -
INFO _internal.py:88 127.0.0.1 - - [11/Sep/2018 21:08:47] "GET /static/news/images/person.png HTTP/1.1" 304 -
INFO _internal.py:88 127.0.0.1 - - [11/Sep/2018 21:08:47] "GET /static/news/images/pic_code.png HTTP/1.1" 304 -
INFO _internal.py:88 127.0.0.1 - - [11/Sep/2018 21:08:49] "GET /passport/image_code?code_id=65cfdffe-f1f7-479b-b5bf-4a19348bf531 HTTP/1.1" 200 -
INFO _internal.py:88 127.0.0.1 - - [11/Sep/2018 21:09:02] "POST /passport/sms_code HTTP/1.1" 200 -
INFO _internal.py:88 127.0.0.1 - - [11/Sep/2018 21:09:17] "POST /passport/register HTTP/1.1" 200 -
INFO _internal.py:88 127.0.0.1 - - [11/Sep/2018 21:09:17] "GET / HTTP/1.1" 200 -
INFO _internal.py:88 127.0.0.1 - - [11/Sep/2018 21:09:17] "GET /static/news/css/reset.css HTTP/1.1" 304 -
INFO _internal.py:88 127.0.0.1 - - [11/Sep/2018 21:09:17] "GET /static/news/css/main.css HTTP/1.1" 304 -
INFO _internal.py:88 127.0.0.1 - - [11/Sep/2018 21:09:17] "GET /static/news/js/jquery-1.12.4.min.js HTTP/1.1" 304 -
INFO _internal.py:88 127.0.0.1 - - [11/Sep/2018 21:09:17] "GET /static/news/js/main.js HTTP/1.1" 304 -
INFO _internal.py:88 127.0.0.1 - - [11/Sep/2018 21:09:17] "GET /static/news/js/index.js HTTP/1.1" 304 -
INFO _internal.py:88 127.0.0.1 - - [11/Sep/2018 21:09:17] "GET /static/news/images/logo.png HTTP/1.1" 304 -
INFO _internal.py:88 127.0.0.1 - - [11/Sep/2018 21:09:17] "GET /static/news/images/person01.png HTTP/1.1" 304 -
INFO _internal.py:88 127.0.0.1 - - [11/Sep/2018 21:09:17] "GET /static/news/images/person.png HTTP/1.1" 304 -
INFO _internal.py:88 127.0.0.1 - - [11/Sep/2018 21:09:17] "GET /static/news/images/pic_code.png HTTP/1.1" 304 -
INFO _internal.py:88 127.0.0.1 - - [11/Sep/2018 21:09:17] "GET /static/news/images/news_pic.jpg HTTP/1.1" 304 -
INFO _internal.py:88 127.0.0.1 - - [11/Sep/2018 21:09:20] "POST /passport/logout HTTP/1.1" 200 -
INFO _internal.py:88 127.0.0.1 - - [11/Sep/2018 21:09:20] "GET / HTTP/1.1" 200 -
INFO _internal.py:88 127.0.0.1 - - [11/Sep/2018 21:09:20] "GET /static/news/css/reset.css HTTP/1.1" 304 -
INFO _internal.py:88 127.0.0.1 - - [11/Sep/2018 21:09:20] "GET /static/news/js/index.js HTTP/1.1" 304 -
INFO _internal.py:88 127.0.0.1 - - [11/Sep/2018 21:09:20] "GET /static/news/images/logo.png HTTP/1.1" 304 -
INFO _internal.py:88 127.0.0.1 - - [11/Sep/2018 21:09:20] "GET /static/news/css/main.css HTTP/1.1" 304 -
INFO _internal.py:88 127.0.0.1 - - [11/Sep/2018 21:09:20] "GET /static/news/js/jquery-1.12.4.min.js HTTP/1.1" 304 -
INFO _internal.py:88 127.0.0.1 - - [11/Sep/2018 21:09:20] "GET /static/news/js/main.js HTTP/1.1" 304 -
INFO _internal.py:88 127.0.0.1 - - [11/Sep/2018 21:09:20] "GET /static/news/images/news_pic.jpg HTTP/1.1" 304 -
INFO _internal.py:88 127.0.0.1 - - [11/Sep/2018 21:09:20] "GET /static/news/images/person.png HTTP/1.1" 304 -
INFO _internal.py:88 127.0.0.1 - - [11/Sep/2018 21:09:20] "GET /static/news/images/pic_code.png HTTP/1.1" 304 -
>>>>>>> 6a5b811e04d63d73d11ef9131f2c8533acfaa27d
